do run
loading script "jan_unknown400_120.py"
loading script "jan_pump_ms.py"
loading script "jan_co2.py"
loading script "jan_pump_extraction_line.py"
testing...
no interpolation path defined
executed 556.052928
script duration name:unknown400_120 seconds:556.0
loading script "jan_unknown400_120.py"
loading script "jan_pump_ms.py"
loading script "jan_co2.py"
loading script "jan_pump_extraction_line.py"
testing...
no interpolation path defined
executed 0
loading script "jan_unknown400_120.py"
loading script "jan_pump_ms.py"
loading script "jan_co2.py"
loading script "jan_pump_extraction_line.py"
testing...
no interpolation path defined
calculate duration
testing...
no interpolation path defined
executed 0
calculate duration
testing...
no interpolation path defined
executed 0
executed 0.0
script duration name:co2 seconds:0.0
loading script "jan_unknown400_120.py"
loading script "jan_pump_ms.py"
loading script "jan_co2.py"
loading script "jan_pump_extraction_line.py"
testing...
no interpolation path defined
calculate duration
testing...
no interpolation path defined
executed 4.0
executed 4.0
Script duration 556.0
Run total estimated duration= 557.000
run duration: 0:09:17
doing event level: 2
13:25:37 -- Setting default integration. t=1.048576
setting integration time = 1.048576
SetIntegrationTime 1.048576 ===>> OK
----------------- start -----------------
**************** Experiment Type: Ar/Ar, Ar/Ar
create new session 4430950032
close session 4430950032
$$$$$ Clearing conditionals
adding conditionals kevin
extract conditionals from file. /Users/jan/PychronDev/scripts/conditionals/kevin.yaml
no attr for this modification cd={'extraction_str': '', 'attr': '', 'mapper': '', 'use_termination': False, 'start_count': 0, 'nskip': 0, 'window': 0, 'frequency': 1, 'teststr': '', 'action': 'Skip Next Run', 'ntrips': 1, 'use_truncation': False}
no attr for this cancelation cd={'mapper': '', 'window': 0, 'frequency': 1, 'attr': '', 'teststr': '', 'start_count': 0, 'ntrips': 1}
adding truncation attr="Ar40" test="Ar40>5000.0" start="10"
adding truncation attr="age" test="age>25.0" start="50"
adding truncation attr="Ar39" test="Ar39.bs_corrected<0.5" start="50"
adding termination attr="Ar40" test="Ar40>5000.0" start="1"
Invalid conditional kind="pre_run_terminations"
no attr for this action cd={'mapper': '', 'attr': '', 'start_count': 0, 'window': 0, 'frequency': 1, 'teststr': '', 'action': None, 'ntrips': 1}
Invalid conditional kind="post_run_terminations"
Add queue conditionals
add default conditionals
adding default conditionals from /Users/jan/PychronDev/setupfiles/spectrometer/default_conditionals.yaml
Start automated run 65519-08
loading script "jan_unknown400_120.py"
loading script "jan_pump_ms.py"
loading script "jan_co2.py"
loading script "jan_pump_extraction_line.py"
%%%%%%%%%%%%%%%%%% setting automated run 65519-08
No value "sensitivity_multiplier" in metadata
$$$$$$$$$$$$$$$ auto_save_detector_ic=False
============================= Pre Extraction Check =============================
loading queue conditionals pre_run_terminations
loading system conditionals pre_run_terminations
loading conditionals from /Users/jan/PychronDev/setupfiles/spectrometer/default_conditionals.yaml
13:25:37 -- ******* Pre Extraction Check *******
Get a measurement from the spectrometer
GetData ===>> H2,-0.280462170448211,H1,-0.0584117394954341,AX,-0.105602188794025,L1,-0.031785736913395,L2,0.069...
Pre Extraction Termination data. keys=H2,H1,AX,L1,L2,CDD, signals=-0.28046,-0.05841,-0.10560,-0.03179,0.06920,0.00253
13:25:37 -- testing system defined conditionals
Checking default pre extraction terminations n=2
testing CDD
evaluate ot="CDD.inactive" t="CDD", ctx="{'CDD': False}"
GetDeflection CDD ===>> 50
testing CDD==2000
evaluate ot="CDD.deflection==2000" t="CDD==2000", ctx="{'CDD': 50.0}"
13:25:37 -- ******* Pre Extraction Check Passed *******
=================================================================================
13:25:37 -- stopping status monitor
stop 5064565776
Alive clients [4983293136]
13:25:37 -- starting status monitor
start 5064565776
Monitor already running
start extraction
do extraction
Analysis started at 13:25:37.638560
Extraction Started jan_co2.py
13:25:37 -- ******* Extraction Started jan_co2.py *******
state changed from not run to extraction
DO EXTRACTION <pychron.extraction_line.pyscript_runner.RemotePyScriptRunner object at 0x12b962cb0>
testing...
no interpolation path defined
calculate duration
testing...
no interpolation path defined
executed 0
calculate duration
testing...
no interpolation path defined
executed 0
executed 100.0
Jan CO2 laser analysis
doing GOSUB
testing...
no interpolation path defined
executed 0
Waiting for CO2 access
wait ('FelixCO2Flag', 0) {}
waiting for FelixCO2Flag = 0
Read FelixCO2Flag ===>> 0
finished waiting
CO2 free
wait ('CO2PumpTimeFlag', 0) {}
waiting for CO2PumpTimeFlag = 0
Read CO2PumpTimeFlag ===>> 0
finished waiting
acquire ('JanCO2Flag',) {'clear': True}
acquire JanCO2Flag
Set JanCO2Flag 1 ===>> OK
JanCO2Flag acquired
set extraction state False (0.75, 'red', 1.5)
CO2 acquired
executed 0
WaitForCO2Access.py completed successfully
gosub finished
doing GOSUB
testing...
no interpolation path defined
executed 0
Prepare for CO2 analysis
close () {'description': 'Jan Inlet'}
closing name=--- desc=Jan Inlet
checking ownership. requestor=129.138.12.150
check software interlocks R
interlocks []
actuate state mode=None-script, software_lock=False
doing actuation None-script close_channel False
Close R ===>> OK
GetValveState R ===>> False
change switch state (True, True)
update switch state R False args=() kw={} ncanvase=3
13:25:38 -- CLOSE  VALVE-R (Jan Inlet)
---------------------------------------- close None (Jan Inlet) result=[(True, True)]
action=close, ok=True, locked=[False]
open () {'description': 'Jan Ion Pump'}
opening name=--- desc=Jan Ion Pump
checking ownership. requestor=129.138.12.150
check software interlocks O
interlocks []
actuate state mode=None-script, software_lock=False
doing actuation None-script open_channel False
Open O ===>> OK
GetValveState O ===>> OK
change switch state (True, True)
update switch state O True args=() kw={} ncanvase=3
13:25:38 -- OPEN   VALVE-O (Jan Ion Pump)
---------------------------------------- open None (Jan Ion Pump) result=[(True, True)], time=0.13 sec
action=open, ok=True, locked=[False]
close () {'description': 'Microbone to Minibone'}
closing name=--- desc=Microbone to Minibone
checking ownership. requestor=129.138.12.150
check software interlocks L
interlocks []
actuate state mode=None-script, software_lock=False
doing actuation None-script close_channel False
Close L ===>> OK
GetValveState L ===>> False
change switch state (True, True)
update switch state L False args=() kw={} ncanvase=3
13:25:39 -- CLOSE  VALVE-L (Microbone to Minibone)
---------------------------------------- close None (Microbone to Minibone) result=[(True, True)]
Get Checksum: 2035211824
action=close, ok=True, locked=[False]
open () {'description': 'Microbone to Turbo'}
opening name=--- desc=Microbone to Turbo
checking ownership. requestor=129.138.12.150
check software interlocks U
interlocks []
actuate state mode=None-script, software_lock=False
doing actuation None-script open_channel False
Open U ===>> OK
GetValveState U ===>> OK
change switch state (True, True)
update switch state U True args=() kw={} ncanvase=3
13:25:39 -- OPEN   VALVE-U (Microbone to Turbo)
---------------------------------------- open None (Microbone to Turbo) result=[(True, True)], time=0.18 sec
action=open, ok=True, locked=[False]
open () {'description': 'Microbone to Inlet Pipette'}
opening name=--- desc=Microbone to Inlet Pipette
checking ownership. requestor=129.138.12.150
check software interlocks S
interlocks []
actuate state mode=None-script, software_lock=False
doing actuation None-script open_channel False
Open S ===>> OK
GetValveState S ===>> OK
change switch state (True, True)
update switch state S True args=() kw={} ncanvase=3
13:25:40 -- OPEN   VALVE-S (Microbone to Inlet Pipette)
---------------------------------------- open None (Microbone to Inlet Pipette) result=[(True, True)], time=0.44 sec
action=open, ok=True, locked=[False]
open () {'description': 'Microbone to Getter D-50'}
opening name=--- desc=Microbone to Getter D-50
checking ownership. requestor=129.138.12.150
check software interlocks K
interlocks []
actuate state mode=None-script, software_lock=False
doing actuation None-script open_channel False
Open K ===>> OK
GetValveState K ===>> OK
change switch state (True, True)
update switch state K True args=() kw={} ncanvase=3
13:25:40 -- OPEN   VALVE-K (Microbone to Getter D-50)
---------------------------------------- open None (Microbone to Getter D-50) result=[(True, True)], time=0.42 sec
action=open, ok=True, locked=[False]
open () {'description': 'Microbone to Getter NP-10'}
opening name=--- desc=Microbone to Getter NP-10
checking ownership. requestor=129.138.12.150
check software interlocks M
interlocks []
actuate state mode=None-script, software_lock=False
doing actuation None-script open_channel False
Open M ===>> OK
GetValveState M ===>> OK
change switch state (True, True)
update switch state M True args=() kw={} ncanvase=3
13:25:41 -- OPEN   VALVE-M (Microbone to Getter NP-10)
---------------------------------------- open None (Microbone to Getter NP-10) result=[(True, True)], time=0.15 sec
action=open, ok=True, locked=[False]
close () {'description': 'CO2 Laser to Felix'}
closing name=--- desc=CO2 Laser to Felix
checking ownership. requestor=129.138.12.150
check software interlocks F
interlocks []
actuate state mode=None-script, software_lock=True
VALVE-F(CO2 Laser to Felix) software locked
change switch state (True, False)
---------------------------------------- close None (CO2 Laser to Felix) result=[(True, False)]
action=close, ok=True, locked=[True]
open () {'description': 'CO2 Laser to Jan'}
opening name=--- desc=CO2 Laser to Jan
checking ownership. requestor=129.138.12.150
check software interlocks A
interlocks []
actuate state mode=None-script, software_lock=False
doing actuation None-script open_channel False
Open A ===>> OK
GetValveState A ===>> OK
change switch state (True, True)
update switch state A True args=() kw={} ncanvase=3
13:25:41 -- OPEN   VALVE-A (CO2 Laser to Jan)
---------------------------------------- open None (CO2 Laser to Jan) result=[(True, True)], time=0.14 sec
action=open, ok=True, locked=[False]
open () {'description': 'Microbone to CO2 Laser'}
opening name=--- desc=Microbone to CO2 Laser
checking ownership. requestor=129.138.12.150
check software interlocks T
interlocks []
actuate state mode=None-script, software_lock=False
doing actuation None-script open_channel False
Open T ===>> OK
GetValveState T ===>> OK
change switch state (True, True)
update switch state T True args=() kw={} ncanvase=3
13:25:42 -- OPEN   VALVE-T (Microbone to CO2 Laser)
---------------------------------------- open None (Microbone to CO2 Laser) result=[(True, True)], time=0.45 sec
Get Checksum: 2035211824
action=open, ok=True, locked=[False]
executed 0
PrepareForCO2Analysis.py completed successfully
gosub finished
set_motor ('beam', '1.25') {}
setting motor "beam" to 1.25
set motor beam to 1.25
SetMotor beam,1.25 ===>> OK
GetMotorMoving beam ===>> False
GetMotorMoving beam ===>> False
Block completed
move_to_position ('8',) {'autocenter': True}
FusionsCO2 move to position 8
sending GoToHole 8,True
GoToHole 8,True ===>> OK
GetDriveMoving ===>> OK
GetDriveMoving ===>> OK
GetDriveMoving ===>> OK
GetDriveMoving ===>> OK
Get Checksum: 2035211824
GetDriveMoving ===>> OK
GetDriveMoving ===>> OK
GetDriveMoving ===>> False
GetDriveMoving ===>> OK
GetDriveMoving ===>> OK
GetDriveMoving ===>> OK
GetDriveMoving ===>> False
Block completed
GetAutoCorrecting ===>> False
GetAutoCorrecting ===>> False
Block completed
update position
GetPosition ===>> -3.98780,13.95730,1.00000
got position (-3.9878, 13.9573, 1.0)
move to position succeeded
sleep (5,) {}
SLEEP 5.0
block started
WaitControl setup for 5.0  
Get Checksum: 2035211824
Get Checksum: 2035211824
Join finished
block finished. duration 5.00872397423
close () {'description': 'Microbone to Turbo'}
closing name=--- desc=Microbone to Turbo
checking ownership. requestor=129.138.12.150
check software interlocks U
interlocks []
actuate state mode=None-script, software_lock=False
doing actuation None-script close_channel True
Close U ===>> OK
GetValveState U ===>> False
change switch state (True, True)
update switch state U False args=() kw={} ncanvase=3
13:25:53 -- CLOSE  VALVE-U (Microbone to Turbo)
---------------------------------------- close None (Microbone to Turbo) result=[(True, True)]
action=close, ok=True, locked=[False]
enable laser
enable () {}
set extraction state FusionsCO2 Enabled (False, 'red', 1.5)
enabling laser
Enable ===>> OK
begin interval
BEGIN INTERVAL Interval 1 waiting for 30.0
block started
set extract to 5.0
WaitControl setup for 30.0  
extract (5.0,) {}
GetPosition ===>> -3.98780,13.95730,1.00000
set extraction state FusionsCO2 ON! 5.0(watts) (0.75, 'red', 1.5)
extract sample to 5.0 (watts)
set laser output
SetLaserOutput 5.0,watts ===>> OK
executing pattern triangle.lp
execute_pattern ('triangle.lp',) {}
executing pattern triangle.lp
Get Checksum: 1223320555
IsPatterning ===>> OK
IsPatterning ===>> OK
IsPatterning ===>> OK
Get Checksum: 1223320555
IsPatterning ===>> OK
IsPatterning ===>> OK
Get Checksum: 1223320555
IsPatterning ===>> OK
IsPatterning ===>> OK
IsPatterning ===>> OK
Get Checksum: 1223320555
IsPatterning ===>> OK
IsPatterning ===>> OK
IsPatterning ===>> OK
Get Checksum: 1223320555
IsPatterning ===>> OK
IsPatterning ===>> OK
IsPatterning ===>> OK
Get Checksum: 1223320555
IsPatterning ===>> OK
IsPatterning ===>> OK
IsPatterning ===>> OK
Get Checksum: 1223320555
IsPatterning ===>> OK
IsPatterning ===>> OK
IsPatterning ===>> OK
Get Checksum: 1223320555
IsPatterning ===>> OK
IsPatterning ===>> OK
IsPatterning ===>> OK
Get Checksum: 1223320555
IsPatterning ===>> OK
IsPatterning ===>> OK
IsPatterning ===>> OK
Get Checksum: 1223320555
IsPatterning ===>> OK
IsPatterning ===>> False
Join finished
block finished. duration 30.0365359783
Interval 1 finished
IsPatterning ===>> False
Block completed
COMPLETE INTERVAL waiting for Interval 1 to complete
end_extract () {}
ending extraction. set laser power to 0
set laser power 0
SetLaserPower 0 ===>> OK
disable () {}
%%%%%%%%%%%%%%%%%%%%%%%%%%%%%%%%%%% disable
set extraction state False (0.75, 'red', 1.5)
disabling laser
Disable ===>> OK
sleep (30.0,) {}
SLEEP 30.0
block started
WaitControl setup for 30.0  
Get Checksum: 1223320555
Get Checksum: 1223320555
Get Checksum: 1223320555
Get Checksum: 1223320555
Get Checksum: 1223320555
Get Checksum: 1223320555
Get Checksum: 1223320555
Get Checksum: 1223320555
Get Checksum: 1223320555
Get Checksum: 1223320555
Join finished
block finished. duration 30.032640934
executed 165.0
jan_co2.py completed successfully
GetAchievedOutput ===>> No Response
Requested Output= 0.000
Achieved Output=  0.000
GetResponseBlob ===>> No Response
GetOutputBlob ===>> No Response
persistence save...
persistence save - db
AutomatedRunPersister post_extraction_save deprecated
persistence save - dvc
no extraction position for 8
create new session 4983039568
close session 4983039568
Extraction Finished
13:26:54 -- ******* Extraction Finished *******
no overlap. not waiting for min ms pumptime
13:26:54 -- Sending spectrometer configuration
======== Sending configuration ========
SetDeflection CDD,50.0 ===>> OK
SetDeflection H2,0.0 ===>> OK
SetDeflection H1,0.0 ===>> OK
SetDeflection L2,825.0 ===>> OK
SetDeflection L1,400.0 ===>> OK
SetDeflection AX,190.0 ===>> OK
SetZFocus 74.64 ===>> OK
SetZSymmetry -50.72 ===>> OK
SetExtractionLens 26.13 ===>> OK
SetIonRepeller -3.81 ===>> OK
SetElectronEnergy 75.08 ===>> OK
SetYSymmetry -2.81 ===>> OK
SetIonCounterVoltage 1590.0 ===>> OK
send trap current 200.0
GetParameter Trap Current Readback ===>> 198.147042666178
SetParameter Trap Current Set,200.0 ===>> OK
updating mftable name mftable
Using mftable located at /Users/jan/PychronDev/setupfiles/spectrometer/mftables/mftable.csv
============ MFtable ===========
Isotope  H2     H1     AX     L1     L2     CDD    
Ar40     5.7712 5.8791 5.9923 6.1112 6.2310 6.3394
Ar39     5.6705 5.7713 5.8848 5.9972 6.1161 6.2259
Ar36     5.3480 5.4404 5.5481 5.6561 5.7711 5.8770
================================
get initial guess parabolic
get initial guess parabolic
get initial guess parabolic
get initial guess parabolic
get initial guess parabolic
get initial guess parabolic
======== Configuration Finished ========
GetYSymmetry ===>> -2.81
GetZSymmetry ===>> -50.72
GetParameter Trap Current Readback ===>> 198.147042666178
GetHighVoltage ===>> 4499.94659342336
start measurement
do measurement
L#=65519 analysis type=unknown
Measurement Started jan_unknown400_120.py
13:26:54 -- ******* Measurement Started jan_unknown400_120.py *******
state changed from extraction to measurement
setting spec, defl, and gains
GetExtractionLens ===>> 26.13
GetYSymmetry ===>> -2.81
GetZSymmetry ===>> -50.72
GetZFocus ===>> 74.64
GetDeflection H2 ===>> 0
GetDeflection H1 ===>> 0
GetDeflection AX ===>> 190
GetDeflection L1 ===>> 400
GetDeflection L2 ===>> 825
GetDeflection CDD ===>> 50
GetGain H2 ===>> 0.0113
GetGain H1 ===>> 0.1
GetGain AX ===>> 0.097049
GetGain L1 ===>> 0.010355
GetGain L2 ===>> 0.095649
GetGain CDD ===>> 0
pre measurement save
New frame /Users/jan/PychronDev/data/isotopes/26/16c62b-69f7-4604-8c3c-b99a4e250dd7.h5
flush and close file /Users/jan/PychronDev/data/isotopes/26/16c62b-69f7-4604-8c3c-b99a4e250dd7.h5
testing...
no interpolation path defined
executed 568.532928
unknown measurement script
activate_detectors ('H2', 'H1', 'AX', 'L1', 'L2', 'CDD') {}
activate detectors
*************** Set Analysis View Ar/Ar
create graphs
clearing graphs
clear isotope group
setting isotope det=H2, iso=PM41
setting isotope det=H1, iso=Ar40
setting isotope det=AX, iso=Ar39
setting isotope det=L1, iso=Ar38
setting isotope det=L2, iso=Ar37
setting isotope det=CDD, iso=Ar36
setting previous blanks
 - setting Ar40 blank 0.714+/-0.007
 - setting Ar36 blank 0.00591+/-0.00018
 - setting Ar37 blank 0.037+/-0.005
 - setting Ar38 blank 0.0064+/-0.0021
 - setting PM41 blank -0.01+/-0.07
 - setting Ar39 blank 0.017+/-0.009
load analysis view
position_magnet ('Ar40',) {'detector': 'H1'}
detector Detector(H1)
POSITION Ar40 H1
setting detector H2 to PM41 (40.9624)
setting detector H1 to Ar40 (39.9624)
setting detector AX to Ar39 (38.9624)
setting detector L1 to Ar38 (37.9624)
setting detector L2 to Ar37 (36.9624)
setting detector CDD to Ar36 (35.9624)
Mapping mass to dac mass func: "parabolic"
H1 map mass coeffs = [-0.00063987  0.15840543  0.57068999]
H1 map mass to dac 39.9624 >> 5.87908
GetDeflection H1 ===>> 0
GetHighVoltage ===>> 4499.94659342336
positioning Ar40 (5.87904537865) on H1
setting magnet DAC
current  : 5.879046
requested: 5.879045
Delta Dac: 0.000000
Checking detector protection. dv=0.00000
Checking detector "CDD". Protection Threshold: 0.1 (V)
SetMagnetDAC 5.87904537865 ===>> OK
Magnet settling time: 0.500
equilibrate () {'delay': 3, 'inlet': 'R', 'outlet': 'O', 'eqtime': 12.0}
Equilibration Started
13:26:56 -- ******* Equilibration Started *******
checking ownership. requestor=129.138.12.150
check software interlocks O
interlocks []
actuate state mode=None-script, software_lock=False
doing actuation None-script close_channel True
Close O ===>> OK
GetValveState O ===>> False
change switch state (True, True)
update switch state O False args=() kw={} ncanvase=3
13:26:56 -- CLOSE  VALVE-O (Jan Ion Pump)
waiting 3s before opening inlet value ('R',)
Get Checksum: 1281862853
checking ownership. requestor=129.138.12.150
check software interlocks R
interlocks []
actuate state mode=None-script, software_lock=False
doing actuation None-script open_channel True
Open R ===>> OK
GetValveState R ===>> OK
change switch state (True, True)
update switch state R True args=() kw={} ncanvase=3
13:26:59 -- OPEN   VALVE-R (Jan Inlet)
set_time_zero () {}
equilibrating for 12.0sec
sniff (12.0,) {}
py_sniff
build tables- sniff [Detector(H2), Detector(H1), Detector(AX), Detector(L1), Detector(L2), Detector(CDD)]
add group /sniff/PM41 (Group) '' table H2
add group /sniff/Ar40 (Group) '' table H1
add group /sniff/Ar39 (Group) '' table AX
add group /sniff/Ar38 (Group) '' table L1
add group /sniff/Ar37 (Group) '' table L2
add group /sniff/Ar36 (Group) '' table CDD
flush and close file /Users/jan/PychronDev/data/isotopes/26/16c62b-69f7-4604-8c3c-b99a4e250dd7.h5
measuring sniff. ncounts=12.0
Get Checksum: 594863745
starting measurement
GetData ===>> H2,-0.143975563697137,H1,-0.00773200928387825,AX,0.0595221068950668,L1,-0.0435712237601915,L2,-0....
GetData ===>> H2,0.895509218651946,H1,0.679718325277334,AX,1.0321020381131,L1,0.108375198870032,L2,0.2962784024...
GetData ===>> H2,0.609020696663574,H1,1.21991992033721,AX,0.660576160034567,L1,0.124183478469213,L2,0.325335765...
Get Checksum: 594863745
GetData ===>> H2,0.197639544345049,H1,1.27269727470416,AX,0.458659022804403,L1,0.097840212873715,L2,0.180320148...
GetData ===>> H2,0.0286320503936894,H1,1.27110119110017,AX,0.356435915427856,L1,0.0979017158680751,L2,0.2075555...
GetData ===>> H2,-0.0598170955800236,H1,1.38226343078187,AX,0.31946425112505,L1,0.0668697656708277,L2,0.1966239...
Get Checksum: 594863745
GetData ===>> H2,-0.0978796466765319,H1,1.44597337601315,AX,0.201141400026345,L1,-0.0128335266508698,L2,0.14460...
GetData ===>> H2,-0.0685227290430574,H1,1.43092595322221,AX,0.14795344765385,L1,1.92056642816704E-05,L2,0.10351...
GetData ===>> H2,0.000437995738029674,H1,1.35565642078179,AX,0.250357177512586,L1,-0.0170043111324375,L2,0.1026...
Get Checksum: 594863745
GetData ===>> H2,0.0133812244741325,H1,1.43594551422261,AX,0.23907430347191,L1,0.0256020477118238,L2,0.24342863...
GetData ===>> H2,-0.0140103232702885,H1,1.44041289352741,AX,0.176535024759251,L1,-0.00451398707990893,L2,0.2156...
Equilibration Finished
13:27:11 -- ******* Equilibration Finished *******
checking ownership. requestor=129.138.12.150
check software interlocks R
interlocks []
actuate state mode=None-script, software_lock=False
doing actuation None-script close_channel True
GetData ===>> H2,-0.060356792337431,H1,1.53587235153145,AX,0.254640832877157,L1,-0.00489665926784825,L2,0.16160...
Close R ===>> OK
set states for children of R. state=False
handle state [('R', False)]
update switch state R False args=() kw={'refresh': False} ncanvase=3
refresh_canvas_needed fired
Get Checksum: 1281862853
GetValveState R ===>> False
change switch state (True, True)
update switch state R False args=() kw={} ncanvase=3
13:27:12 -- CLOSE  VALVE-R (Jan Inlet)
Post Equilibration Started jan_pump_extraction_line.py
13:27:12 -- ******* Post Equilibration Started jan_pump_extraction_line.py *******
testing...
no interpolation path defined
calculate duration
testing...
no interpolation path defined
executed 4.0
executed 4.0
Pump after analysis
doing GOSUB
testing...
no interpolation path defined
executed 4.0
Pump Microbone
close () {'description': 'Jan Inlet'}
closing name=--- desc=Jan Inlet
checking ownership. requestor=129.138.12.150
check software interlocks R
interlocks []
actuate state mode=None-script, software_lock=False
doing actuation None-script close_channel False
Close R ===>> OK
measurement finished
estimated time: 12.583 actual time: :12.657
flush and close file /Users/jan/PychronDev/data/isotopes/26/16c62b-69f7-4604-8c3c-b99a4e250dd7.h5
set_fits () {}
using default fits file=/Users/jan/PychronDev/scripts/measurement/fits/nominal.yaml
set "Ar40" to "('Parabolic', 'SEM')"
No fit for "PM41". defaulting to linear. check the measurement script "jan_unknown400_120.py"
set "PM41" to "linear"
set "Ar36" to "('Parabolic', 'SEM')"
set "Ar37" to "('linear', 'SEM')"
set "Ar38" to "('linear', 'SEM')"
set "Ar39" to "('Parabolic', 'SEM')"
set_baseline_fits () {}
using default fits file=/Users/jan/PychronDev/scripts/measurement/fits/nominal.yaml
set "H1" to "('average', 'SEM')"
set "H2" to "('average', 'SEM')"
set "CDD" to "('average', 'SEM')"
set "L2" to "('average', 'SEM')"
set "L1" to "('average', 'SEM')"
set "AX" to "('average', 'SEM')"
multicollect () {'integration_time': 1, 'ncounts': 400}
build tables- signal [Detector(H2), Detector(H1), Detector(AX), Detector(L1), Detector(L2), Detector(CDD)]
add group /signal/PM41 (Group) '' table H2
add group /signal/Ar40 (Group) '' table H1
add group /signal/Ar39 (Group) '' table AX
add group /signal/Ar38 (Group) '' table L1
add group /signal/Ar37 (Group) '' table L2
add group /signal/Ar36 (Group) '' table CDD
flush and close file /Users/jan/PychronDev/data/isotopes/26/16c62b-69f7-4604-8c3c-b99a4e250dd7.h5
measuring signal. ncounts=400
GetValveState R ===>> False
change switch state (True, True)
update switch state R False args=() kw={} ncanvase=3
13:27:12 -- CLOSE  VALVE-R (Jan Inlet)
---------------------------------------- close None (Jan Inlet) result=[(True, True)]
action=close, ok=True, locked=[False]
is_closed ('F',) {}
is F () closed?
is closed True
open () {'description': 'CO2 Laser to Jan'}
opening name=--- desc=CO2 Laser to Jan
checking ownership. requestor=129.138.12.150
check software interlocks A
interlocks []
actuate state mode=None-script, software_lock=False
doing actuation None-script open_channel False
Open A ===>> OK
GetValveState A ===>> OK
change switch state (True, True)
update switch state A True args=() kw={} ncanvase=3
13:27:13 -- OPEN   VALVE-A (CO2 Laser to Jan)
---------------------------------------- open None (CO2 Laser to Jan) result=[(True, True)], time=0.16 sec
starting measurement
GetData ===>> H2,0.000666374456882069,H1,1.57683527313688,AX,0.303864137579363,L1,-0.00454277796994324,L2,0.164...
action=open, ok=True, locked=[False]
sleep (1,) {}
SLEEP 1.0
testing Ar40>5000.0
evaluate ot="Ar40>5000.0" t="Ar40>5000.0", ctx="{'Ar40': 0.8553478801145972}"
GetData ===>> H2,-0.0558323111483805,H1,1.5330835821828,AX,0.209991460098097,L1,0.0273950889899657,L2,0.0977485...
close () {'description': 'CO2 Laser to Roughing'}
closing name=--- desc=CO2 Laser to Roughing
checking ownership. requestor=129.138.12.150
check software interlocks G
interlocks []
actuate state mode=None-script, software_lock=True
VALVE-G(CO2 Laser to Roughing) software locked
change switch state (True, False)
---------------------------------------- close None (CO2 Laser to Roughing) result=[(True, False)]
action=close, ok=True, locked=[True]
open () {'description': 'Microbone to Turbo'}
opening name=--- desc=Microbone to Turbo
checking ownership. requestor=129.138.12.150
check software interlocks U
interlocks []
actuate state mode=None-script, software_lock=False
doing actuation None-script open_channel True
Open U ===>> OK
GetValveState U ===>> OK
change switch state (True, True)
update switch state U True args=() kw={} ncanvase=3
13:27:14 -- OPEN   VALVE-U (Microbone to Turbo)
---------------------------------------- open None (Microbone to Turbo) result=[(True, True)], time=0.15 sec
action=open, ok=True, locked=[False]
open () {'description': 'Microbone to Getter NP-10'}
opening name=--- desc=Microbone to Getter NP-10
checking ownership. requestor=129.138.12.150
check software interlocks M
interlocks []
actuate state mode=None-script, software_lock=False
doing actuation None-script open_channel False
Open M ===>> OK
GetValveState M ===>> OK
change switch state (True, True)
update switch state M True args=() kw={} ncanvase=3
13:27:15 -- OPEN   VALVE-M (Microbone to Getter NP-10)
---------------------------------------- open None (Microbone to Getter NP-10) result=[(True, True)], time=0.15 sec
action=open, ok=True, locked=[False]
open () {'description': 'Microbone to Getter D-50'}
opening name=--- desc=Microbone to Getter D-50
checking ownership. requestor=129.138.12.150
check software interlocks K
interlocks []
actuate state mode=None-script, software_lock=False
doing actuation None-script open_channel False
Get Checksum: 799532470
testing Ar40>5000.0
evaluate ot="Ar40>5000.0" t="Ar40>5000.0", ctx="{'Ar40': -0.6451467083071427}"
GetData ===>> H2,-0.120445561142222,H1,1.49686062792209,AX,0.147036468461891,L1,0.00209450015810895,L2,0.176680...
Open K ===>> OK
GetValveState K ===>> OK
change switch state (True, True)
update switch state K True args=() kw={} ncanvase=3
13:27:15 -- OPEN   VALVE-K (Microbone to Getter D-50)
---------------------------------------- open None (Microbone to Getter D-50) result=[(True, True)], time=0.41 sec
action=open, ok=True, locked=[False]
open () {'description': 'Microbone to CO2 Laser'}
opening name=--- desc=Microbone to CO2 Laser
checking ownership. requestor=129.138.12.150
check software interlocks T
interlocks []
actuate state mode=None-script, software_lock=False
doing actuation None-script open_channel False
Open T ===>> OK
GetValveState T ===>> OK
change switch state (True, True)
update switch state T True args=() kw={} ncanvase=3
13:27:16 -- OPEN   VALVE-T (Microbone to CO2 Laser)
---------------------------------------- open None (Microbone to CO2 Laser) result=[(True, True)], time=0.43 sec
testing Ar40>5000.0
evaluate ot="Ar40>5000.0" t="Ar40>5000.0", ctx="{'Ar40': 2.1608198351418366}"
GetData ===>> H2,-0.107520707905068,H1,1.56187652847766,AX,0.152805455906562,L1,-0.00463394857855983,L2,0.24068...
action=open, ok=True, locked=[False]
open () {'description': 'Microbone to Inlet Pipette'}
opening name=--- desc=Microbone to Inlet Pipette
checking ownership. requestor=129.138.12.150
check software interlocks S
interlocks []
actuate state mode=None-script, software_lock=False
doing actuation None-script open_channel False
Open S ===>> OK
GetValveState S ===>> OK
change switch state (True, True)
update switch state S True args=() kw={} ncanvase=3
13:27:17 -- OPEN   VALVE-S (Microbone to Inlet Pipette)
---------------------------------------- open None (Microbone to Inlet Pipette) result=[(True, True)], time=0.41 sec
action=open, ok=True, locked=[False]
sleep (1,) {}
SLEEP 1.0
testing Ar40>5000.0
evaluate ot="Ar40>5000.0" t="Ar40>5000.0", ctx="{'Ar40': 6.781142020974218}"
GetData ===>> H2,-0.118477240577077,H1,1.50127062387455,AX,0.116757789425487,L1,0.0120491394099307,L2,0.1296808...
set_resource () {'name': 'CO2PumpTimeFlag', 'value': 30}
Set CO2PumpTimeFlag 30 ===>> OK
release ('JanCO2Flag',) {}
release JanCO2Flag
Set JanCO2Flag 0 ===>> OK
executed 6.0
PumpMicrobone.py completed successfully
gosub finished
get_resource_value () {'name': 'JanMiniboneFlag'}
Read JanMiniboneFlag ===>> 0
Get Resource Value JanMiniboneFlag=0.0
get resource value 0.0
get_resource_value () {'name': 'JanMiniboneFlag'}
Read JanMiniboneFlag ===>> 0
Get Resource Value JanMiniboneFlag=0.0
executed 4.0
jan_pump_extraction_line.py completed successfully
Post Equilibration Finished
13:27:18 -- ******* Post Equilibration Finished *******
Get Checksum: 799532470
testing Ar40>5000.0
evaluate ot="Ar40>5000.0" t="Ar40>5000.0", ctx="{'Ar40': 2.13627459245972}"
GetData ===>> H2,-0.171610352897511,H1,1.54057256400908,AX,0.245632605246734,L1,-0.0247632536105037,L2,0.126750...
testing Ar40>5000.0
evaluate ot="Ar40>5000.0" t="Ar40>5000.0", ctx="{'Ar40': 2.322406553390772}"
GetData ===>> H2,-0.204705013082257,H1,1.58611946803944,AX,0.206402559324865,L1,-0.0201747875502242,L2,0.097053...
testing Ar40>5000.0
evaluate ot="Ar40>5000.0" t="Ar40>5000.0", ctx="{'Ar40': 2.5883252670881522}"
GetData ===>> H2,-0.112456526214001,H1,1.60468941026799,AX,0.261351110498981,L1,0.0161145801332143,L2,0.1630838...
Get Checksum: 799532470
testing Ar40>5000.0
evaluate ot="Ar40>5000.0" t="Ar40>5000.0", ctx="{'Ar40': 2.3238155978567425}"
GetData ===>> H2,0.00880398829830906,H1,1.57394916900853,AX,0.188982588959061,L1,0.0106555486352108,L2,0.165057...
testing Ar40>5000.0
evaluate ot="Ar40>5000.0" t="Ar40>5000.0", ctx="{'Ar40': 1.6282716313899974}"
GetData ===>> H2,-0.152147137730128,H1,1.58484464456314,AX,0.277501786648527,L1,0.00109460853377033,L2,0.078521...
testing Ar40>5000.0
evaluate ot="Ar40>5000.0" t="Ar40>5000.0", ctx="{'Ar40': 1.3104524048590007}"
testing Ar40>5000.0
evaluate ot="Ar40>5000.0" t="Ar40>5000.0", ctx="{'Ar40': 1.3104524048590007}"
GetData ===>> H2,-0.158328273273048,H1,1.66214973896952,AX,0.156183432090368,L1,-0.01252547375722,L2,0.13749170...
Get Checksum: 799532470
testing Ar40>5000.0
evaluate ot="Ar40>5000.0" t="Ar40>5000.0", ctx="{'Ar40': 1.4716466155197043}"
testing Ar40>5000.0
evaluate ot="Ar40>5000.0" t="Ar40>5000.0", ctx="{'Ar40': 1.4716466155197043}"
GetData ===>> H2,-0.108607064515612,H1,1.63975074506137,AX,0.174863085047886,L1,-0.00292076283556833,L2,0.17446...
testing Ar40>5000.0
evaluate ot="Ar40>5000.0" t="Ar40>5000.0", ctx="{'Ar40': 1.2968778481143022}"
testing Ar40>5000.0
evaluate ot="Ar40>5000.0" t="Ar40>5000.0", ctx="{'Ar40': 1.2968778481143022}"
GetData ===>> H2,-0.155508941866113,H1,1.58922240759172,AX,0.197599278388858,L1,0.00953937463546095,L2,0.207566...
testing Ar40>5000.0
evaluate ot="Ar40>5000.0" t="Ar40>5000.0", ctx="{'Ar40': 0.9584694978679275}"
testing Ar40>5000.0
evaluate ot="Ar40>5000.0" t="Ar40>5000.0", ctx="{'Ar40': 0.9584694978679275}"
GetData ===>> H2,-0.25103736760941,H1,1.49778586994296,AX,0.119519501884547,L1,-0.00359263512553319,L2,0.100928...
Get Checksum: 799532470
testing Ar40>5000.0
evaluate ot="Ar40>5000.0" t="Ar40>5000.0", ctx="{'Ar40': 0.5146879850550529}"
testing Ar40>5000.0
evaluate ot="Ar40>5000.0" t="Ar40>5000.0", ctx="{'Ar40': 0.5146879850550529}"
GetData ===>> H2,-0.190502813016296,H1,1.55701902097432,AX,0.217506512204008,L1,-0.0271022300871057,L2,0.120810...
testing Ar40>5000.0
evaluate ot="Ar40>5000.0" t="Ar40>5000.0", ctx="{'Ar40': 0.47780270235151445}"
testing Ar40>5000.0
evaluate ot="Ar40>5000.0" t="Ar40>5000.0", ctx="{'Ar40': 0.47780270235151445}"
GetData ===>> H2,-0.211533471918015,H1,1.6236909734342,AX,0.0838785410150301,L1,-0.0363128404988488,L2,0.154472...
testing Ar40>5000.0
evaluate ot="Ar40>5000.0" t="Ar40>5000.0", ctx="{'Ar40': 0.6202665908699382}"
testing Ar40>5000.0
evaluate ot="Ar40>5000.0" t="Ar40>5000.0", ctx="{'Ar40': 0.6202665908699382}"
GetData ===>> H2,-0.139500989825759,H1,1.63604811593185,AX,0.170822682529068,L1,-0.0429294394359435,L2,0.200423...
Get Checksum: 799532470
testing Ar40>5000.0
evaluate ot="Ar40>5000.0" t="Ar40>5000.0", ctx="{'Ar40': 0.718143614579201}"
testing Ar40>5000.0
evaluate ot="Ar40>5000.0" t="Ar40>5000.0", ctx="{'Ar40': 0.718143614579201}"
GetData ===>> H2,-0.223764554883284,H1,1.61687595956514,AX,0.168187222905811,L1,-0.00581789189900568,L2,0.27765...
testing Ar40>5000.0
evaluate ot="Ar40>5000.0" t="Ar40>5000.0", ctx="{'Ar40': 0.7343372826040796}"
testing Ar40>5000.0
evaluate ot="Ar40>5000.0" t="Ar40>5000.0", ctx="{'Ar40': 0.7343372826040796}"
GetData ===>> H2,-0.203076784410772,H1,1.64287644682208,AX,0.213185576807844,L1,-0.00500821926774603,L2,0.09395...
testing Ar40>5000.0
evaluate ot="Ar40>5000.0" t="Ar40>5000.0", ctx="{'Ar40': 0.7769797347413959}"
testing Ar40>5000.0
evaluate ot="Ar40>5000.0" t="Ar40>5000.0", ctx="{'Ar40': 0.7769797347413959}"
GetData ===>> H2,-0.10256381769548,H1,1.66065872289065,AX,0.24101272902683,L1,-0.015283153884575,L2,0.180514089...
Get Checksum: 799532470
testing Ar40>5000.0
evaluate ot="Ar40>5000.0" t="Ar40>5000.0", ctx="{'Ar40': 0.8173376990561462}"
testing Ar40>5000.0
evaluate ot="Ar40>5000.0" t="Ar40>5000.0", ctx="{'Ar40': 0.8173376990561462}"
GetData ===>> H2,-0.115438187008727,H1,1.63850049146317,AX,0.250078572302172,L1,-0.0115269339976537,L2,0.141334...
testing Ar40>5000.0
evaluate ot="Ar40>5000.0" t="Ar40>5000.0", ctx="{'Ar40': 0.8063439397635758}"
testing Ar40>5000.0
evaluate ot="Ar40>5000.0" t="Ar40>5000.0", ctx="{'Ar40': 0.8063439397635758}"
GetData ===>> H2,-0.106819864822876,H1,1.66353255582596,AX,0.200340056320328,L1,0.00618439608475948,L2,0.131414...
Get Checksum: 799532470
testing Ar40>5000.0
evaluate ot="Ar40>5000.0" t="Ar40>5000.0", ctx="{'Ar40': 0.819350896710937}"
testing Ar40>5000.0
evaluate ot="Ar40>5000.0" t="Ar40>5000.0", ctx="{'Ar40': 0.819350896710937}"
GetData ===>> H2,-0.112015233466423,H1,1.71750125662185,AX,0.294305509893248,L1,-0.0411499498715216,L2,0.129851...
testing Ar40>5000.0
evaluate ot="Ar40>5000.0" t="Ar40>5000.0", ctx="{'Ar40': 0.871555787290755}"
testing Ar40>5000.0
evaluate ot="Ar40>5000.0" t="Ar40>5000.0", ctx="{'Ar40': 0.871555787290755}"
GetData ===>> H2,-0.117131010432361,H1,1.70696264435206,AX,0.220817035882937,L1,-0.0318492068054029,L2,0.184643...
testing Ar40>5000.0
evaluate ot="Ar40>5000.0" t="Ar40>5000.0", ctx="{'Ar40': 0.8847717749035676}"
testing Ar40>5000.0
evaluate ot="Ar40>5000.0" t="Ar40>5000.0", ctx="{'Ar40': 0.8847717749035676}"
13:27:38 -- collecting point 25
GetData ===>> H2,-0.0997102231249723,H1,1.76628674421024,AX,0.143554347624666,L1,-0.0360061003039465,L2,0.25983...
Get Checksum: 799532470
testing Ar40>5000.0
evaluate ot="Ar40>5000.0" t="Ar40>5000.0", ctx="{'Ar40': 0.9308241545714754}"
testing Ar40>5000.0
evaluate ot="Ar40>5000.0" t="Ar40>5000.0", ctx="{'Ar40': 0.9308241545714754}"
GetData ===>> H2,-0.118438005976838,H1,1.72382976476901,AX,0.137611815542773,L1,-0.00101168101230418,L2,0.12462...
testing Ar40>5000.0
evaluate ot="Ar40>5000.0" t="Ar40>5000.0", ctx="{'Ar40': 0.9172932378492326}"
testing Ar40>5000.0
evaluate ot="Ar40>5000.0" t="Ar40>5000.0", ctx="{'Ar40': 0.9172932378492326}"
GetData ===>> H2,-0.103354250340549,H1,1.77249793515781,AX,0.173411771755599,L1,0.00578129789051486,L2,0.201690...
testing Ar40>5000.0
evaluate ot="Ar40>5000.0" t="Ar40>5000.0", ctx="{'Ar40': 0.9312479646368471}"
testing Ar40>5000.0
evaluate ot="Ar40>5000.0" t="Ar40>5000.0", ctx="{'Ar40': 0.9312479646368471}"
GetData ===>> H2,-0.297742860942894,H1,1.68395235257537,AX,0.139155446248872,L1,0.040330519739145,L2,0.12068492...
Get Checksum: 799532470
testing Ar40>5000.0
evaluate ot="Ar40>5000.0" t="Ar40>5000.0", ctx="{'Ar40': 0.8735340215923565}"
testing Ar40>5000.0
evaluate ot="Ar40>5000.0" t="Ar40>5000.0", ctx="{'Ar40': 0.8735340215923565}"
GetData ===>> H2,-0.170988377195386,H1,1.70446048706829,AX,0.210130837551781,L1,0.0277746349286913,L2,0.1566281...
testing Ar40>5000.0
evaluate ot="Ar40>5000.0" t="Ar40>5000.0", ctx="{'Ar40': 0.8387844868422806}"
testing Ar40>5000.0
evaluate ot="Ar40>5000.0" t="Ar40>5000.0", ctx="{'Ar40': 0.8387844868422806}"
GetData ===>> H2,-0.212376637973384,H1,1.76146009410683,AX,0.329211233040471,L1,-0.0380871967645533,L2,0.248200...
testing Ar40>5000.0
evaluate ot="Ar40>5000.0" t="Ar40>5000.0", ctx="{'Ar40': 0.8399984106563511}"
testing Ar40>5000.0
evaluate ot="Ar40>5000.0" t="Ar40>5000.0", ctx="{'Ar40': 0.8399984106563511}"
GetData ===>> H2,-0.278554176791603,H1,1.79260464104207,AX,0.209131970205946,L1,-0.0273238774059588,L2,0.219355...
Get Checksum: 799532470
testing Ar40>5000.0
evaluate ot="Ar40>5000.0" t="Ar40>5000.0", ctx="{'Ar40': 0.8505586296602153}"
testing Ar40>5000.0
evaluate ot="Ar40>5000.0" t="Ar40>5000.0", ctx="{'Ar40': 0.8505586296602153}"
GetData ===>> H2,-0.208429648174902,H1,1.71363937716367,AX,0.119705166035466,L1,-0.00143408604855994,L2,0.08989...
testing Ar40>5000.0
evaluate ot="Ar40>5000.0" t="Ar40>5000.0", ctx="{'Ar40': 0.8132345561069428}"
testing Ar40>5000.0
evaluate ot="Ar40>5000.0" t="Ar40>5000.0", ctx="{'Ar40': 0.8132345561069428}"
GetData ===>> H2,-0.10088667317525,H1,1.74581418613327,AX,0.184256507444901,L1,0.0153628422819263,L2,0.10797347...
testing Ar40>5000.0
evaluate ot="Ar40>5000.0" t="Ar40>5000.0", ctx="{'Ar40': 0.7964378811525211}"
testing Ar40>5000.0
evaluate ot="Ar40>5000.0" t="Ar40>5000.0", ctx="{'Ar40': 0.7964378811525211}"
GetData ===>> H2,-0.103045663317302,H1,1.69207091053873,AX,0.185533804167163,L1,-0.0148849069238094,L2,0.192516...
Get Checksum: 799532470
testing Ar40>5000.0
evaluate ot="Ar40>5000.0" t="Ar40>5000.0", ctx="{'Ar40': 0.7569833102359803}"
testing Ar40>5000.0
evaluate ot="Ar40>5000.0" t="Ar40>5000.0", ctx="{'Ar40': 0.7569833102359803}"
GetData ===>> H2,-0.120325171950355,H1,1.79391576698882,AX,0.0690783814736897,L1,-0.0293496273341573,L2,0.15351...
testing Ar40>5000.0
evaluate ot="Ar40>5000.0" t="Ar40>5000.0", ctx="{'Ar40': 0.7666466124032155}"
testing Ar40>5000.0
evaluate ot="Ar40>5000.0" t="Ar40>5000.0", ctx="{'Ar40': 0.7666466124032155}"
GetData ===>> H2,-0.174812572941503,H1,1.79499836087491,AX,0.187658798542667,L1,-0.029088495022151,L2,0.1812784...
testing Ar40>5000.0
evaluate ot="Ar40>5000.0" t="Ar40>5000.0", ctx="{'Ar40': 0.7708658512742822}"
testing Ar40>5000.0
evaluate ot="Ar40>5000.0" t="Ar40>5000.0", ctx="{'Ar40': 0.7708658512742822}"
GetData ===>> H2,-0.127143410685349,H1,1.80457380757006,AX,0.272392728409105,L1,-0.0338069962863556,L2,0.143090...
Get Checksum: 799532470
testing Ar40>5000.0
evaluate ot="Ar40>5000.0" t="Ar40>5000.0", ctx="{'Ar40': 0.7742566105130876}"
testing Ar40>5000.0
evaluate ot="Ar40>5000.0" t="Ar40>5000.0", ctx="{'Ar40': 0.7742566105130876}"
GetData ===>> H2,-0.151802834870133,H1,1.75128997816725,AX,0.178404380215064,L1,-0.0105294940643875,L2,0.093918...
testing Ar40>5000.0
evaluate ot="Ar40>5000.0" t="Ar40>5000.0", ctx="{'Ar40': 0.7552516022719166}"
testing Ar40>5000.0
evaluate ot="Ar40>5000.0" t="Ar40>5000.0", ctx="{'Ar40': 0.7552516022719166}"
GetData ===>> H2,-0.194490036704882,H1,1.86848548955265,AX,0.158156874441432,L1,-0.0541245796085396,L2,0.119544...
testing Ar40>5000.0
evaluate ot="Ar40>5000.0" t="Ar40>5000.0", ctx="{'Ar40': 0.7769050142793065}"
testing Ar40>5000.0
evaluate ot="Ar40>5000.0" t="Ar40>5000.0", ctx="{'Ar40': 0.7769050142793065}"
GetData ===>> H2,-0.1656522845358,H1,1.83928639628748,AX,0.186276966329107,L1,-0.0322874973871377,L2,0.21068234...
Get Checksum: 799532470
testing Ar40>5000.0
evaluate ot="Ar40>5000.0" t="Ar40>5000.0", ctx="{'Ar40': 0.7811702648147117}"
testing Ar40>5000.0
evaluate ot="Ar40>5000.0" t="Ar40>5000.0", ctx="{'Ar40': 0.7811702648147117}"
GetData ===>> H2,-0.183278290056304,H1,1.81125069262704,AX,0.210037919227173,L1,-0.0203654159740567,L2,0.198609...
testing Ar40>5000.0
evaluate ot="Ar40>5000.0" t="Ar40>5000.0", ctx="{'Ar40': 0.7731487358403043}"
testing Ar40>5000.0
evaluate ot="Ar40>5000.0" t="Ar40>5000.0", ctx="{'Ar40': 0.7731487358403043}"
GetData ===>> H2,-0.125780631365454,H1,1.82055094553897,AX,0.202941543975733,L1,-0.000460847826894591,L2,0.1163...
testing Ar40>5000.0
evaluate ot="Ar40>5000.0" t="Ar40>5000.0", ctx="{'Ar40': 0.7670183993321328}"
testing Ar40>5000.0
evaluate ot="Ar40>5000.0" t="Ar40>5000.0", ctx="{'Ar40': 0.7670183993321328}"
GetData ===>> H2,-0.266382953460756,H1,1.84221073967528,AX,0.165876900645496,L1,-0.051356776823529,L2,0.1659011...
Get Checksum: 799532470
testing Ar40>5000.0
evaluate ot="Ar40>5000.0" t="Ar40>5000.0", ctx="{'Ar40': 0.7657434760497445}"
testing Ar40>5000.0
evaluate ot="Ar40>5000.0" t="Ar40>5000.0", ctx="{'Ar40': 0.7657434760497445}"
GetData ===>> H2,-0.221881589960801,H1,1.80020700257064,AX,0.227438420646426,L1,-0.0573171098425717,L2,0.103470...
testing Ar40>5000.0
evaluate ot="Ar40>5000.0" t="Ar40>5000.0", ctx="{'Ar40': 0.7514825755964715}"
testing Ar40>5000.0
evaluate ot="Ar40>5000.0" t="Ar40>5000.0", ctx="{'Ar40': 0.7514825755964715}"
GetData ===>> H2,-0.218204998231931,H1,1.84065829992794,AX,0.15898108866979,L1,-0.0491671388649984,L2,0.1542101...
Get Checksum: 799532470
testing Ar40>5000.0
evaluate ot="Ar40>5000.0" t="Ar40>5000.0", ctx="{'Ar40': 0.7484517746340028}"
testing Ar40>5000.0
evaluate ot="Ar40>5000.0" t="Ar40>5000.0", ctx="{'Ar40': 0.7484517746340028}"
GetData ===>> H2,-0.11047057380483,H1,1.89272016384285,AX,0.29064723088462,L1,0.00168516877624433,L2,0.12726361...
testing Ar40>5000.0
evaluate ot="Ar40>5000.0" t="Ar40>5000.0", ctx="{'Ar40': 0.7566688809793652}"
testing Ar40>5000.0
evaluate ot="Ar40>5000.0" t="Ar40>5000.0", ctx="{'Ar40': 0.7566688809793652}"
GetData ===>> H2,-0.262249892945983,H1,1.86505482057104,AX,0.197297332992174,L1,0.00262389473968051,L2,0.242972...
testing Ar40>5000.0
evaluate ot="Ar40>5000.0" t="Ar40>5000.0", ctx="{'Ar40': 0.7548284718171562}"
testing Ar40>5000.0
evaluate ot="Ar40>5000.0" t="Ar40>5000.0", ctx="{'Ar40': 0.7548284718171562}"
GetData ===>> H2,-0.282395380890788,H1,1.85203137644072,AX,0.156682593143321,L1,-0.0114957654959531,L2,0.176669...
Get Checksum: 799532470
testing Ar40>5000.0
evaluate ot="Ar40>5000.0" t="Ar40>5000.0", ctx="{'Ar40': 0.7486315405435681}"
testing Ar40>5000.0
evaluate ot="Ar40>5000.0" t="Ar40>5000.0", ctx="{'Ar40': 0.7486315405435681}"
GetData ===>> H2,-0.213314013963191,H1,1.86594557956619,AX,0.247083616587009,L1,-0.0252354064107662,L2,0.308203...
testing Ar40>5000.0
evaluate ot="Ar40>5000.0" t="Ar40>5000.0", ctx="{'Ar40': 0.7449586436115087}"
testing Ar40>5000.0
evaluate ot="Ar40>5000.0" t="Ar40>5000.0", ctx="{'Ar40': 0.7449586436115087}"
13:28:04 -- collecting point 50
GetData ===>> H2,-0.192256663567768,H1,1.87138660229775,AX,0.180006713439162,L1,0.00784494682040778,L2,0.086647...
testing Ar40>5000.0
evaluate ot="Ar40>5000.0" t="Ar40>5000.0", ctx="{'Ar40': 0.7415446750231461}"
testing age>25.0
evaluate ot="age>25.0" t="age>25.0", ctx="{'age': -22.07529057786102}"
testing Ar39<0.5
evaluate ot="Ar39.bs_corrected<0.5" t="Ar39<0.5", ctx="{'Ar39': 0.3011620133878078}"
condition Ar39<0.5 is true trips=1/1
13:28:05 -- Conditional tripped: Ar39.bs_corrected<0.5 condition Ar39<0.5 is True
13:28:05 -- truncation conditional condition Ar39<0.5 is True. measurement iteration executed 50/400 counts
state changed from measurement to truncated
measurement finished
estimated time: 419.430 actual time: :52.581
flush and close file /Users/jan/PychronDev/data/isotopes/26/16c62b-69f7-4604-8c3c-b99a4e250dd7.h5
baselines () {'settling_time': 15.0, 'detector': 'H1', 'mass': 34.2, 'ncounts': 120}
%%%%%%%%%%%%%%%%%%%%%%%%%%%%%%%% Baseline
build tables- baseline [Detector(H2), Detector(H1), Detector(AX), Detector(L1), Detector(L2), Detector(CDD)]
add group baseline table H2
add group baseline table H1
add group baseline table AX
add group baseline table L1
add group baseline table L2
add group baseline table CDD
flush and close file /Users/jan/PychronDev/data/isotopes/26/16c62b-69f7-4604-8c3c-b99a4e250dd7.h5
detector Detector(H1)
POSITION 34.2 H1
Mapping mass to dac mass func: "parabolic"
H1 map mass coeffs = [-0.00063987  0.15840543  0.57068999]
H1 map mass to dac 34.2 >> 5.23973599104
GetDeflection H1 ===>> 0
GetHighVoltage ===>> 4499.94659342336
positioning 34.2 (5.23970513473) on H1
setting magnet DAC
current  : 5.879045
requested: 5.239705
Delta Dac: 0.639340
Checking detector protection. dv=0.63934
Checking detector "CDD". Protection Threshold: 0.1 (V)
ProtectDetector CDD,On ===>> OK
GetDeflection CDD ===>> 2000
SetMagnetDAC 5.23970513473 ===>> OK
Magnet settling time: 0.500
loading system conditionals pre_run_terminations
loading conditionals from /Users/jan/PychronDev/setupfiles/spectrometer/default_conditionals.yaml
loading queue conditionals pre_run_terminations
loading system conditionals None
loading conditionals from /Users/jan/PychronDev/setupfiles/spectrometer/default_conditionals.yaml
loading queue conditionals None
loading system conditionals post_run_terminations
loading conditionals from /Users/jan/PychronDev/setupfiles/spectrometer/default_conditionals.yaml
loading queue conditionals post_run_terminations
Show conditionals active run: <pychron.experiment.automated_run.automated_run.AutomatedRun object at 0x137cd9890>
Show conditionals measuring run: <pychron.experiment.automated_run.automated_run.AutomatedRun object at 0x137cd9890>
active_run same as measuring_run: True
GetMagnetMoving ===>> True
Get Checksum: 799532470
GetMagnetMoving ===>> True
GetMagnetMoving ===>> True
GetMagnetMoving ===>> True
GetMagnetMoving ===>> True
GetMagnetMoving ===>> True
GetMagnetMoving ===>> True
GetMagnetMoving ===>> True
GetMagnetMoving ===>> False
ProtectDetector CDD,Off ===>> OK
GetDeflection CDD ===>> 50
Delaying 15.0s for detectors to settle
Get Checksum: 799532470
Get Checksum: 799532470
Get Checksum: 799532470
Get Checksum: 799532470
Get Checksum: 799532470
Join finished
measuring baseline. ncounts=120.0
starting measurement
GetData ===>> H2,-0.268547029698104,H1,-0.00243598727578382,AX,0.00856215726483138,L1,-0.0378164509681189,L2,0....
Get Checksum: 799532470
testing Ar40>5000.0
evaluate ot="Ar40>5000.0" t="Ar40>5000.0", ctx="{'Ar40': 0.7415446750231461}"
GetData ===>> H2,-0.179991541807461,H1,-0.0126341583038368,AX,-0.0519224370931411,L1,-0.0152855529148901,L2,-0....
testing Ar40>5000.0
evaluate ot="Ar40>5000.0" t="Ar40>5000.0", ctx="{'Ar40': 0.7155043579134984}"
GetData ===>> H2,-0.201034427870465,H1,-0.0749456654521417,AX,-0.0205888026714155,L1,-0.000262828534754826,L2,-...
testing Ar40>5000.0
evaluate ot="Ar40>5000.0" t="Ar40>5000.0", ctx="{'Ar40': 0.737974555467609}"
GetData ===>> H2,-0.208786685152161,H1,-0.0771388577487152,AX,0.105120004384667,L1,0.00426867673972019,L2,0.005...
Get Checksum: 799532470
testing Ar40>5000.0
evaluate ot="Ar40>5000.0" t="Ar40>5000.0", ctx="{'Ar40': 0.7497579523188075}"
GetData ===>> H2,-0.176651195835169,H1,-0.106527763683872,AX,-0.170058612334584,L1,-0.0242982692925303,L2,0.041...
testing Ar40>5000.0
evaluate ot="Ar40>5000.0" t="Ar40>5000.0", ctx="{'Ar40': 0.7627057716165581}"
GetData ===>> H2,-0.17702239404955,H1,-0.073968249052103,AX,-0.083732800786899,L1,-0.0544981113849165,L2,-0.082...
testing Ar40>5000.0
evaluate ot="Ar40>5000.0" t="Ar40>5000.0", ctx="{'Ar40': 0.7659110653764302}"
GetData ===>> H2,-0.200519399228177,H1,-0.0343390863486224,AX,-0.0717239874194594,L1,-0.058878889306553,L2,-0.0...
Get Checksum: 799532470
testing Ar40>5000.0
evaluate ot="Ar40>5000.0" t="Ar40>5000.0", ctx="{'Ar40': 0.762539251961556}"
GetData ===>> H2,-0.168967057642124,H1,-0.0420420114873864,AX,-0.0396082000599006,L1,-0.0520207530324917,L2,-0....
testing Ar40>5000.0
evaluate ot="Ar40>5000.0" t="Ar40>5000.0", ctx="{'Ar40': 0.7609732575427458}"
GetData ===>> H2,-0.223950409945417,H1,-0.0386079633017953,AX,-0.0575108705374505,L1,-0.0327281637368147,L2,-0....
testing Ar40>5000.0
evaluate ot="Ar40>5000.0" t="Ar40>5000.0", ctx="{'Ar40': 0.7593737009741611}"
GetData ===>> H2,-0.284532927583236,H1,-0.111210599703626,AX,-0.0743437970403566,L1,-0.0231393101818465,L2,-0.0...
Get Checksum: 799532470
testing Ar40>5000.0
evaluate ot="Ar40>5000.0" t="Ar40>5000.0", ctx="{'Ar40': 0.7653543193594764}"
testing Ar40>5000.0
evaluate ot="Ar40>5000.0" t="Ar40>5000.0", ctx="{'Ar40': 0.7653543193594764}"
GetData ===>> H2,-0.227919975102205,H1,-0.0643127691928978,AX,-0.054496402737371,L1,-0.0246637871230528,L2,-0.0...
testing Ar40>5000.0
evaluate ot="Ar40>5000.0" t="Ar40>5000.0", ctx="{'Ar40': 0.7659841134464863}"
testing Ar40>5000.0
evaluate ot="Ar40>5000.0" t="Ar40>5000.0", ctx="{'Ar40': 0.7659841134464863}"
GetData ===>> H2,-0.165802118091161,H1,0.0302051435921992,AX,-0.0858770757896583,L1,-0.0097621653090094,L2,0.01...
testing Ar40>5000.0
evaluate ot="Ar40>5000.0" t="Ar40>5000.0", ctx="{'Ar40': 0.7586324491202366}"
testing Ar40>5000.0
evaluate ot="Ar40>5000.0" t="Ar40>5000.0", ctx="{'Ar40': 0.7586324491202366}"
GetData ===>> H2,-0.239984256646441,H1,0.00413671797494537,AX,-0.0571398641550774,L1,0.0103758934324483,L2,0.08...
testing Ar40>5000.0
evaluate ot="Ar40>5000.0" t="Ar40>5000.0", ctx="{'Ar40': 0.7544170735839678}"
testing Ar40>5000.0
evaluate ot="Ar40>5000.0" t="Ar40>5000.0", ctx="{'Ar40': 0.7544170735839678}"
GetData ===>> H2,-0.237755738419025,H1,0.00670150223551782,AX,-0.0755145741103005,L1,-0.0221492352129732,L2,-0....
testing Ar40>5000.0
evaluate ot="Ar40>5000.0" t="Ar40>5000.0", ctx="{'Ar40': 0.7506206956771252}"
testing Ar40>5000.0
evaluate ot="Ar40>5000.0" t="Ar40>5000.0", ctx="{'Ar40': 0.7506206956771252}"
GetData ===>> H2,-0.178824219766542,H1,-0.0378090532524798,AX,-0.0546007512599051,L1,-0.0182203381269914,L2,0.0...
Get Checksum: 799532470
testing Ar40>5000.0
evaluate ot="Ar40>5000.0" t="Ar40>5000.0", ctx="{'Ar40': 0.7502978718570613}"
testing Ar40>5000.0
evaluate ot="Ar40>5000.0" t="Ar40>5000.0", ctx="{'Ar40': 0.7502978718570613}"
GetData ===>> H2,-0.104653472187062,H1,-0.0358892582525748,AX,-0.13584595945024,L1,-0.003560242311667,L2,-0.112...
testing Ar40>5000.0
evaluate ot="Ar40>5000.0" t="Ar40>5000.0", ctx="{'Ar40': 0.7498954138270114}"
testing Ar40>5000.0
evaluate ot="Ar40>5000.0" t="Ar40>5000.0", ctx="{'Ar40': 0.7498954138270114}"
GetData ===>> H2,-0.188570701461903,H1,-0.0304754764927971,AX,-0.213760490849801,L1,-0.0424528641088597,L2,0.00...
Get Checksum: 799532470
testing Ar40>5000.0
evaluate ot="Ar40>5000.0" t="Ar40>5000.0", ctx="{'Ar40': 0.7492218460499217}"
testing Ar40>5000.0
evaluate ot="Ar40>5000.0" t="Ar40>5000.0", ctx="{'Ar40': 0.7492218460499217}"
GetData ===>> H2,-0.138731850250426,H1,-0.0369266675773304,AX,-0.0614411325379999,L1,-0.05778866119554,L2,-0.01...
testing Ar40>5000.0
evaluate ot="Ar40>5000.0" t="Ar40>5000.0", ctx="{'Ar40': 0.7489815186416492}"
testing Ar40>5000.0
evaluate ot="Ar40>5000.0" t="Ar40>5000.0", ctx="{'Ar40': 0.7489815186416492}"
GetData ===>> H2,-0.0892942094732099,H1,-0.116393635912115,AX,0.00365471923220225,L1,-0.0448486836100881,L2,0.0...
testing Ar40>5000.0
evaluate ot="Ar40>5000.0" t="Ar40>5000.0", ctx="{'Ar40': 0.7529489608729206}"
testing Ar40>5000.0
evaluate ot="Ar40>5000.0" t="Ar40>5000.0", ctx="{'Ar40': 0.7529489608729206}"
GetData ===>> H2,-0.131884345030367,H1,-0.0901301524122154,AX,-0.0511455962496452,L1,-0.0740629500114903,L2,0.1...
Get Checksum: 799532470
testing Ar40>5000.0
evaluate ot="Ar40>5000.0" t="Ar40>5000.0", ctx="{'Ar40': 0.7552064847060697}"
testing Ar40>5000.0
evaluate ot="Ar40>5000.0" t="Ar40>5000.0", ctx="{'Ar40': 0.7552064847060697}"
GetData ===>> H2,-0.178316768267152,H1,-0.107612103993459,AX,-0.113296448213558,L1,-0.0436394708013795,L2,-0.09...
testing Ar40>5000.0
evaluate ot="Ar40>5000.0" t="Ar40>5000.0", ctx="{'Ar40': 0.7580814801542163}"
testing Ar40>5000.0
evaluate ot="Ar40>5000.0" t="Ar40>5000.0", ctx="{'Ar40': 0.7580814801542163}"
GetData ===>> H2,-0.243257589530518,H1,-0.0139938359392076,AX,-0.19413126250021,L1,-0.000157216653430741,L2,-0....
testing Ar40>5000.0
evaluate ot="Ar40>5000.0" t="Ar40>5000.0", ctx="{'Ar40': 0.7564397365591563}"
testing Ar40>5000.0
evaluate ot="Ar40>5000.0" t="Ar40>5000.0", ctx="{'Ar40': 0.7564397365591563}"
GetData ===>> H2,-0.224797493217433,H1,0.0360520840193114,AX,-0.0595165992978765,L1,0.00134427205304697,L2,-0.0...
Get Checksum: 799532470
testing Ar40>5000.0
evaluate ot="Ar40>5000.0" t="Ar40>5000.0", ctx="{'Ar40': 0.7527648437132962}"
testing Ar40>5000.0
evaluate ot="Ar40>5000.0" t="Ar40>5000.0", ctx="{'Ar40': 0.7527648437132962}"
GetData ===>> H2,-0.205909859226757,H1,-0.0240238695553117,AX,0.00881739721686049,L1,0.0164544416884536,L2,0.01...
testing Ar40>5000.0
evaluate ot="Ar40>5000.0" t="Ar40>5000.0", ctx="{'Ar40': 0.7518993566702005}"
testing Ar40>5000.0
evaluate ot="Ar40>5000.0" t="Ar40>5000.0", ctx="{'Ar40': 0.7518993566702005}"
13:28:49 -- collecting point 25
GetData ===>> H2,-0.215146790459422,H1,0.00200143609190313,AX,-0.00605501419975172,L1,-0.0312851490067273,L2,-0...
testing Ar40>5000.0
evaluate ot="Ar40>5000.0" t="Ar40>5000.0", ctx="{'Ar40': 0.7500620963646639}"
testing Ar40>5000.0
evaluate ot="Ar40>5000.0" t="Ar40>5000.0", ctx="{'Ar40': 0.7500620963646639}"
GetData ===>> H2,-0.175480829447504,H1,0.00423215063085642,AX,-0.00388577904409663,L1,-0.0388814222224871,L2,-0...
Get Checksum: 799532470
testing Ar40>5000.0
evaluate ot="Ar40>5000.0" t="Ar40>5000.0", ctx="{'Ar40': 0.7482803670619013}"
testing Ar40>5000.0
evaluate ot="Ar40>5000.0" t="Ar40>5000.0", ctx="{'Ar40': 0.7482803670619013}"
GetData ===>> H2,-0.236608292745265,H1,-0.0159498310172477,AX,-0.0402111933334582,L1,-0.0273478389856599,L2,0.0...
testing Ar40>5000.0
evaluate ot="Ar40>5000.0" t="Ar40>5000.0", ctx="{'Ar40': 0.7473780985092727}"
testing Ar40>5000.0
evaluate ot="Ar40>5000.0" t="Ar40>5000.0", ctx="{'Ar40': 0.7473780985092727}"
GetData ===>> H2,-0.182026307987252,H1,-0.0142085201932705,AX,-0.0532674006074463,L1,-0.0296454892365286,L2,0.0...
testing Ar40>5000.0
evaluate ot="Ar40>5000.0" t="Ar40>5000.0", ctx="{'Ar40': 0.7464780880381187}"
testing Ar40>5000.0
evaluate ot="Ar40>5000.0" t="Ar40>5000.0", ctx="{'Ar40': 0.7464780880381187}"
GetData ===>> H2,-0.117879236437956,H1,0.0588942216428691,AX,-0.13292332363792,L1,-0.0151392110188225,L2,-0.068...
Get Checksum: 799532470
testing Ar40>5000.0
evaluate ot="Ar40>5000.0" t="Ar40>5000.0", ctx="{'Ar40': 0.7431193630533842}"
testing Ar40>5000.0
evaluate ot="Ar40>5000.0" t="Ar40>5000.0", ctx="{'Ar40': 0.7431193630533842}"
GetData ===>> H2,-0.13385761843497,H1,0.0270789604424728,AX,-0.032998221156405,L1,-0.0347670622250632,L2,-0.126...
testing Ar40>5000.0
evaluate ot="Ar40>5000.0" t="Ar40>5000.0", ctx="{'Ar40': 0.741045061774312}"
testing Ar40>5000.0
evaluate ot="Ar40>5000.0" t="Ar40>5000.0", ctx="{'Ar40': 0.741045061774312}"
GetData ===>> H2,-0.220092617386786,H1,-0.0532972322689449,AX,-0.0918228452226036,L1,-0.0136473642236252,L2,-0....
testing Ar40>5000.0
evaluate ot="Ar40>5000.0" t="Ar40>5000.0", ctx="{'Ar40': 0.7416973667942578}"
testing Ar40>5000.0
evaluate ot="Ar40>5000.0" t="Ar40>5000.0", ctx="{'Ar40': 0.7416973667942578}"
GetData ===>> H2,-0.142990525155443,H1,-0.000563227748773088,AX,-0.115486419836147,L1,-0.0302970734166904,L2,-0...
Get Checksum: 799532470
testing Ar40>5000.0
evaluate ot="Ar40>5000.0" t="Ar40>5000.0", ctx="{'Ar40': 0.7406609651092017}"
testing Ar40>5000.0
evaluate ot="Ar40>5000.0" t="Ar40>5000.0", ctx="{'Ar40': 0.7406609651092017}"
GetData ===>> H2,-0.220371489421728,H1,-0.0326815682895053,AX,-0.000904451852604688,L1,-0.0251275562015115,L2,0...
testing Ar40>5000.0
evaluate ot="Ar40>5000.0" t="Ar40>5000.0", ctx="{'Ar40': 0.7406606586941712}"
testing Ar40>5000.0
evaluate ot="Ar40>5000.0" t="Ar40>5000.0", ctx="{'Ar40': 0.7406606586941712}"
GetData ===>> H2,-0.213281691946859,H1,-0.0676148097250138,AX,-0.0687447376671877,L1,-0.0528354098200394,L2,0.0...
testing Ar40>5000.0
evaluate ot="Ar40>5000.0" t="Ar40>5000.0", ctx="{'Ar40': 0.741687818581069}"
testing Ar40>5000.0
evaluate ot="Ar40>5000.0" t="Ar40>5000.0", ctx="{'Ar40': 0.741687818581069}"
GetData ===>> H2,-0.134371505833623,H1,-0.10576514367957,AX,0.00165933054613985,L1,-0.0232148203747117,L2,-0.02...
Get Checksum: 799532470
testing Ar40>5000.0
evaluate ot="Ar40>5000.0" t="Ar40>5000.0", ctx="{'Ar40': 0.743746293158846}"
testing Ar40>5000.0
evaluate ot="Ar40>5000.0" t="Ar40>5000.0", ctx="{'Ar40': 0.743746293158846}"
GetData ===>> H2,-0.148605044519219,H1,-0.0958982232422965,AX,-0.109136525085355,L1,-0.0387736124933003,L2,-0.0...
testing Ar40>5000.0
evaluate ot="Ar40>5000.0" t="Ar40>5000.0", ctx="{'Ar40': 0.7454163269145998}"
testing Ar40>5000.0
evaluate ot="Ar40>5000.0" t="Ar40>5000.0", ctx="{'Ar40': 0.7454163269145998}"
GetData ===>> H2,-0.0993148869057195,H1,-0.0102248595901021,AX,-0.0754566151808698,L1,-0.0146497898730884,L2,-0...
testing Ar40>5000.0
evaluate ot="Ar40>5000.0" t="Ar40>5000.0", ctx="{'Ar40': 0.7446805922605239}"
testing Ar40>5000.0
evaluate ot="Ar40>5000.0" t="Ar40>5000.0", ctx="{'Ar40': 0.7446805922605239}"
GetData ===>> H2,-0.102025100923829,H1,0.0756887275610076,AX,-0.161654382311044,L1,-0.038869443420795,L2,0.0349...
Get Checksum: 799532470
testing Ar40>5000.0
evaluate ot="Ar40>5000.0" t="Ar40>5000.0", ctx="{'Ar40': 0.7417226966105807}"
testing Ar40>5000.0
evaluate ot="Ar40>5000.0" t="Ar40>5000.0", ctx="{'Ar40': 0.7417226966105807}"
GetData ===>> H2,-0.191767338291791,H1,-0.0363304566358689,AX,-0.091278121232223,L1,-0.0188870518867556,L2,-0.0...
testing Ar40>5000.0
evaluate ot="Ar40>5000.0" t="Ar40>5000.0", ctx="{'Ar40': 0.7417887746913235}"
testing Ar40>5000.0
evaluate ot="Ar40>5000.0" t="Ar40>5000.0", ctx="{'Ar40': 0.7417887746913235}"
GetData ===>> H2,-0.227767843113795,H1,0.026339190927094,AX,0.0364568825126317,L1,-0.0399594559150141,L2,-0.078...
Get Checksum: 799532470
testing Ar40>5000.0
evaluate ot="Ar40>5000.0" t="Ar40>5000.0", ctx="{'Ar40': 0.7402848076789553}"
testing Ar40>5000.0
evaluate ot="Ar40>5000.0" t="Ar40>5000.0", ctx="{'Ar40': 0.7402848076789553}"
GetData ===>> H2,-0.287860029847573,H1,0.0394410792763146,AX,0.0181921282304595,L1,-0.0122965256152971,L2,-0.03...
testing Ar40>5000.0
evaluate ot="Ar40>5000.0" t="Ar40>5000.0", ctx="{'Ar40': 0.738534646658673}"
testing Ar40>5000.0
evaluate ot="Ar40>5000.0" t="Ar40>5000.0", ctx="{'Ar40': 0.738534646658673}"
GetData ===>> H2,-0.198378138742216,H1,0.0564713236309135,AX,0.0153494473406467,L1,-0.0230266431259147,L2,-0.00...
testing Ar40>5000.0
evaluate ot="Ar40>5000.0" t="Ar40>5000.0", ctx="{'Ar40': 0.7364623446309134}"
testing Ar40>5000.0
evaluate ot="Ar40>5000.0" t="Ar40>5000.0", ctx="{'Ar40': 0.7364623446309134}"
GetData ===>> H2,-0.103325828202002,H1,-0.0267667477228837,AX,-0.124998898997076,L1,-0.05273731955026,L2,-0.009...
Get Checksum: 799532470
testing Ar40>5000.0
evaluate ot="Ar40>5000.0" t="Ar40>5000.0", ctx="{'Ar40': 0.7364221978452311}"
testing Ar40>5000.0
evaluate ot="Ar40>5000.0" t="Ar40>5000.0", ctx="{'Ar40': 0.7364221978452311}"
GetData ===>> H2,-0.0203982943966661,H1,-0.0861614312379853,AX,-0.0919735130219721,L1,-0.0105654611645086,L2,-0...
testing Ar40>5000.0
evaluate ot="Ar40>5000.0" t="Ar40>5000.0", ctx="{'Ar40': 0.737733755084241}"
testing Ar40>5000.0
evaluate ot="Ar40>5000.0" t="Ar40>5000.0", ctx="{'Ar40': 0.737733755084241}"
GetData ===>> H2,-0.163947282098656,H1,-0.0720014676053314,AX,-0.0973046849611332,L1,-0.0321449951684853,L2,-0....
testing Ar40>5000.0
evaluate ot="Ar40>5000.0" t="Ar40>5000.0", ctx="{'Ar40': 0.7386723550319029}"
testing Ar40>5000.0
evaluate ot="Ar40>5000.0" t="Ar40>5000.0", ctx="{'Ar40': 0.7386723550319029}"
GetData ===>> H2,-0.217854655928528,H1,-0.0243339378121597,AX,0.0598932068509917,L1,-0.000642062069857662,L2,0....
Get Checksum: 799532470
testing Ar40>5000.0
evaluate ot="Ar40>5000.0" t="Ar40>5000.0", ctx="{'Ar40': 0.7385338956385102}"
testing Ar40>5000.0
evaluate ot="Ar40>5000.0" t="Ar40>5000.0", ctx="{'Ar40': 0.7385338956385102}"
GetData ===>> H2,-0.262163827447282,H1,-0.0357819394327883,AX,-0.0658001755208078,L1,-0.0289950607128051,L2,-0....
testing Ar40>5000.0
evaluate ot="Ar40>5000.0" t="Ar40>5000.0", ctx="{'Ar40': 0.7386449026367649}"
testing Ar40>5000.0
evaluate ot="Ar40>5000.0" t="Ar40>5000.0", ctx="{'Ar40': 0.7386449026367649}"
GetData ===>> H2,-0.161927406466057,H1,-0.0344225577550759,AX,-0.0932252057187079,L1,-0.0515721252680569,L2,-0....
testing Ar40>5000.0
evaluate ot="Ar40>5000.0" t="Ar40>5000.0", ctx="{'Ar40': 0.7387229638918066}"
testing Ar40>5000.0
evaluate ot="Ar40>5000.0" t="Ar40>5000.0", ctx="{'Ar40': 0.7387229638918066}"
GetData ===>> H2,-0.0732633675670434,H1,-0.0698558437555395,AX,0.0100704030521415,L1,-0.0662225771461205,L2,0.0...
Get Checksum: 799532470
testing Ar40>5000.0
evaluate ot="Ar40>5000.0" t="Ar40>5000.0", ctx="{'Ar40': 0.7395209672588968}"
testing Ar40>5000.0
evaluate ot="Ar40>5000.0" t="Ar40>5000.0", ctx="{'Ar40': 0.7395209672588968}"
13:29:15 -- collecting point 50
GetData ===>> H2,-0.140430916711599,H1,-0.0716557868718713,AX,0.0309678128413835,L1,-0.045687863590661,L2,-0.02...
testing Ar40>5000.0
evaluate ot="Ar40>5000.0" t="Ar40>5000.0", ctx="{'Ar40': 0.74032304935363}"
testing age>25.0
evaluate ot="age>25.0" t="age>25.0", ctx="{'age': -22.788145173024983}"
testing Ar39<0.5
evaluate ot="Ar39.bs_corrected<0.5" t="Ar39<0.5", ctx="{'Ar39': 0.2921548282095564}"
condition Ar39<0.5 is true trips=1/1
13:29:16 -- Conditional tripped: Ar39.bs_corrected<0.5 condition Ar39<0.5 is True
13:29:16 -- truncation conditional condition Ar39<0.5 is True. measurement iteration executed 50/120 counts
measurement finished
estimated time: 125.829 actual time: :52.584
flush and close file /Users/jan/PychronDev/data/isotopes/26/16c62b-69f7-4604-8c3c-b99a4e250dd7.h5
activate_detectors ('H1', 'AX', 'L2', 'CDD') {'peak_center': True}
peak_center () {'detector': 'H1', 'integration_time': 0.262144, 'isotope': 'Ar40'}
peak center: mean=1.84620162231 threshold=3
Skipping peak center. intensities to small. 1.84620162231<3
finished measure script
executed 568.532928
jan_unknown400_120.py completed successfully
Measurement Finished
13:29:16 -- ******* Measurement Finished *******
Post Measurement Started jan_pump_ms.py
13:29:16 -- ******* Post Measurement Started jan_pump_ms.py *******
testing...
no interpolation path defined
executed 0
Pumping spectrometer
open () {'name': 'O'}
opening name=O desc=---
checking ownership. requestor=129.138.12.150
check software interlocks O
interlocks []
actuate state mode=None-script, software_lock=False
doing actuation None-script open_channel True
Open O ===>> OK
GetValveState O ===>> OK
change switch state (True, True)
update switch state O True args=() kw={} ncanvase=3
loading system conditionals pre_run_terminations
loading conditionals from /Users/jan/PychronDev/setupfiles/spectrometer/default_conditionals.yaml
13:29:16 -- OPEN   VALVE-O (Jan Ion Pump)
---------------------------------------- open O () result=[(True, True)], time=0.12 sec
loading queue conditionals pre_run_terminations
loading system conditionals None
loading conditionals from /Users/jan/PychronDev/setupfiles/spectrometer/default_conditionals.yaml
loading queue conditionals None
loading system conditionals post_run_terminations
loading conditionals from /Users/jan/PychronDev/setupfiles/spectrometer/default_conditionals.yaml
loading queue conditionals post_run_terminations
Show conditionals active run: <pychron.experiment.automated_run.automated_run.AutomatedRun object at 0x137cd9890>
Show conditionals measuring run: <pychron.experiment.automated_run.automated_run.AutomatedRun object at 0x137cd9890>
active_run same as measuring_run: True
action=open, ok=True, locked=[False]
executed 0
jan_pump_ms.py completed successfully
setting _ms_pumptime
Post Measurement Finished
13:29:17 -- ******* Post Measurement Finished *******
$$$$$$$$$$$$$$$$$$$$ state at run end truncated
post measurement save measured=True aborted=False
Set filtering
setting fod for Ar40= {'filter_outliers': True, 'std_devs': 2, 'iterations': 1}
setting fod for H1= {'filter_outliers': True, 'std_devs': 2, 'iterations': 1}
setting fod for PM41= {'filter_outliers': False, 'std_devs': 2, 'iterations': 1}
setting fod for H2= {'filter_outliers': True, 'std_devs': 2, 'iterations': 1}
setting fod for Ar36= {'filter_outliers': True, 'std_devs': 2, 'iterations': 1}
setting fod for CDD= {'filter_outliers': True, 'std_devs': 10, 'iterations': 1}
setting fod for Ar37= {'filter_outliers': True, 'std_devs': 2, 'iterations': 1}
setting fod for L2= {'filter_outliers': True, 'std_devs': 2, 'iterations': 1}
setting fod for Ar38= {'filter_outliers': True, 'std_devs': 2, 'iterations': 1}
setting fod for L1= {'filter_outliers': True, 'std_devs': 2, 'iterations': 1}
setting fod for Ar39= {'filter_outliers': True, 'std_devs': 2, 'iterations': 1}
setting fod for AX= {'filter_outliers': True, 'std_devs': 2, 'iterations': 1}
persistence save...
persistence save - db
post measurement save
5375757008 connecting to database sqlite:////Users/jan/PychronDev/.appdata/local_lab.db
connected to db sqlite:////Users/jan/PychronDev/.appdata/local_lab.db
create new session 5375757008
close session 5375757008
No database instance. Not saving post measurement to isotopedb database
$$$$$$$$$$$$$$$ auto_save_detector_ic=False
massspec enabled True
create new session 5061591216
MassSpec Database Version: 16.0
close session 5061591216
saving post measurement to secondary database
saving to massspec database 129.138.12.160/massspecdata
setting labnumber to 65519
setting aliquot to 8
setting step to 
setting uuid to 2616c62b-69f7-4604-8c3c-b99a4e250dd7
setting irradpos to 65519
setting extract_device to Fusions CO2
setting tray to 
setting position to 8
setting power_requested to 5.0
setting extract_value to 5.0
setting duration to 30.0
setting duration_at_request to 30.0
setting first_stage_delay to 30.0
setting cleanup to 30.0
setting comment to F:23 SCLF
setting irradiation to NM-289
setting level to F
setting irradiation_level to F
setting sample to 9-29-5-B
setting material to Sanidine
setting project to Bidouoche
setting mass_spectrometer to Jan
no attribute chron_dosages
no attribute production_ratios
no attribute interference_corrections
no attribute production_name
no attribute j
Reference Isotope=Ar40
Reference Detector=H1
%%%%%%%%%%%%%%%%%%%% Comment: F:23 SCLF %%%%%%%%%%%%%%%%%%%
adding isotope PM41 H2
add baseline dbdet= PM41. original det= H2
get baseline data PM41 H2
Get data baseline <pychron.processing.isotope.Baseline object at 0x13cf97610> len t=50
baseline PM41. v=-0.184009066072, e=0.00742536024966
get signal data PM41 H2
Get data signal PM41 0.10+/-0.06 len t=50
adding isotope Ar40 H1
add baseline dbdet= Ar40. original det= H1
get baseline data Ar40 H1
Get data baseline <pychron.processing.isotope.Baseline object at 0x13cf97450> len t=50
baseline Ar40. v=-0.034558713042, e=0.00649055430737
get signal data Ar40 H1
Get data signal Ar40 1.458+/-0.035 len t=50
adding isotope Ar39 AX
add baseline dbdet= Ar39. original det= AX
get baseline data Ar39 AX
Get data baseline <pychron.processing.isotope.Baseline object at 0x13cf97cd0> len t=50
baseline Ar39. v=-0.0549333603243, e=0.00779581150241
get signal data Ar39 AX
Get data signal Ar39 0.30+/-0.05 len t=50
adding isotope Ar38 L1
add baseline dbdet= Ar38. original det= L1
get baseline data Ar38 L1
Get data baseline <pychron.processing.isotope.Baseline object at 0x142ea4d50> len t=50
baseline Ar38. v=-0.0280708444857, e=0.0026871433492
get signal data Ar38 L1
Get data signal Ar38 0.033+/-0.008 len t=50
adding isotope Ar37 L2
add baseline dbdet= Ar37. original det= L2
get baseline data Ar37 L2
Get data baseline <pychron.processing.isotope.Baseline object at 0x142ea4910> len t=50
baseline Ar37. v=-0.0376708757203, e=0.00873916768211
get signal data Ar37 L2
Get data signal Ar37 0.186+/-0.019 len t=50
adding isotope Ar36 CDD
add baseline dbdet= Ar36. original det= CDD
get baseline data Ar36 CDD
Get data baseline <pychron.processing.isotope.Baseline object at 0x142ea43d0> len t=50
baseline Ar36. v=1.19092328961e-05, e=5.76945338196e-06
get signal data Ar36 CDD
Get data signal Ar36 0.0098+/-0.0010 len t=50
65519-08 added analysis time 0.479965925217s
analysis added to mass spec database
mass spec save time= 0.487
persistence save - dvc
================= post measurement started
create new session 4983039568
close session 4983039568
---------------- Experiment Queue saving disabled
DVC saving peakcenter
Get Checksum: 2035211824
Smart pull ahead: 0 behind: 0
Up-to-date with origin
add to repo msg=modified - ad8224ebc6dbfeb9f5997218dfa5fe690569839d.json
add to repo msg=modified - 19-08.json
add to repo msg=modified - 19-08.dat.json
add to repo msg=modified - 19-08.blan.json
add to repo msg=modified - 19-08.inte.json
add to repo msg=modified - 19-08.icfa.json
add to repo msg=modified - 19-08.base.json
not at valid file /Users/jan/PychronDev/data/.dvc/repositories/Bidouoche/655/tags/19-08.tags.json
add to repo msg=modified - 19-08.peak.json
add to repo msg=modified - 19-08.extr.json
not at valid file /Users/jan/PychronDev/data/.dvc/repositories/Bidouoche/655/monitor/19-08.moni.json
commit message=<COLLECTION>
add to repo msg=modified - 19-08.inte.json
add to repo msg=modified - 19-08.base.json
commit message=<ISOEVO> default collection fits
add to repo msg=modified - 19-08.blan.json
Get Checksum: 2035211824
commit message=<BLANKS> preceding bu-FC-J-7439
add to repo msg=modified - 19-08.icfa.json
commit message=<ICFactor> default
push repository <pychron.git_archive.repo_manager.GitRepoManager object at 0x142844a10>
pushing to remote=origin, url=https://github.com
Get Checksum: 2035211824
no changes to meta repo
create new session 4983039568
add association Bidouoche
get identifier "65519"
setting analysis irradiation position=<pychron.dvc.dvc_orm.IrradiationPositionTbl object at 0x13e38f190>
close session 4983039568
================= post measurement finished
13:29:27 -- ******* Post Run Check *******
loading queue conditionals post_run_actions
loading system conditionals post_run_actions
loading conditionals from /Users/jan/PychronDev/setupfiles/spectrometer/default_conditionals.yaml
loading queue conditionals post_run_terminations
loading system conditionals post_run_terminations
loading conditionals from /Users/jan/PychronDev/setupfiles/spectrometer/default_conditionals.yaml
Checking default post run terminations n=1
GetDeflection CDD ===>> 50
testing CDD==2000
evaluate ot="CDD.deflection==2000" t="CDD==2000", ctx="{'CDD': 50.0}"
13:29:27 -- ******* Post Run Check Passed *******
13:29:27 -- Automated run 65519-08 truncated duration: 230.371 s
----------------- finish -----------------
----------------- stop -----------------
retroactive repository identifiers disabled
finish run. runs completed=10
write rem/ex queues
/Users/jan/PychronDev/experiments/rem/CurrentExperiment.rem.txt
/Users/jan/PychronDev/experiments/rem/CurrentExperiment.ex.txt
Get Checksum: 2035211824
doing event level: 3
