do run
loading script "jan_unknown400_120.py"
loading script "jan_pump_ms.py"
loading script "jan_co2.py"
loading script "jan_pump_extraction_line.py"
testing...
no interpolation path defined
executed 556.052928
script duration name:unknown400_120 seconds:556.0
loading script "jan_unknown400_120.py"
loading script "jan_pump_ms.py"
loading script "jan_co2.py"
loading script "jan_pump_extraction_line.py"
testing...
no interpolation path defined
executed 0
loading script "jan_unknown400_120.py"
loading script "jan_pump_ms.py"
loading script "jan_co2.py"
loading script "jan_pump_extraction_line.py"
testing...
no interpolation path defined
calculate duration
testing...
no interpolation path defined
executed 0
calculate duration
testing...
no interpolation path defined
executed 0
executed 0.0
script duration name:co2 seconds:0.0
loading script "jan_unknown400_120.py"
loading script "jan_pump_ms.py"
loading script "jan_co2.py"
loading script "jan_pump_extraction_line.py"
testing...
no interpolation path defined
calculate duration
testing...
no interpolation path defined
executed 4.0
executed 4.0
Script duration 556.0
Run total estimated duration= 557.000
run duration: 0:09:17
doing event level: 2
17:23:13 -- Setting default integration. t=1.048576
setting integration time = 1.048576
SetIntegrationTime 1.048576 ===>> OK
----------------- start -----------------
**************** Experiment Type: Ar/Ar, Ar/Ar
create new session 4430950032
close session 4430950032
$$$$$ Clearing conditionals
adding conditionals kevin
extract conditionals from file. /Users/jan/PychronDev/scripts/conditionals/kevin.yaml
no attr for this modification cd={'extraction_str': '', 'attr': '', 'mapper': '', 'use_termination': False, 'start_count': 0, 'nskip': 0, 'window': 0, 'frequency': 1, 'teststr': '', 'action': 'Skip Next Run', 'ntrips': 1, 'use_truncation': False}
no attr for this cancelation cd={'mapper': '', 'window': 0, 'frequency': 1, 'attr': '', 'teststr': '', 'start_count': 0, 'ntrips': 1}
adding truncation attr="Ar40" test="Ar40>5000.0" start="10"
adding truncation attr="age" test="age>25.0" start="50"
adding truncation attr="Ar39" test="Ar39.bs_corrected<0.5" start="50"
adding termination attr="Ar40" test="Ar40>5000.0" start="1"
Invalid conditional kind="pre_run_terminations"
no attr for this action cd={'mapper': '', 'attr': '', 'start_count': 0, 'window': 0, 'frequency': 1, 'teststr': '', 'action': None, 'ntrips': 1}
Invalid conditional kind="post_run_terminations"
Add queue conditionals
add default conditionals
adding default conditionals from /Users/jan/PychronDev/setupfiles/spectrometer/default_conditionals.yaml
Start automated run 65519-23
loading script "jan_unknown400_120.py"
loading script "jan_pump_ms.py"
loading script "jan_co2.py"
loading script "jan_pump_extraction_line.py"
%%%%%%%%%%%%%%%%%% setting automated run 65519-23
No value "sensitivity_multiplier" in metadata
$$$$$$$$$$$$$$$ auto_save_detector_ic=False
============================= Pre Extraction Check =============================
loading queue conditionals pre_run_terminations
loading system conditionals pre_run_terminations
loading conditionals from /Users/jan/PychronDev/setupfiles/spectrometer/default_conditionals.yaml
17:23:13 -- ******* Pre Extraction Check *******
Get a measurement from the spectrometer
GetData ===>> H2,-0.185571432622429,H1,0.0224853188054432,AX,-0.120445538430925,L1,-0.0158804947745511,L2,0.131...
Pre Extraction Termination data. keys=H2,H1,AX,L1,L2,CDD, signals=-0.18557,0.02249,-0.12045,-0.01588,0.13140,0.00432
17:23:13 -- testing system defined conditionals
Checking default pre extraction terminations n=2
testing CDD
evaluate ot="CDD.inactive" t="CDD", ctx="{'CDD': False}"
GetDeflection CDD ===>> 50
testing CDD==2000
evaluate ot="CDD.deflection==2000" t="CDD==2000", ctx="{'CDD': 50.0}"
17:23:13 -- ******* Pre Extraction Check Passed *******
=================================================================================
17:23:13 -- stopping status monitor
stop 5064565776
Alive clients [4983293136]
17:23:13 -- starting status monitor
start 5064565776
Monitor already running
start extraction
do extraction
Analysis started at 17:23:13.700334
Extraction Started jan_co2.py
17:23:13 -- ******* Extraction Started jan_co2.py *******
state changed from not run to extraction
DO EXTRACTION <pychron.extraction_line.pyscript_runner.RemotePyScriptRunner object at 0x12b962cb0>
testing...
no interpolation path defined
calculate duration
testing...
no interpolation path defined
executed 0
calculate duration
testing...
no interpolation path defined
executed 0
executed 100.0
Jan CO2 laser analysis
doing GOSUB
testing...
no interpolation path defined
executed 0
Waiting for CO2 access
wait ('FelixCO2Flag', 0) {}
waiting for FelixCO2Flag = 0
Read FelixCO2Flag ===>> 0
finished waiting
CO2 free
wait ('CO2PumpTimeFlag', 0) {}
waiting for CO2PumpTimeFlag = 0
Read CO2PumpTimeFlag ===>> 0
finished waiting
acquire ('JanCO2Flag',) {'clear': True}
acquire JanCO2Flag
Set JanCO2Flag 1 ===>> OK
JanCO2Flag acquired
set extraction state False (0.75, 'red', 1.5)
CO2 acquired
executed 0
WaitForCO2Access.py completed successfully
gosub finished
doing GOSUB
testing...
no interpolation path defined
executed 0
Prepare for CO2 analysis
close () {'description': 'Jan Inlet'}
closing name=--- desc=Jan Inlet
checking ownership. requestor=129.138.12.150
check software interlocks R
interlocks []
actuate state mode=None-script, software_lock=False
doing actuation None-script close_channel False
Close R ===>> OK
GetValveState R ===>> False
change switch state (True, True)
update switch state R False args=() kw={} ncanvase=3
17:23:14 -- CLOSE  VALVE-R (Jan Inlet)
---------------------------------------- close None (Jan Inlet) result=[(True, True)]
action=close, ok=True, locked=[False]
open () {'description': 'Jan Ion Pump'}
opening name=--- desc=Jan Ion Pump
checking ownership. requestor=129.138.12.150
check software interlocks O
interlocks []
actuate state mode=None-script, software_lock=False
doing actuation None-script open_channel False
Open O ===>> OK
GetValveState O ===>> OK
change switch state (True, True)
update switch state O True args=() kw={} ncanvase=3
17:23:14 -- OPEN   VALVE-O (Jan Ion Pump)
---------------------------------------- open None (Jan Ion Pump) result=[(True, True)], time=0.13 sec
action=open, ok=True, locked=[False]
close () {'description': 'Microbone to Minibone'}
closing name=--- desc=Microbone to Minibone
checking ownership. requestor=129.138.12.150
check software interlocks L
interlocks []
actuate state mode=None-script, software_lock=False
doing actuation None-script close_channel False
Close L ===>> OK
GetValveState L ===>> False
change switch state (True, True)
update switch state L False args=() kw={} ncanvase=3
17:23:15 -- CLOSE  VALVE-L (Microbone to Minibone)
---------------------------------------- close None (Microbone to Minibone) result=[(True, True)]
action=close, ok=True, locked=[False]
open () {'description': 'Microbone to Turbo'}
opening name=--- desc=Microbone to Turbo
checking ownership. requestor=129.138.12.150
check software interlocks U
interlocks []
actuate state mode=None-script, software_lock=False
doing actuation None-script open_channel False
Open U ===>> OK
GetValveState U ===>> OK
change switch state (True, True)
update switch state U True args=() kw={} ncanvase=3
17:23:15 -- OPEN   VALVE-U (Microbone to Turbo)
---------------------------------------- open None (Microbone to Turbo) result=[(True, True)], time=0.17 sec
action=open, ok=True, locked=[False]
open () {'description': 'Microbone to Inlet Pipette'}
opening name=--- desc=Microbone to Inlet Pipette
checking ownership. requestor=129.138.12.150
check software interlocks S
interlocks []
actuate state mode=None-script, software_lock=False
doing actuation None-script open_channel False
Open S ===>> OK
GetValveState S ===>> OK
change switch state (True, True)
update switch state S True args=() kw={} ncanvase=3
17:23:16 -- OPEN   VALVE-S (Microbone to Inlet Pipette)
---------------------------------------- open None (Microbone to Inlet Pipette) result=[(True, True)], time=0.42 sec
Get Checksum: 2035439760
action=open, ok=True, locked=[False]
open () {'description': 'Microbone to Getter D-50'}
opening name=--- desc=Microbone to Getter D-50
checking ownership. requestor=129.138.12.150
check software interlocks K
interlocks []
actuate state mode=None-script, software_lock=False
doing actuation None-script open_channel False
Open K ===>> OK
GetValveState K ===>> OK
change switch state (True, True)
update switch state K True args=() kw={} ncanvase=3
17:23:16 -- OPEN   VALVE-K (Microbone to Getter D-50)
---------------------------------------- open None (Microbone to Getter D-50) result=[(True, True)], time=0.42 sec
action=open, ok=True, locked=[False]
open () {'description': 'Microbone to Getter NP-10'}
opening name=--- desc=Microbone to Getter NP-10
checking ownership. requestor=129.138.12.150
check software interlocks M
interlocks []
actuate state mode=None-script, software_lock=False
doing actuation None-script open_channel False
Open M ===>> OK
GetValveState M ===>> OK
change switch state (True, True)
update switch state M True args=() kw={} ncanvase=3
17:23:17 -- OPEN   VALVE-M (Microbone to Getter NP-10)
---------------------------------------- open None (Microbone to Getter NP-10) result=[(True, True)], time=0.15 sec
action=open, ok=True, locked=[False]
close () {'description': 'CO2 Laser to Felix'}
closing name=--- desc=CO2 Laser to Felix
checking ownership. requestor=129.138.12.150
check software interlocks F
interlocks []
actuate state mode=None-script, software_lock=True
VALVE-F(CO2 Laser to Felix) software locked
change switch state (True, False)
---------------------------------------- close None (CO2 Laser to Felix) result=[(True, False)]
action=close, ok=True, locked=[True]
open () {'description': 'CO2 Laser to Jan'}
opening name=--- desc=CO2 Laser to Jan
checking ownership. requestor=129.138.12.150
check software interlocks A
interlocks []
actuate state mode=None-script, software_lock=False
doing actuation None-script open_channel False
Open A ===>> OK
GetValveState A ===>> OK
change switch state (True, True)
update switch state A True args=() kw={} ncanvase=3
17:23:17 -- OPEN   VALVE-A (CO2 Laser to Jan)
---------------------------------------- open None (CO2 Laser to Jan) result=[(True, True)], time=0.14 sec
action=open, ok=True, locked=[False]
open () {'description': 'Microbone to CO2 Laser'}
opening name=--- desc=Microbone to CO2 Laser
checking ownership. requestor=129.138.12.150
check software interlocks T
interlocks []
actuate state mode=None-script, software_lock=False
doing actuation None-script open_channel False
Open T ===>> OK
GetValveState T ===>> OK
change switch state (True, True)
update switch state T True args=() kw={} ncanvase=3
17:23:18 -- OPEN   VALVE-T (Microbone to CO2 Laser)
---------------------------------------- open None (Microbone to CO2 Laser) result=[(True, True)], time=0.45 sec
action=open, ok=True, locked=[False]
executed 0
PrepareForCO2Analysis.py completed successfully
gosub finished
set_motor ('beam', '1.25') {}
setting motor "beam" to 1.25
set motor beam to 1.25
SetMotor beam,1.25 ===>> OK
Get Checksum: 2035439760
GetMotorMoving beam ===>> False
GetMotorMoving beam ===>> False
Block completed
move_to_position ('23',) {'autocenter': True}
FusionsCO2 move to position 23
sending GoToHole 23,True
GoToHole 23,True ===>> OK
GetDriveMoving ===>> OK
GetDriveMoving ===>> OK
GetDriveMoving ===>> OK
GetDriveMoving ===>> False
GetDriveMoving ===>> OK
GetDriveMoving ===>> OK
GetDriveMoving ===>> OK
GetDriveMoving ===>> OK
Get Checksum: 2035439760
GetDriveMoving ===>> OK
GetDriveMoving ===>> OK
GetDriveMoving ===>> OK
GetDriveMoving ===>> OK
GetDriveMoving ===>> OK
GetDriveMoving ===>> OK
GetDriveMoving ===>> OK
GetDriveMoving ===>> OK
GetDriveMoving ===>> OK
GetDriveMoving ===>> OK
GetDriveMoving ===>> OK
Get Checksum: 2035439760
GetDriveMoving ===>> OK
GetDriveMoving ===>> OK
GetDriveMoving ===>> OK
GetDriveMoving ===>> OK
GetDriveMoving ===>> OK
GetDriveMoving ===>> OK
GetDriveMoving ===>> False
Block completed
GetAutoCorrecting ===>> False
GetAutoCorrecting ===>> False
Block completed
update position
GetPosition ===>> 5.98170,11.96340,1.00000
got position (5.9817, 11.9634, 1.0)
move to position succeeded
sleep (5,) {}
SLEEP 5.0
block started
WaitControl setup for 5.0  
Get Checksum: 2035439760
Join finished
block finished. duration 5.01662492752
close () {'description': 'Microbone to Turbo'}
closing name=--- desc=Microbone to Turbo
checking ownership. requestor=129.138.12.150
check software interlocks U
interlocks []
actuate state mode=None-script, software_lock=False
doing actuation None-script close_channel True
Close U ===>> OK
GetValveState U ===>> False
change switch state (True, True)
update switch state U False args=() kw={} ncanvase=3
17:23:33 -- CLOSE  VALVE-U (Microbone to Turbo)
---------------------------------------- close None (Microbone to Turbo) result=[(True, True)]
Get Checksum: -1640178555
action=close, ok=True, locked=[False]
enable laser
enable () {}
set extraction state FusionsCO2 Enabled (False, 'red', 1.5)
enabling laser
Enable ===>> OK
begin interval
BEGIN INTERVAL Interval 1 waiting for 30.0
block started
WaitControl setup for 30.0  
set extract to 5.0
extract (5.0,) {}
GetPosition ===>> 5.98170,11.96340,1.00000
set extraction state FusionsCO2 ON! 5.0(watts) (0.75, 'red', 1.5)
extract sample to 5.0 (watts)
set laser output
SetLaserOutput 5.0,watts ===>> OK
executing pattern triangle.lp
execute_pattern ('triangle.lp',) {}
executing pattern triangle.lp
IsPatterning ===>> OK
Get Checksum: -1640178555
IsPatterning ===>> OK
IsPatterning ===>> OK
IsPatterning ===>> OK
Get Checksum: -1640178555
IsPatterning ===>> OK
IsPatterning ===>> OK
IsPatterning ===>> OK
Get Checksum: -1640178555
IsPatterning ===>> OK
IsPatterning ===>> OK
IsPatterning ===>> OK
Get Checksum: -1640178555
IsPatterning ===>> OK
IsPatterning ===>> OK
IsPatterning ===>> OK
Get Checksum: -1640178555
IsPatterning ===>> OK
IsPatterning ===>> OK
IsPatterning ===>> OK
Get Checksum: -1640178555
IsPatterning ===>> OK
IsPatterning ===>> OK
IsPatterning ===>> OK
Get Checksum: -1640178555
IsPatterning ===>> OK
IsPatterning ===>> OK
IsPatterning ===>> OK
Get Checksum: -1640178555
IsPatterning ===>> OK
IsPatterning ===>> OK
IsPatterning ===>> OK
Get Checksum: -1640178555
IsPatterning ===>> OK
IsPatterning ===>> False
IsPatterning ===>> False
Block completed
COMPLETE INTERVAL waiting for Interval 1 to complete
Get Checksum: -1640178555
Join finished
block finished. duration 30.0880661011
Interval 1 finished
end_extract () {}
ending extraction. set laser power to 0
set laser power 0
SetLaserPower 0 ===>> OK
disable () {}
%%%%%%%%%%%%%%%%%%%%%%%%%%%%%%%%%%% disable
set extraction state False (0.75, 'red', 1.5)
disabling laser
Disable ===>> OK
sleep (30.0,) {}
SLEEP 30.0
block started
WaitControl setup for 30.0  
Get Checksum: -1640178555
Get Checksum: -1640178555
Get Checksum: -1640178555
Get Checksum: -1640178555
Get Checksum: -1640178555
Get Checksum: -1640178555
Get Checksum: -1640178555
Get Checksum: -1640178555
Get Checksum: -1640178555
Get Checksum: -1640178555
Join finished
block finished. duration 30.079665184
executed 166.0
jan_co2.py completed successfully
GetAchievedOutput ===>> No Response
Requested Output= 0.000
Achieved Output=  0.000
GetResponseBlob ===>> No Response
GetOutputBlob ===>> No Response
persistence save...
persistence save - db
AutomatedRunPersister post_extraction_save deprecated
persistence save - dvc
no extraction position for 23
create new session 4983039568
close session 4983039568
Extraction Finished
17:24:34 -- ******* Extraction Finished *******
no overlap. not waiting for min ms pumptime
17:24:34 -- Sending spectrometer configuration
======== Sending configuration ========
SetDeflection CDD,50.0 ===>> OK
SetDeflection H2,0.0 ===>> OK
SetDeflection H1,0.0 ===>> OK
SetDeflection L2,825.0 ===>> OK
SetDeflection L1,400.0 ===>> OK
SetDeflection AX,190.0 ===>> OK
SetZFocus 74.64 ===>> OK
SetZSymmetry -50.72 ===>> OK
SetExtractionLens 26.13 ===>> OK
SetIonRepeller -3.81 ===>> OK
SetElectronEnergy 75.08 ===>> OK
SetYSymmetry -2.81 ===>> OK
SetIonCounterVoltage 1590.0 ===>> OK
send trap current 200.0
GetParameter Trap Current Readback ===>> 198.258926936459
SetParameter Trap Current Set,200.0 ===>> OK
updating mftable name mftable
Using mftable located at /Users/jan/PychronDev/setupfiles/spectrometer/mftables/mftable.csv
============ MFtable ===========
Isotope  H2     H1     AX     L1     L2     CDD    
Ar40     5.7713 5.8790 5.9923 6.1113 6.2308 6.3395
Ar39     5.6706 5.7713 5.8848 5.9973 6.1159 6.2260
Ar36     5.3481 5.4403 5.5481 5.6562 5.7709 5.8771
================================
get initial guess parabolic
get initial guess parabolic
get initial guess parabolic
get initial guess parabolic
get initial guess parabolic
get initial guess parabolic
======== Configuration Finished ========
GetYSymmetry ===>> -2.81
GetZSymmetry ===>> -50.72
GetParameter Trap Current Readback ===>> 198.258926936459
GetHighVoltage ===>> 4499.94659342336
start measurement
do measurement
L#=65519 analysis type=unknown
Measurement Started jan_unknown400_120.py
17:24:35 -- ******* Measurement Started jan_unknown400_120.py *******
state changed from extraction to measurement
setting spec, defl, and gains
GetExtractionLens ===>> 26.13
GetYSymmetry ===>> -2.81
GetZSymmetry ===>> -50.72
GetZFocus ===>> 74.64
GetDeflection H2 ===>> 0
GetDeflection H1 ===>> 0
GetDeflection AX ===>> 190
GetDeflection L1 ===>> 400
GetDeflection L2 ===>> 825
GetDeflection CDD ===>> 50
GetGain H2 ===>> 0.0113
GetGain H1 ===>> 0.1
GetGain AX ===>> 0.097049
GetGain L1 ===>> 0.010355
GetGain L2 ===>> 0.095649
GetGain CDD ===>> 0
pre measurement save
New frame /Users/jan/PychronDev/data/isotopes/e0/6a24f8-7921-4e1d-9683-d90f083c101a.h5
flush and close file /Users/jan/PychronDev/data/isotopes/e0/6a24f8-7921-4e1d-9683-d90f083c101a.h5
testing...
no interpolation path defined
executed 568.532928
unknown measurement script
activate_detectors ('H2', 'H1', 'AX', 'L1', 'L2', 'CDD') {}
activate detectors
*************** Set Analysis View Ar/Ar
create graphs
clearing graphs
clear isotope group
setting isotope det=H2, iso=PM41
setting isotope det=H1, iso=Ar40
setting isotope det=AX, iso=Ar39
setting isotope det=L1, iso=Ar38
setting isotope det=L2, iso=Ar37
setting isotope det=CDD, iso=Ar36
setting previous blanks
 - setting Ar40 blank 0.192+/-0.007
 - setting Ar36 blank 0.00445+/-0.00017
 - setting Ar37 blank 0.046+/-0.006
 - setting Ar38 blank 0.0072+/-0.0021
 - setting PM41 blank 0.02+/-0.07
 - setting Ar39 blank 0.024+/-0.009
load analysis view
position_magnet ('Ar40',) {'detector': 'H1'}
detector Detector(H1)
POSITION Ar40 H1
setting detector H2 to PM41 (40.9624)
setting detector H1 to Ar40 (39.9624)
setting detector AX to Ar39 (38.9624)
setting detector L1 to Ar38 (37.9624)
setting detector L2 to Ar37 (36.9624)
setting detector CDD to Ar36 (35.9624)
Mapping mass to dac mass func: "parabolic"
H1 map mass coeffs = [-0.00063987  0.15840543  0.57059999]
H1 map mass to dac 39.9624 >> 5.87899
GetDeflection H1 ===>> 0
GetHighVoltage ===>> 4499.94659342336
positioning Ar40 (5.87895537918) on H1
setting magnet DAC
current  : 5.878953
requested: 5.878955
Delta Dac: 0.000003
Checking detector protection. dv=0.00000
Checking detector "CDD". Protection Threshold: 0.1 (V)
SetMagnetDAC 5.87895537918 ===>> OK
Magnet settling time: 0.500
equilibrate () {'delay': 3, 'inlet': 'R', 'outlet': 'O', 'eqtime': 12.0}
Equilibration Started
17:24:36 -- ******* Equilibration Started *******
checking ownership. requestor=129.138.12.150
check software interlocks O
interlocks []
actuate state mode=None-script, software_lock=False
doing actuation None-script close_channel True
Close O ===>> OK
GetValveState O ===>> False
change switch state (True, True)
update switch state O False args=() kw={} ncanvase=3
17:24:36 -- CLOSE  VALVE-O (Jan Ion Pump)
waiting 3s before opening inlet value ('R',)
Get Checksum: -423938523
checking ownership. requestor=129.138.12.150
check software interlocks R
interlocks []
actuate state mode=None-script, software_lock=False
doing actuation None-script open_channel True
Open R ===>> OK
GetValveState R ===>> OK
change switch state (True, True)
update switch state R True args=() kw={} ncanvase=3
17:24:40 -- OPEN   VALVE-R (Jan Inlet)
set_time_zero () {}
equilibrating for 12.0sec
sniff (12.0,) {}
py_sniff
build tables- sniff [Detector(H2), Detector(H1), Detector(AX), Detector(L1), Detector(L2), Detector(CDD)]
add group /sniff/PM41 (Group) '' table H2
add group /sniff/Ar40 (Group) '' table H1
add group /sniff/Ar39 (Group) '' table AX
add group /sniff/Ar38 (Group) '' table L1
add group /sniff/Ar37 (Group) '' table L2
add group /sniff/Ar36 (Group) '' table CDD
flush and close file /Users/jan/PychronDev/data/isotopes/e0/6a24f8-7921-4e1d-9683-d90f083c101a.h5
measuring sniff. ncounts=12.0
Get Checksum: -173909521
starting measurement
GetData ===>> H2,-0.113427039200159,H1,-0.074862227839456,AX,-0.0547398824492955,L1,0.00399973051125673,L2,-0.0...
GetData ===>> H2,0.574530868152489,H1,0.557272446493351,AX,1.05098920775016,L1,0.0542534439453948,L2,0.31459515...
GetData ===>> H2,0.756979506050607,H1,1.22397412168811,AX,0.668232552552314,L1,0.171293919278921,L2,0.196235998...
Get Checksum: -173909521
GetData ===>> H2,0.272536224464019,H1,1.41885841420482,AX,0.348905665385227,L1,0.141451924998763,L2,0.023071606...
GetData ===>> H2,0.1078394487122,H1,1.50135474011293,AX,0.227089915495266,L1,0.100762621130739,L2,0.05478134618...
GetData ===>> H2,-0.0155240877895104,H1,1.56190057612628,AX,0.199457424502928,L1,0.0549476542599947,L2,0.101544...
Get Checksum: -173909521
GetData ===>> H2,-0.137229917718193,H1,1.61411162307072,AX,0.0226129520049967,L1,0.0141837115237241,L2,0.087923...
GetData ===>> H2,-0.158221564825101,H1,1.5253547666523,AX,0.148835612997508,L1,0.010978422021071,L2,-0.00536813...
GetData ===>> H2,-0.162431058884984,H1,1.58136902841941,AX,0.0684868857947973,L1,0.0213590910938314,L2,0.059970...
Get Checksum: -173909521
GetData ===>> H2,-0.11898051376986,H1,1.60751357814763,AX,0.00965273264833469,L1,0.00266471089685888,L2,0.05519...
GetData ===>> H2,-0.129925243796183,H1,1.66350850667529,AX,0.107823373822483,L1,0.0135845930533003,L2,0.0691744...
Equilibration Finished
17:24:52 -- ******* Equilibration Finished *******
checking ownership. requestor=129.138.12.150
check software interlocks R
interlocks []
actuate state mode=None-script, software_lock=False
doing actuation None-script close_channel True
GetData ===>> H2,-0.0991470002410333,H1,1.64281633625987,AX,0.0782992198564829,L1,0.0235004431391014,L2,-0.0193...
Close R ===>> OK
set states for children of R. state=False
handle state [('R', False)]
update switch state R False args=() kw={'refresh': False} ncanvase=3
refresh_canvas_needed fired
GetValveState R ===>> False
change switch state (True, True)
update switch state R False args=() kw={} ncanvase=3
Get Checksum: -423938523
17:24:52 -- CLOSE  VALVE-R (Jan Inlet)
Post Equilibration Started jan_pump_extraction_line.py
17:24:52 -- ******* Post Equilibration Started jan_pump_extraction_line.py *******
testing...
no interpolation path defined
calculate duration
testing...
no interpolation path defined
executed 4.0
executed 4.0
Pump after analysis
doing GOSUB
testing...
no interpolation path defined
executed 4.0
Pump Microbone
close () {'description': 'Jan Inlet'}
closing name=--- desc=Jan Inlet
checking ownership. requestor=129.138.12.150
check software interlocks R
interlocks []
actuate state mode=None-script, software_lock=False
doing actuation None-script close_channel False
Close R ===>> OK
measurement finished
estimated time: 12.583 actual time: :12.673
flush and close file /Users/jan/PychronDev/data/isotopes/e0/6a24f8-7921-4e1d-9683-d90f083c101a.h5
set_fits () {}
using default fits file=/Users/jan/PychronDev/scripts/measurement/fits/nominal.yaml
set "Ar40" to "('Parabolic', 'SEM')"
No fit for "PM41". defaulting to linear. check the measurement script "jan_unknown400_120.py"
set "PM41" to "linear"
set "Ar36" to "('Parabolic', 'SEM')"
set "Ar37" to "('linear', 'SEM')"
set "Ar38" to "('linear', 'SEM')"
set "Ar39" to "('Parabolic', 'SEM')"
set_baseline_fits () {}
using default fits file=/Users/jan/PychronDev/scripts/measurement/fits/nominal.yaml
set "H1" to "('average', 'SEM')"
set "H2" to "('average', 'SEM')"
set "CDD" to "('average', 'SEM')"
set "L2" to "('average', 'SEM')"
set "L1" to "('average', 'SEM')"
set "AX" to "('average', 'SEM')"
multicollect () {'integration_time': 1, 'ncounts': 400}
build tables- signal [Detector(H2), Detector(H1), Detector(AX), Detector(L1), Detector(L2), Detector(CDD)]
add group /signal/PM41 (Group) '' table H2
add group /signal/Ar40 (Group) '' table H1
add group /signal/Ar39 (Group) '' table AX
add group /signal/Ar38 (Group) '' table L1
add group /signal/Ar37 (Group) '' table L2
add group /signal/Ar36 (Group) '' table CDD
flush and close file /Users/jan/PychronDev/data/isotopes/e0/6a24f8-7921-4e1d-9683-d90f083c101a.h5
GetValveState R ===>> False
measuring signal. ncounts=400
change switch state (True, True)
update switch state R False args=() kw={} ncanvase=3
17:24:53 -- CLOSE  VALVE-R (Jan Inlet)
---------------------------------------- close None (Jan Inlet) result=[(True, True)]
action=close, ok=True, locked=[False]
is_closed ('F',) {}
is F () closed?
is closed True
open () {'description': 'CO2 Laser to Jan'}
opening name=--- desc=CO2 Laser to Jan
checking ownership. requestor=129.138.12.150
check software interlocks A
interlocks []
actuate state mode=None-script, software_lock=False
doing actuation None-script open_channel False
Open A ===>> OK
GetValveState A ===>> OK
change switch state (True, True)
update switch state A True args=() kw={} ncanvase=3
17:24:53 -- OPEN   VALVE-A (CO2 Laser to Jan)
---------------------------------------- open None (CO2 Laser to Jan) result=[(True, True)], time=0.16 sec
starting measurement
GetData ===>> H2,0.104032726079239,H1,1.70353422341762,AX,0.106709530114962,L1,-0.00298795208210715,L2,0.056127...
action=open, ok=True, locked=[False]
sleep (1,) {}
SLEEP 1.0
testing Ar40>5000.0
evaluate ot="Ar40>5000.0" t="Ar40>5000.0", ctx="{'Ar40': 1.4807886006668904}"
GetData ===>> H2,-0.0415316790649118,H1,1.66026192393536,AX,0.0933676009179341,L1,-0.0262850880404242,L2,0.0181...
close () {'description': 'CO2 Laser to Roughing'}
closing name=--- desc=CO2 Laser to Roughing
checking ownership. requestor=129.138.12.150
check software interlocks G
interlocks []
actuate state mode=None-script, software_lock=True
VALVE-G(CO2 Laser to Roughing) software locked
change switch state (True, False)
---------------------------------------- close None (CO2 Laser to Roughing) result=[(True, False)]
action=close, ok=True, locked=[True]
open () {'description': 'Microbone to Turbo'}
opening name=--- desc=Microbone to Turbo
checking ownership. requestor=129.138.12.150
check software interlocks U
interlocks []
actuate state mode=None-script, software_lock=False
doing actuation None-script open_channel True
Open U ===>> OK
GetValveState U ===>> OK
change switch state (True, True)
update switch state U True args=() kw={} ncanvase=3
17:24:55 -- OPEN   VALVE-U (Microbone to Turbo)
---------------------------------------- open None (Microbone to Turbo) result=[(True, True)], time=0.22 sec
action=open, ok=True, locked=[False]
open () {'description': 'Microbone to Getter NP-10'}
opening name=--- desc=Microbone to Getter NP-10
checking ownership. requestor=129.138.12.150
check software interlocks M
interlocks []
actuate state mode=None-script, software_lock=False
doing actuation None-script open_channel False
Open M ===>> OK
GetValveState M ===>> OK
change switch state (True, True)
update switch state M True args=() kw={} ncanvase=3
17:24:55 -- OPEN   VALVE-M (Microbone to Getter NP-10)
---------------------------------------- open None (Microbone to Getter NP-10) result=[(True, True)], time=0.14 sec
action=open, ok=True, locked=[False]
open () {'description': 'Microbone to Getter D-50'}
opening name=--- desc=Microbone to Getter D-50
checking ownership. requestor=129.138.12.150
check software interlocks K
interlocks []
actuate state mode=None-script, software_lock=False
doing actuation None-script open_channel False
testing Ar40>5000.0
evaluate ot="Ar40>5000.0" t="Ar40>5000.0", ctx="{'Ar40': -0.12420279142387017}"
GetData ===>> H2,-0.087903782701121,H1,1.69827753744636,AX,0.00998918922216721,L1,-0.032780850812002,L2,0.03709...
Open K ===>> OK
Get Checksum: -110011688
GetValveState K ===>> OK
change switch state (True, True)
update switch state K True args=() kw={} ncanvase=3
17:24:56 -- OPEN   VALVE-K (Microbone to Getter D-50)
---------------------------------------- open None (Microbone to Getter D-50) result=[(True, True)], time=0.43 sec
action=open, ok=True, locked=[False]
open () {'description': 'Microbone to CO2 Laser'}
opening name=--- desc=Microbone to CO2 Laser
checking ownership. requestor=129.138.12.150
check software interlocks T
interlocks []
actuate state mode=None-script, software_lock=False
doing actuation None-script open_channel False
Open T ===>> OK
GetValveState T ===>> OK
change switch state (True, True)
update switch state T True args=() kw={} ncanvase=3
17:24:57 -- OPEN   VALVE-T (Microbone to CO2 Laser)
---------------------------------------- open None (Microbone to CO2 Laser) result=[(True, True)], time=0.42 sec
testing Ar40>5000.0
evaluate ot="Ar40>5000.0" t="Ar40>5000.0", ctx="{'Ar40': 9.619630327357042}"
GetData ===>> H2,-0.120019458827246,H1,1.72198892205728,AX,0.0527729732219612,L1,-0.0215055143449358,L2,-0.0371...
action=open, ok=True, locked=[False]
open () {'description': 'Microbone to Inlet Pipette'}
opening name=--- desc=Microbone to Inlet Pipette
checking ownership. requestor=129.138.12.150
check software interlocks S
interlocks []
actuate state mode=None-script, software_lock=False
doing actuation None-script open_channel False
Open S ===>> OK
GetValveState S ===>> OK
change switch state (True, True)
update switch state S True args=() kw={} ncanvase=3
17:24:57 -- OPEN   VALVE-S (Microbone to Inlet Pipette)
---------------------------------------- open None (Microbone to Inlet Pipette) result=[(True, True)], time=0.44 sec
action=open, ok=True, locked=[False]
sleep (1,) {}
SLEEP 1.0
testing Ar40>5000.0
evaluate ot="Ar40>5000.0" t="Ar40>5000.0", ctx="{'Ar40': 4.965159264018745}"
GetData ===>> H2,-0.101869436798512,H1,1.72148359855686,AX,0.00471043560548276,L1,0.00627317583079208,L2,-0.032...
set_resource () {'name': 'CO2PumpTimeFlag', 'value': 30}
Set CO2PumpTimeFlag 30 ===>> OK
release ('JanCO2Flag',) {}
release JanCO2Flag
Set JanCO2Flag 0 ===>> OK
executed 6.0
PumpMicrobone.py completed successfully
gosub finished
get_resource_value () {'name': 'JanMiniboneFlag'}
Read JanMiniboneFlag ===>> 0
Get Resource Value JanMiniboneFlag=0.0
get resource value 0.0
get_resource_value () {'name': 'JanMiniboneFlag'}
Read JanMiniboneFlag ===>> 0
Get Resource Value JanMiniboneFlag=0.0
executed 4.0
jan_pump_extraction_line.py completed successfully
Post Equilibration Finished
17:24:58 -- ******* Post Equilibration Finished *******
testing Ar40>5000.0
evaluate ot="Ar40>5000.0" t="Ar40>5000.0", ctx="{'Ar40': 2.5474445377325803}"
GetData ===>> H2,-0.0913199168081237,H1,1.76247114385506,AX,0.0273356810731013,L1,-0.0361954176237283,L2,0.0242...
Get Checksum: -110011688
testing Ar40>5000.0
evaluate ot="Ar40>5000.0" t="Ar40>5000.0", ctx="{'Ar40': 2.4793433823869617}"
GetData ===>> H2,-0.166487817546953,H1,1.74920793873492,AX,0.0229030393239536,L1,-0.0340057474790793,L2,0.05881...
testing Ar40>5000.0
evaluate ot="Ar40>5000.0" t="Ar40>5000.0", ctx="{'Ar40': 1.6933000744653266}"
GetData ===>> H2,-0.145865679258952,H1,1.7296773701472,AX,0.0303411734068239,L1,-0.0162499167748165,L2,-0.08749...
testing Ar40>5000.0
evaluate ot="Ar40>5000.0" t="Ar40>5000.0", ctx="{'Ar40': 1.1406062347267563}"
GetData ===>> H2,-0.122055136681266,H1,1.75172324032398,AX,0.0563794108493814,L1,-0.0167692435992474,L2,-0.0543...
Get Checksum: -110011688
testing Ar40>5000.0
evaluate ot="Ar40>5000.0" t="Ar40>5000.0", ctx="{'Ar40': 1.1671751189382933}"
GetData ===>> H2,-0.109105791703426,H1,1.75654942503349,AX,0.102695157442402,L1,0.00763856290282767,L2,0.123250...
testing Ar40>5000.0
evaluate ot="Ar40>5000.0" t="Ar40>5000.0", ctx="{'Ar40': 1.1937469243160685}"
testing Ar40>5000.0
evaluate ot="Ar40>5000.0" t="Ar40>5000.0", ctx="{'Ar40': 1.1937469243160685}"
GetData ===>> H2,-0.0595580862906227,H1,1.78168301261212,AX,0.0613080384081746,L1,0.0235184699184671,L2,0.00374...
testing Ar40>5000.0
evaluate ot="Ar40>5000.0" t="Ar40>5000.0", ctx="{'Ar40': 1.3179425646804113}"
testing Ar40>5000.0
evaluate ot="Ar40>5000.0" t="Ar40>5000.0", ctx="{'Ar40': 1.3179425646804113}"
GetData ===>> H2,-0.0653660723925335,H1,1.82324613358065,AX,0.0142472056558497,L1,-0.00938567324664294,L2,0.080...
Get Checksum: -110011688
testing Ar40>5000.0
evaluate ot="Ar40>5000.0" t="Ar40>5000.0", ctx="{'Ar40': 1.5026328416612014}"
testing Ar40>5000.0
evaluate ot="Ar40>5000.0" t="Ar40>5000.0", ctx="{'Ar40': 1.5026328416612014}"
GetData ===>> H2,-0.0632175714002024,H1,1.78646247246734,AX,-0.0589485069089606,L1,-0.0357137298432017,L2,0.061...
testing Ar40>5000.0
evaluate ot="Ar40>5000.0" t="Ar40>5000.0", ctx="{'Ar40': 1.4016441407100517}"
testing Ar40>5000.0
evaluate ot="Ar40>5000.0" t="Ar40>5000.0", ctx="{'Ar40': 1.4016441407100517}"
GetData ===>> H2,-0.164797790444143,H1,1.76888673114239,AX,-0.0936772019018372,L1,-0.0160460166984873,L2,-0.035...
testing Ar40>5000.0
evaluate ot="Ar40>5000.0" t="Ar40>5000.0", ctx="{'Ar40': 1.282935500986604}"
testing Ar40>5000.0
evaluate ot="Ar40>5000.0" t="Ar40>5000.0", ctx="{'Ar40': 1.282935500986604}"
GetData ===>> H2,-0.131946564510147,H1,1.71765765983702,AX,0.0833913526252987,L1,-0.0122965256152971,L2,0.06075...
Get Checksum: -110011688
testing Ar40>5000.0
evaluate ot="Ar40>5000.0" t="Ar40>5000.0", ctx="{'Ar40': 1.0991045213986559}"
testing Ar40>5000.0
evaluate ot="Ar40>5000.0" t="Ar40>5000.0", ctx="{'Ar40': 1.0991045213986559}"
GetData ===>> H2,-0.0313690237073285,H1,1.79993032431647,AX,0.0444879606610629,L1,-0.0482480666357734,L2,0.0518...
testing Ar40>5000.0
evaluate ot="Ar40>5000.0" t="Ar40>5000.0", ctx="{'Ar40': 1.2005478890858257}"
testing Ar40>5000.0
evaluate ot="Ar40>5000.0" t="Ar40>5000.0", ctx="{'Ar40': 1.2005478890858257}"
GetData ===>> H2,-0.126952793659522,H1,1.87260244610317,AX,0.0762578017655866,L1,-0.0625723388252168,L2,0.04243...
testing Ar40>5000.0
evaluate ot="Ar40>5000.0" t="Ar40>5000.0", ctx="{'Ar40': 1.3889498541709844}"
testing Ar40>5000.0
evaluate ot="Ar40>5000.0" t="Ar40>5000.0", ctx="{'Ar40': 1.3889498541709844}"
GetData ===>> H2,-0.21120480869359,H1,1.81903493386766,AX,0.0825329790117582,L1,-0.061847395660948,L2,-0.058896...
testing Ar40>5000.0
evaluate ot="Ar40>5000.0" t="Ar40>5000.0", ctx="{'Ar40': 1.3884755794451298}"
testing Ar40>5000.0
evaluate ot="Ar40>5000.0" t="Ar40>5000.0", ctx="{'Ar40': 1.3884755794451298}"
GetData ===>> H2,-0.254612679442136,H1,1.86054095991148,AX,0.00676389475191296,L1,-0.0410685121226434,L2,-0.023...
Get Checksum: -110011688
testing Ar40>5000.0
evaluate ot="Ar40>5000.0" t="Ar40>5000.0", ctx="{'Ar40': 1.438729148098112}"
testing Ar40>5000.0
evaluate ot="Ar40>5000.0" t="Ar40>5000.0", ctx="{'Ar40': 1.438729148098112}"
GetData ===>> H2,-0.165614488371042,H1,1.81430656743029,AX,0.023541234468286,L1,-0.0214803400661992,L2,0.017667...
testing Ar40>5000.0
evaluate ot="Ar40>5000.0" t="Ar40>5000.0", ctx="{'Ar40': 1.395394022200331}"
testing Ar40>5000.0
evaluate ot="Ar40>5000.0" t="Ar40>5000.0", ctx="{'Ar40': 1.395394022200331}"
GetData ===>> H2,-0.186346949256448,H1,1.96600129298032,AX,0.042097136931654,L1,0.00316892412805786,L2,0.099218...
testing Ar40>5000.0
evaluate ot="Ar40>5000.0" t="Ar40>5000.0", ctx="{'Ar40': 1.5385707728456715}"
testing Ar40>5000.0
evaluate ot="Ar40>5000.0" t="Ar40>5000.0", ctx="{'Ar40': 1.5385707728456715}"
GetData ===>> H2,-0.0743750162884125,H1,1.91688839143562,AX,0.070307776144096,L1,-0.0297029836567438,L2,0.04906...
Get Checksum: -110011688
testing Ar40>5000.0
evaluate ot="Ar40>5000.0" t="Ar40>5000.0", ctx="{'Ar40': 1.5545153021998912}"
testing Ar40>5000.0
evaluate ot="Ar40>5000.0" t="Ar40>5000.0", ctx="{'Ar40': 1.5545153021998912}"
GetData ===>> H2,-0.125708972765943,H1,1.98836509339839,AX,0.0383485363638254,L1,-0.0238536378938472,L2,0.16203...
testing Ar40>5000.0
evaluate ot="Ar40>5000.0" t="Ar40>5000.0", ctx="{'Ar40': 1.6159708547441851}"
testing Ar40>5000.0
evaluate ot="Ar40>5000.0" t="Ar40>5000.0", ctx="{'Ar40': 1.6159708547441851}"
GetData ===>> H2,-0.251026609038917,H1,1.92048943428846,AX,0.00726276424849316,L1,0.0289602074385069,L2,-0.0014...
testing Ar40>5000.0
evaluate ot="Ar40>5000.0" t="Ar40>5000.0", ctx="{'Ar40': 1.5758197208949802}"
testing Ar40>5000.0
evaluate ot="Ar40>5000.0" t="Ar40>5000.0", ctx="{'Ar40': 1.5758197208949802}"
17:25:19 -- collecting point 25
GetData ===>> H2,-0.240935936033236,H1,1.89857202940276,AX,0.0396135278511123,L1,0.0308199271548949,L2,-0.01049...
Get Checksum: -110011688
testing Ar40>5000.0
evaluate ot="Ar40>5000.0" t="Ar40>5000.0", ctx="{'Ar40': 1.5173667067365932}"
testing Ar40>5000.0
evaluate ot="Ar40>5000.0" t="Ar40>5000.0", ctx="{'Ar40': 1.5173667067365932}"
GetData ===>> H2,-0.186786609870701,H1,1.94250796517166,AX,0.0834609508174576,L1,0.031809995348729,L2,-0.005208...
testing Ar40>5000.0
evaluate ot="Ar40>5000.0" t="Ar40>5000.0", ctx="{'Ar40': 1.4999560150409614}"
testing Ar40>5000.0
evaluate ot="Ar40>5000.0" t="Ar40>5000.0", ctx="{'Ar40': 1.4999560150409614}"
GetData ===>> H2,-0.206358611394231,H1,1.89882489542936,AX,0.166329673053425,L1,-0.00884009447335937,L2,0.12758...
testing Ar40>5000.0
evaluate ot="Ar40>5000.0" t="Ar40>5000.0", ctx="{'Ar40': 1.447833956167357}"
testing Ar40>5000.0
evaluate ot="Ar40>5000.0" t="Ar40>5000.0", ctx="{'Ar40': 1.447833956167357}"
GetData ===>> H2,-0.150513293988603,H1,1.98755837859064,AX,0.0375709809454838,L1,-0.0273945639018664,L2,0.06146...
Get Checksum: -110011688
testing Ar40>5000.0
evaluate ot="Ar40>5000.0" t="Ar40>5000.0", ctx="{'Ar40': 1.4612332445855727}"
testing Ar40>5000.0
evaluate ot="Ar40>5000.0" t="Ar40>5000.0", ctx="{'Ar40': 1.4612332445855727}"
GetData ===>> H2,-0.0984605346054782,H1,1.99572214786981,AX,0.0196309044828229,L1,-0.0338261531989379,L2,0.0571...
testing Ar40>5000.0
evaluate ot="Ar40>5000.0" t="Ar40>5000.0", ctx="{'Ar40': 1.466629207270223}"
testing Ar40>5000.0
evaluate ot="Ar40>5000.0" t="Ar40>5000.0", ctx="{'Ar40': 1.466629207270223}"
GetData ===>> H2,-0.140983700488637,H1,1.9287036643634,AX,0.0603338898856686,L1,-0.0330227288410624,L2,0.047847...
testing Ar40>5000.0
evaluate ot="Ar40>5000.0" t="Ar40>5000.0", ctx="{'Ar40': 1.4252198774451426}"
testing Ar40>5000.0
evaluate ot="Ar40>5000.0" t="Ar40>5000.0", ctx="{'Ar40': 1.4252198774451426}"
GetData ===>> H2,-0.189559045368526,H1,2.0069213108836,AX,0.0189115136985896,L1,-0.0351948711638899,L2,0.035190...
Get Checksum: -110011688
testing Ar40>5000.0
evaluate ot="Ar40>5000.0" t="Ar40>5000.0", ctx="{'Ar40': 1.430539970445197}"
testing Ar40>5000.0
evaluate ot="Ar40>5000.0" t="Ar40>5000.0", ctx="{'Ar40': 1.430539970445197}"
GetData ===>> H2,-0.193723164660731,H1,2.05345326683533,AX,0.10080405077328,L1,-0.0261976187555841,L2,0.0488627...
testing Ar40>5000.0
evaluate ot="Ar40>5000.0" t="Ar40>5000.0", ctx="{'Ar40': 1.450476835351977}"
testing Ar40>5000.0
evaluate ot="Ar40>5000.0" t="Ar40>5000.0", ctx="{'Ar40': 1.450476835351977}"
GetData ===>> H2,-0.193228511359602,H1,2.04553782975025,AX,0.00756440750999726,L1,-0.000720067196928294,L2,0.05...
testing Ar40>5000.0
evaluate ot="Ar40>5000.0" t="Ar40>5000.0", ctx="{'Ar40': 1.454379052792853}"
testing Ar40>5000.0
evaluate ot="Ar40>5000.0" t="Ar40>5000.0", ctx="{'Ar40': 1.454379052792853}"
GetData ===>> H2,-0.199060473547136,H1,2.04049010438092,AX,0.0263725506513155,L1,-0.0405870578300867,L2,-0.0728...
Get Checksum: -110011688
testing Ar40>5000.0
evaluate ot="Ar40>5000.0" t="Ar40>5000.0", ctx="{'Ar40': 1.4486274845924085}"
testing Ar40>5000.0
evaluate ot="Ar40>5000.0" t="Ar40>5000.0", ctx="{'Ar40': 1.4486274845924085}"
GetData ===>> H2,-0.177211363012233,H1,2.02957631378939,AX,-0.0168076747052205,L1,-0.0300683051044038,L2,0.0253...
testing Ar40>5000.0
evaluate ot="Ar40>5000.0" t="Ar40>5000.0", ctx="{'Ar40': 1.4340989635416892}"
testing Ar40>5000.0
evaluate ot="Ar40>5000.0" t="Ar40>5000.0", ctx="{'Ar40': 1.4340989635416892}"
GetData ===>> H2,-0.240980354752771,H1,2.01721841020055,AX,0.0647988173135743,L1,-0.0173173262099033,L2,0.11829...
testing Ar40>5000.0
evaluate ot="Ar40>5000.0" t="Ar40>5000.0", ctx="{'Ar40': 1.4134401348057293}"
testing Ar40>5000.0
evaluate ot="Ar40>5000.0" t="Ar40>5000.0", ctx="{'Ar40': 1.4134401348057293}"
GetData ===>> H2,-0.223157137673834,H1,1.99247101031503,AX,0.102022244112388,L1,-0.0153779151472251,L2,0.003464...
Get Checksum: -110011688
testing Ar40>5000.0
evaluate ot="Ar40>5000.0" t="Ar40>5000.0", ctx="{'Ar40': 1.3846469449979795}"
testing Ar40>5000.0
evaluate ot="Ar40>5000.0" t="Ar40>5000.0", ctx="{'Ar40': 1.3846469449979795}"
GetData ===>> H2,-0.170200402321688,H1,2.08885743020704,AX,0.110109113822483,L1,-0.0129497931907772,L2,-0.00100...
testing Ar40>5000.0
evaluate ot="Ar40>5000.0" t="Ar40>5000.0", ctx="{'Ar40': 1.3926700201439655}"
testing Ar40>5000.0
evaluate ot="Ar40>5000.0" t="Ar40>5000.0", ctx="{'Ar40': 1.3926700201439655}"
GetData ===>> H2,-0.180608217125035,H1,2.04695943033937,AX,-0.0234535472196337,L1,-0.0199302023952337,L2,-0.018...
testing Ar40>5000.0
evaluate ot="Ar40>5000.0" t="Ar40>5000.0", ctx="{'Ar40': 1.3811800105278422}"
testing Ar40>5000.0
evaluate ot="Ar40>5000.0" t="Ar40>5000.0", ctx="{'Ar40': 1.3811800105278422}"
GetData ===>> H2,-0.12054024837373,H1,2.06581559972723,AX,-0.0277563046835656,L1,-0.0147925401661786,L2,0.02909...
Get Checksum: -110011688
testing Ar40>5000.0
evaluate ot="Ar40>5000.0" t="Ar40>5000.0", ctx="{'Ar40': 1.375043791314912}"
testing Ar40>5000.0
evaluate ot="Ar40>5000.0" t="Ar40>5000.0", ctx="{'Ar40': 1.375043791314912}"
GetData ===>> H2,-0.181277480995558,H1,2.01592970995248,AX,0.0546515510733027,L1,-0.023756559421755,L2,0.029946...
testing Ar40>5000.0
evaluate ot="Ar40>5000.0" t="Ar40>5000.0", ctx="{'Ar40': 1.3524656440523164}"
testing Ar40>5000.0
evaluate ot="Ar40>5000.0" t="Ar40>5000.0", ctx="{'Ar40': 1.3524656440523164}"
GetData ===>> H2,-0.22318138111479,H1,1.99302490043547,AX,-0.0107181261131228,L1,-0.028221199600285,L2,0.030789...
Get Checksum: -110011688
testing Ar40>5000.0
evaluate ot="Ar40>5000.0" t="Ar40>5000.0", ctx="{'Ar40': 1.32615425013487}"
testing Ar40>5000.0
evaluate ot="Ar40>5000.0" t="Ar40>5000.0", ctx="{'Ar40': 1.32615425013487}"
GetData ===>> H2,-0.195583642777014,H1,2.06769538504139,AX,-0.0770562689611141,L1,-0.00332269182555433,L2,0.079...
testing Ar40>5000.0
evaluate ot="Ar40>5000.0" t="Ar40>5000.0", ctx="{'Ar40': 1.324243407633865}"
testing Ar40>5000.0
evaluate ot="Ar40>5000.0" t="Ar40>5000.0", ctx="{'Ar40': 1.324243407633865}"
GetData ===>> H2,-0.199934233521166,H1,2.02381873998696,AX,0.0774640891012287,L1,0.00396251083996882,L2,0.04662...
testing Ar40>5000.0
evaluate ot="Ar40>5000.0" t="Ar40>5000.0", ctx="{'Ar40': 1.3096294565992843}"
testing Ar40>5000.0
evaluate ot="Ar40>5000.0" t="Ar40>5000.0", ctx="{'Ar40': 1.3096294565992843}"
GetData ===>> H2,-0.0713326365199496,H1,2.17375891690026,AX,0.0174959538067027,L1,0.00170797565897953,L2,-0.034...
Get Checksum: -110011688
testing Ar40>5000.0
evaluate ot="Ar40>5000.0" t="Ar40>5000.0", ctx="{'Ar40': 1.3341728862176918}"
testing Ar40>5000.0
evaluate ot="Ar40>5000.0" t="Ar40>5000.0", ctx="{'Ar40': 1.3341728862176918}"
GetData ===>> H2,-0.052186734433951,H1,2.0594896557961,AX,-0.0191853950162991,L1,0.0227902136840235,L2,0.014897...
testing Ar40>5000.0
evaluate ot="Ar40>5000.0" t="Ar40>5000.0", ctx="{'Ar40': 1.324412824439567}"
testing Ar40>5000.0
evaluate ot="Ar40>5000.0" t="Ar40>5000.0", ctx="{'Ar40': 1.324412824439567}"
GetData ===>> H2,-0.185997636165898,H1,2.10129641573011,AX,0.0160456064139984,L1,-0.00190687066974432,L2,0.0198...
testing Ar40>5000.0
evaluate ot="Ar40>5000.0" t="Ar40>5000.0", ctx="{'Ar40': 1.3248578938541589}"
testing Ar40>5000.0
evaluate ot="Ar40>5000.0" t="Ar40>5000.0", ctx="{'Ar40': 1.3248578938541589}"
GetData ===>> H2,-0.219161646906657,H1,2.18253264374153,AX,0.0432112999085613,L1,-0.00525052812732012,L2,-0.020...
Get Checksum: -110011688
testing Ar40>5000.0
evaluate ot="Ar40>5000.0" t="Ar40>5000.0", ctx="{'Ar40': 1.3417620585732823}"
testing Ar40>5000.0
evaluate ot="Ar40>5000.0" t="Ar40>5000.0", ctx="{'Ar40': 1.3417620585732823}"
GetData ===>> H2,-0.159203514777805,H1,2.15350379931338,AX,0.0914766753621384,L1,-0.0173509057931042,L2,0.00968...
testing Ar40>5000.0
evaluate ot="Ar40>5000.0" t="Ar40>5000.0", ctx="{'Ar40': 1.3475211123909543}"
testing Ar40>5000.0
evaluate ot="Ar40>5000.0" t="Ar40>5000.0", ctx="{'Ar40': 1.3475211123909543}"
17:25:45 -- collecting point 50
GetData ===>> H2,-0.146541126639555,H1,2.20662815000681,AX,0.038278904282177,L1,-0.0100199463377953,L2,0.007066...
testing Ar40>5000.0
evaluate ot="Ar40>5000.0" t="Ar40>5000.0", ctx="{'Ar40': 1.3614660621177537}"
testing age>25.0
evaluate ot="age>25.0" t="age>25.0", ctx="{'age': -11.710974645442745}"
testing Ar39<0.5
evaluate ot="Ar39.bs_corrected<0.5" t="Ar39<0.5", ctx="{'Ar39': 0.0996479592697196}"
condition Ar39<0.5 is true trips=1/1
17:25:46 -- Conditional tripped: Ar39.bs_corrected<0.5 condition Ar39<0.5 is True
17:25:46 -- truncation conditional condition Ar39<0.5 is True. measurement iteration executed 50/400 counts
state changed from measurement to truncated
measurement finished
estimated time: 419.430 actual time: :52.656
flush and close file /Users/jan/PychronDev/data/isotopes/e0/6a24f8-7921-4e1d-9683-d90f083c101a.h5
baselines () {'settling_time': 15.0, 'detector': 'H1', 'mass': 34.2, 'ncounts': 120}
%%%%%%%%%%%%%%%%%%%%%%%%%%%%%%%% Baseline
build tables- baseline [Detector(H2), Detector(H1), Detector(AX), Detector(L1), Detector(L2), Detector(CDD)]
add group baseline table H2
add group baseline table H1
add group baseline table AX
add group baseline table L1
add group baseline table L2
add group baseline table CDD
flush and close file /Users/jan/PychronDev/data/isotopes/e0/6a24f8-7921-4e1d-9683-d90f083c101a.h5
detector Detector(H1)
POSITION 34.2 H1
Mapping mass to dac mass func: "parabolic"
H1 map mass coeffs = [-0.00063987  0.15840543  0.57059999]
H1 map mass to dac 34.2 >> 5.23964599104
GetDeflection H1 ===>> 0
GetHighVoltage ===>> 4499.94659342336
positioning 34.2 (5.23961513526) on H1
setting magnet DAC
current  : 5.878955
requested: 5.239615
Delta Dac: 0.639340
Checking detector protection. dv=0.63934
Checking detector "CDD". Protection Threshold: 0.1 (V)
ProtectDetector CDD,On ===>> OK
GetDeflection CDD ===>> 2000
SetMagnetDAC 5.23961513526 ===>> OK
Magnet settling time: 0.500
loading system conditionals pre_run_terminations
loading conditionals from /Users/jan/PychronDev/setupfiles/spectrometer/default_conditionals.yaml
loading queue conditionals pre_run_terminations
loading system conditionals None
loading conditionals from /Users/jan/PychronDev/setupfiles/spectrometer/default_conditionals.yaml
loading queue conditionals None
loading system conditionals post_run_terminations
loading conditionals from /Users/jan/PychronDev/setupfiles/spectrometer/default_conditionals.yaml
loading queue conditionals post_run_terminations
Show conditionals active run: <pychron.experiment.automated_run.automated_run.AutomatedRun object at 0x15382ee30>
Show conditionals measuring run: <pychron.experiment.automated_run.automated_run.AutomatedRun object at 0x15382ee30>
active_run same as measuring_run: True
Get Checksum: -110011688
GetMagnetMoving ===>> True
GetMagnetMoving ===>> True
GetMagnetMoving ===>> True
GetMagnetMoving ===>> True
GetMagnetMoving ===>> True
GetMagnetMoving ===>> True
GetMagnetMoving ===>> True
GetMagnetMoving ===>> True
GetMagnetMoving ===>> False
ProtectDetector CDD,Off ===>> OK
GetDeflection CDD ===>> 50
Delaying 15.0s for detectors to settle
Get Checksum: -110011688
Get Checksum: -110011688
Get Checksum: -110011688
Get Checksum: -110011688
Get Checksum: -110011688
Join finished
measuring baseline. ncounts=120.0
starting measurement
GetData ===>> H2,-0.172526389407316,H1,0.0350855254108719,AX,-0.0764998706290428,L1,-0.000337236240604875,L2,-0...
Get Checksum: -110011688
testing Ar40>5000.0
evaluate ot="Ar40>5000.0" t="Ar40>5000.0", ctx="{'Ar40': 1.3614660621177537}"
GetData ===>> H2,-0.138135697411244,H1,-0.106337109227783,AX,-0.0182923068815192,L1,-0.0339949719127484,L2,-0.0...
testing Ar40>5000.0
evaluate ot="Ar40>5000.0" t="Ar40>5000.0", ctx="{'Ar40': 1.366879005299574}"
GetData ===>> H2,-0.249356216585807,H1,-0.0501139454492481,AX,-0.12803435430515,L1,0.000508883801905854,L2,-0.0...
testing Ar40>5000.0
evaluate ot="Ar40>5000.0" t="Ar40>5000.0", ctx="{'Ar40': 1.3717083898131714}"
GetData ===>> H2,-0.250465804353728,H1,-0.0138745667102256,AX,0.00606780205244592,L1,-0.0464958522600433,L2,-0....
Get Checksum: -110011688
testing Ar40>5000.0
evaluate ot="Ar40>5000.0" t="Ar40>5000.0", ctx="{'Ar40': 1.3650632373852147}"
GetData ===>> H2,-0.274225419102882,H1,-0.00389122844917085,AX,-0.0861784295701938,L1,-0.0435388960525793,L2,0....
testing Ar40>5000.0
evaluate ot="Ar40>5000.0" t="Ar40>5000.0", ctx="{'Ar40': 1.3590794782762297}"
GetData ===>> H2,-0.35758322387032,H1,-0.0553597573103247,AX,0.0203735069975133,L1,-0.0429210576530902,L2,-0.03...
testing Ar40>5000.0
evaluate ot="Ar40>5000.0" t="Ar40>5000.0", ctx="{'Ar40': 1.363668393680432}"
GetData ===>> H2,-0.205760271214098,H1,-0.0589482111202021,AX,-0.159660444601563,L1,-0.0105426820160232,L2,-0.0...
Get Checksum: -110011688
testing Ar40>5000.0
evaluate ot="Ar40>5000.0" t="Ar40>5000.0", ctx="{'Ar40': 1.3674588266562733}"
GetData ===>> H2,-0.182734612263714,H1,-0.0106423164911494,AX,-0.075305921802679,L1,-0.0264312678869065,L2,-0.0...
testing Ar40>5000.0
evaluate ot="Ar40>5000.0" t="Ar40>5000.0", ctx="{'Ar40': 1.3642634145595225}"
GetData ===>> H2,-0.2248001865447,H1,0.0332598290544663,AX,-0.118047117779814,L1,-0.049760661661066,L2,-0.01099...
testing Ar40>5000.0
evaluate ot="Ar40>5000.0" t="Ar40>5000.0", ctx="{'Ar40': 1.3569000778680924}"
GetData ===>> H2,-0.197655304418225,H1,0.0264943034370859,AX,-0.053221022864683,L1,0.000738128563729565,L2,0.04...
Get Checksum: -110011688
testing Ar40>5000.0
evaluate ot="Ar40>5000.0" t="Ar40>5000.0", ctx="{'Ar40': 1.3516859610766865}"
testing Ar40>5000.0
evaluate ot="Ar40>5000.0" t="Ar40>5000.0", ctx="{'Ar40': 1.3516859610766865}"
GetData ===>> H2,-0.2738962957015,H1,-0.0473359382566983,AX,-0.0812059728330814,L1,0.0092657508502434,L2,0.0105...
testing Ar40>5000.0
evaluate ot="Ar40>5000.0" t="Ar40>5000.0", ctx="{'Ar40': 1.354131705674062}"
testing Ar40>5000.0
evaluate ot="Ar40>5000.0" t="Ar40>5000.0", ctx="{'Ar40': 1.354131705674062}"
GetData ===>> H2,-0.293995869300962,H1,-0.146804253299693,AX,0.02838005012955,L1,-0.0445278373650477,L2,-0.0147...
Get Checksum: -110011688
testing Ar40>5000.0
evaluate ot="Ar40>5000.0" t="Ar40>5000.0", ctx="{'Ar40': 1.3644588524254577}"
testing Ar40>5000.0
evaluate ot="Ar40>5000.0" t="Ar40>5000.0", ctx="{'Ar40': 1.3644588524254577}"
GetData ===>> H2,-0.255501289375044,H1,-0.0407065623058365,AX,-0.0415563187112261,L1,-0.0344051480111771,L2,0.0...
testing Ar40>5000.0
evaluate ot="Ar40>5000.0" t="Ar40>5000.0", ctx="{'Ar40': 1.365035846523265}"
testing Ar40>5000.0
evaluate ot="Ar40>5000.0" t="Ar40>5000.0", ctx="{'Ar40': 1.365035846523265}"
GetData ===>> H2,-0.249450367661401,H1,-0.0745999948896568,AX,-0.0581021590357172,L1,-0.0646129043291179,L2,0.0...
testing Ar40>5000.0
evaluate ot="Ar40>5000.0" t="Ar40>5000.0", ctx="{'Ar40': 1.3679513723630872}"
testing Ar40>5000.0
evaluate ot="Ar40>5000.0" t="Ar40>5000.0", ctx="{'Ar40': 1.3679513723630872}"
GetData ===>> H2,-0.155879128866816,H1,-0.079367759363058,AX,-0.0119012682308398,L1,-0.0808924046863479,L2,-0.0...
Get Checksum: -110011688
testing Ar40>5000.0
evaluate ot="Ar40>5000.0" t="Ar40>5000.0", ctx="{'Ar40': 1.3707960123891598}"
testing Ar40>5000.0
evaluate ot="Ar40>5000.0" t="Ar40>5000.0", ctx="{'Ar40': 1.3707960123891598}"
GetData ===>> H2,-0.149685479980704,H1,-0.0553716792967894,AX,-0.12341161938509,L1,-0.0213964253487551,L2,-0.07...
testing Ar40>5000.0
evaluate ot="Ar40>5000.0" t="Ar40>5000.0", ctx="{'Ar40': 1.3717853174078316}"
testing Ar40>5000.0
evaluate ot="Ar40>5000.0" t="Ar40>5000.0", ctx="{'Ar40': 1.3717853174078316}"
GetData ===>> H2,-0.262327889237066,H1,-0.0163434107732339,AX,-0.0725934010870179,L1,0.0131932042303485,L2,-0.0...
testing Ar40>5000.0
evaluate ot="Ar40>5000.0" t="Ar40>5000.0", ctx="{'Ar40': 1.3703624530993919}"
testing Ar40>5000.0
evaluate ot="Ar40>5000.0" t="Ar40>5000.0", ctx="{'Ar40': 1.3703624530993919}"
GetData ===>> H2,-0.327689561667508,H1,-0.0248467408982876,AX,-0.0570239243705012,L1,0.0173708039780583,L2,0.12...
Get Checksum: -110011688
testing Ar40>5000.0
evaluate ot="Ar40>5000.0" t="Ar40>5000.0", ctx="{'Ar40': 1.3695700920543925}"
testing Ar40>5000.0
evaluate ot="Ar40>5000.0" t="Ar40>5000.0", ctx="{'Ar40': 1.3695700920543925}"
GetData ===>> H2,-0.207972893871961,H1,-0.0207203904163176,AX,-0.195104706042871,L1,-0.0190633159459291,L2,-0.1...
testing Ar40>5000.0
evaluate ot="Ar40>5000.0" t="Ar40>5000.0", ctx="{'Ar40': 1.3686439610940262}"
testing Ar40>5000.0
evaluate ot="Ar40>5000.0" t="Ar40>5000.0", ctx="{'Ar40': 1.3686439610940262}"
GetData ===>> H2,-0.090676336545339,H1,-0.00600248335886884,AX,-0.061522286717787,L1,-0.0327125970481249,L2,-0....
testing Ar40>5000.0
evaluate ot="Ar40>5000.0" t="Ar40>5000.0", ctx="{'Ar40': 1.3670745478768245}"
testing Ar40>5000.0
evaluate ot="Ar40>5000.0" t="Ar40>5000.0", ctx="{'Ar40': 1.3670745478768245}"
GetData ===>> H2,-0.155685930590086,H1,-0.0240596467109054,AX,-0.0524557869178004,L1,-0.0783785296257306,L2,-0....
Get Checksum: -110011688
testing Ar40>5000.0
evaluate ot="Ar40>5000.0" t="Ar40>5000.0", ctx="{'Ar40': 1.3665144675065957}"
testing Ar40>5000.0
evaluate ot="Ar40>5000.0" t="Ar40>5000.0", ctx="{'Ar40': 1.3665144675065957}"
GetData ===>> H2,-0.230236705617698,H1,-0.0778659380632483,AX,0.056344621423875,L1,-0.0553780111393496,L2,-0.02...
testing Ar40>5000.0
evaluate ot="Ar40>5000.0" t="Ar40>5000.0", ctx="{'Ar40': 1.3684510440496762}"
testing Ar40>5000.0
evaluate ot="Ar40>5000.0" t="Ar40>5000.0", ctx="{'Ar40': 1.3684510440496762}"
GetData ===>> H2,-0.189830049561829,H1,-0.0166177230212615,AX,0.0200138081970448,L1,-0.0213173051168698,L2,-0.0...
testing Ar40>5000.0
evaluate ot="Ar40>5000.0" t="Ar40>5000.0", ctx="{'Ar40': 1.3675562567610982}"
testing Ar40>5000.0
evaluate ot="Ar40>5000.0" t="Ar40>5000.0", ctx="{'Ar40': 1.3675562567610982}"
GetData ===>> H2,-0.181304466612232,H1,-0.0242385322970272,AX,-0.0644090128052966,L1,-0.0308444194060259,L2,0.0...
Get Checksum: -110011688
testing Ar40>5000.0
evaluate ot="Ar40>5000.0" t="Ar40>5000.0", ctx="{'Ar40': 1.3670535687997254}"
testing Ar40>5000.0
evaluate ot="Ar40>5000.0" t="Ar40>5000.0", ctx="{'Ar40': 1.3670535687997254}"
17:26:29 -- collecting point 25
GetData ===>> H2,-0.179303308689672,H1,-0.0888668528414403,AX,-0.162975923151387,L1,-0.012419990443576,L2,-0.01...
testing Ar40>5000.0
evaluate ot="Ar40>5000.0" t="Ar40>5000.0", ctx="{'Ar40': 1.3691762286970386}"
testing Ar40>5000.0
evaluate ot="Ar40>5000.0" t="Ar40>5000.0", ctx="{'Ar40': 1.3691762286970386}"
GetData ===>> H2,-0.220204436468667,H1,-0.025192583356559,AX,-0.0327778807943842,L1,-0.0238668213178003,L2,-0.0...
testing Ar40>5000.0
evaluate ot="Ar40>5000.0" t="Ar40>5000.0", ctx="{'Ar40': 1.368686596698986}"
testing Ar40>5000.0
evaluate ot="Ar40>5000.0" t="Ar40>5000.0", ctx="{'Ar40': 1.368686596698986}"
GetData ===>> H2,-0.206934012294527,H1,-0.0798206851721826,AX,-0.118533758635661,L1,-0.0378955190785112,L2,-0.0...
Get Checksum: -110011688
testing Ar40>5000.0
evaluate ot="Ar40>5000.0" t="Ar40>5000.0", ctx="{'Ar40': 1.370256496768035}"
testing Ar40>5000.0
evaluate ot="Ar40>5000.0" t="Ar40>5000.0", ctx="{'Ar40': 1.370256496768035}"
GetData ===>> H2,-0.1447713691162,H1,-0.0446174703004452,AX,-0.0964586706540536,L1,-0.0713333109918125,L2,-0.08...
testing Ar40>5000.0
evaluate ot="Ar40>5000.0" t="Ar40>5000.0", ctx="{'Ar40': 1.370457003443875}"
testing Ar40>5000.0
evaluate ot="Ar40>5000.0" t="Ar40>5000.0", ctx="{'Ar40': 1.370457003443875}"
GetData ===>> H2,-0.204880222398113,H1,-0.0714769860239215,AX,0.0472966732431569,L1,-0.0623665846997361,L2,0.05...
testing Ar40>5000.0
evaluate ot="Ar40>5000.0" t="Ar40>5000.0", ctx="{'Ar40': 1.371569872270467}"
testing Ar40>5000.0
evaluate ot="Ar40>5000.0" t="Ar40>5000.0", ctx="{'Ar40': 1.371569872270467}"
GetData ===>> H2,-0.241503944066069,H1,0.0520434201260801,AX,-0.0594702245332997,L1,-0.00424766744398684,L2,-0....
Get Checksum: -110011688
testing Ar40>5000.0
evaluate ot="Ar40>5000.0" t="Ar40>5000.0", ctx="{'Ar40': 1.368491202970286}"
testing Ar40>5000.0
evaluate ot="Ar40>5000.0" t="Ar40>5000.0", ctx="{'Ar40': 1.368491202970286}"
GetData ===>> H2,-0.212052039954646,H1,0.0174027297974224,AX,-0.0374745015535856,L1,0.0194248150253376,L2,-0.07...
testing Ar40>5000.0
evaluate ot="Ar40>5000.0" t="Ar40>5000.0", ctx="{'Ar40': 1.3667285991194285}"
testing Ar40>5000.0
evaluate ot="Ar40>5000.0" t="Ar40>5000.0", ctx="{'Ar40': 1.3667285991194285}"
GetData ===>> H2,-0.248343370354978,H1,-0.0360800469813015,AX,-0.0433652511127395,L1,-0.0146977733908265,L2,-0....
testing Ar40>5000.0
evaluate ot="Ar40>5000.0" t="Ar40>5000.0", ctx="{'Ar40': 1.3667474947835845}"
testing Ar40>5000.0
evaluate ot="Ar40>5000.0" t="Ar40>5000.0", ctx="{'Ar40': 1.3667474947835845}"
GetData ===>> H2,-0.288382444767481,H1,-0.0650876260335885,AX,-0.0809393770660753,L1,-0.0617552786721021,L2,0.0...
Get Checksum: -110011688
testing Ar40>5000.0
evaluate ot="Ar40>5000.0" t="Ar40>5000.0", ctx="{'Ar40': 1.3676442628030125}"
testing Ar40>5000.0
evaluate ot="Ar40>5000.0" t="Ar40>5000.0", ctx="{'Ar40': 1.3676442628030125}"
GetData ===>> H2,-0.32034741070225,H1,0.000522273112513361,AX,0.00039483214560644,L1,-0.0208413718042791,L2,-0....
testing Ar40>5000.0
evaluate ot="Ar40>5000.0" t="Ar40>5000.0", ctx="{'Ar40': 1.366558576846412}"
testing Ar40>5000.0
evaluate ot="Ar40>5000.0" t="Ar40>5000.0", ctx="{'Ar40': 1.366558576846412}"
GetData ===>> H2,-0.274271092611761,H1,-0.0281500838487545,AX,0.0475055889867724,L1,-0.058726910710076,L2,-0.05...
Get Checksum: -110011688
testing Ar40>5000.0
evaluate ot="Ar40>5000.0" t="Ar40>5000.0", ctx="{'Ar40': 1.3663541402862251}"
testing Ar40>5000.0
evaluate ot="Ar40>5000.0" t="Ar40>5000.0", ctx="{'Ar40': 1.3663541402862251}"
GetData ===>> H2,-0.189244888108041,H1,-0.105860471498009,AX,-0.055122492194366,L1,-0.00498782667192591,L2,0.03...
testing Ar40>5000.0
evaluate ot="Ar40>5000.0" t="Ar40>5000.0", ctx="{'Ar40': 1.3683196831918614}"
testing Ar40>5000.0
evaluate ot="Ar40>5000.0" t="Ar40>5000.0", ctx="{'Ar40': 1.3683196831918614}"
GetData ===>> H2,-0.244461969516929,H1,-0.0262897308324959,AX,-0.146084351855204,L1,-0.0130420862918931,L2,0.02...
testing Ar40>5000.0
evaluate ot="Ar40>5000.0" t="Ar40>5000.0", ctx="{'Ar40': 1.3680284199765036}"
testing Ar40>5000.0
evaluate ot="Ar40>5000.0" t="Ar40>5000.0", ctx="{'Ar40': 1.3680284199765036}"
GetData ===>> H2,-0.145353663337464,H1,0.00319432538347115,AX,-0.0394110668331841,L1,-0.0071528099095791,L2,-0....
Get Checksum: -110011688
testing Ar40>5000.0
evaluate ot="Ar40>5000.0" t="Ar40>5000.0", ctx="{'Ar40': 1.3669765901878494}"
testing Ar40>5000.0
evaluate ot="Ar40>5000.0" t="Ar40>5000.0", ctx="{'Ar40': 1.3669765901878494}"
GetData ===>> H2,-0.22240152436088,H1,-0.00562079085357754,AX,-0.123828717266251,L1,-0.0130360932590759,L2,0.03...
testing Ar40>5000.0
evaluate ot="Ar40>5000.0" t="Ar40>5000.0", ctx="{'Ar40': 1.3662047290098198}"
testing Ar40>5000.0
evaluate ot="Ar40>5000.0" t="Ar40>5000.0", ctx="{'Ar40': 1.3662047290098198}"
GetData ===>> H2,-0.149052087177819,H1,-0.0108570079337287,AX,-0.122519487358062,L1,0.00212571085811189,L2,-0.0...
testing Ar40>5000.0
evaluate ot="Ar40>5000.0" t="Ar40>5000.0", ctx="{'Ar40': 1.3656023663176953}"
testing Ar40>5000.0
evaluate ot="Ar40>5000.0" t="Ar40>5000.0", ctx="{'Ar40': 1.3656023663176953}"
GetData ===>> H2,-0.123074867285545,H1,-0.042948198997572,AX,-0.0518992479040594,L1,-0.0279516519473224,L2,0.11...
Get Checksum: -110011688
testing Ar40>5000.0
evaluate ot="Ar40>5000.0" t="Ar40>5000.0", ctx="{'Ar40': 1.3658120991486955}"
testing Ar40>5000.0
evaluate ot="Ar40>5000.0" t="Ar40>5000.0", ctx="{'Ar40': 1.3658120991486955}"
GetData ===>> H2,-0.24002194844446,H1,-0.0517234851485913,AX,-0.108649837219224,L1,-0.0218831209661456,L2,0.030...
testing Ar40>5000.0
evaluate ot="Ar40>5000.0" t="Ar40>5000.0", ctx="{'Ar40': 1.3662207800865764}"
testing Ar40>5000.0
evaluate ot="Ar40>5000.0" t="Ar40>5000.0", ctx="{'Ar40': 1.3662207800865764}"
GetData ===>> H2,-0.37056895937771,H1,-0.0965059964644908,AX,0.0335092252310434,L1,-0.0329688456254968,L2,-0.07...
testing Ar40>5000.0
evaluate ot="Ar40>5000.0" t="Ar40>5000.0", ctx="{'Ar40': 1.3676519063602752}"
testing Ar40>5000.0
evaluate ot="Ar40>5000.0" t="Ar40>5000.0", ctx="{'Ar40': 1.3676519063602752}"
GetData ===>> H2,-0.201902642969836,H1,-0.0171901983346821,AX,-0.0316761715015336,L1,-0.03062524504826,L2,0.052...
Get Checksum: -110011688
testing Ar40>5000.0
evaluate ot="Ar40>5000.0" t="Ar40>5000.0", ctx="{'Ar40': 1.3672153496640371}"
testing Ar40>5000.0
evaluate ot="Ar40>5000.0" t="Ar40>5000.0", ctx="{'Ar40': 1.3672153496640371}"
GetData ===>> H2,-0.176392024777864,H1,-0.0790816999009401,AX,-0.15438558669618,L1,-0.0123672483721527,L2,-0.07...
testing Ar40>5000.0
evaluate ot="Ar40>5000.0" t="Ar40>5000.0", ctx="{'Ar40': 1.3681735621891042}"
testing Ar40>5000.0
evaluate ot="Ar40>5000.0" t="Ar40>5000.0", ctx="{'Ar40': 1.3681735621891042}"
GetData ===>> H2,-0.197709248872819,H1,-0.0316202653327434,AX,0.1049575725593,L1,-0.0193151163878566,L2,-0.1351...
testing Ar40>5000.0
evaluate ot="Ar40>5000.0" t="Ar40>5000.0", ctx="{'Ar40': 1.3680583429833382}"
testing Ar40>5000.0
evaluate ot="Ar40>5000.0" t="Ar40>5000.0", ctx="{'Ar40': 1.3680583429833382}"
GetData ===>> H2,-0.112027416625204,H1,0.0251460258079429,AX,0.0564142002872572,L1,-0.0183762283951882,L2,-0.08...
testing Ar40>5000.0
evaluate ot="Ar40>5000.0" t="Ar40>5000.0", ctx="{'Ar40': 1.3667402332939727}"
testing Ar40>5000.0
evaluate ot="Ar40>5000.0" t="Ar40>5000.0", ctx="{'Ar40': 1.3667402332939727}"
GetData ===>> H2,-0.16228253100834,H1,-0.0146617409951809,AX,-0.158153371534029,L1,-0.06436054736886,L2,-0.0206...
testing Ar40>5000.0
evaluate ot="Ar40>5000.0" t="Ar40>5000.0", ctx="{'Ar40': 1.3663063733167298}"
testing Ar40>5000.0
evaluate ot="Ar40>5000.0" t="Ar40>5000.0", ctx="{'Ar40': 1.3663063733167298}"
GetData ===>> H2,-0.0506926198248781,H1,-0.0233679527697593,AX,-0.102415382058681,L1,-0.0513914721627076,L2,-0....
Get Checksum: -110011688
testing Ar40>5000.0
evaluate ot="Ar40>5000.0" t="Ar40>5000.0", ctx="{'Ar40': 1.3660678997013043}"
testing Ar40>5000.0
evaluate ot="Ar40>5000.0" t="Ar40>5000.0", ctx="{'Ar40': 1.3660678997013043}"
17:26:56 -- collecting point 50
GetData ===>> H2,-0.193533123307179,H1,-0.0744569584455455,AX,-0.0819825737302531,L1,-0.0404624987352714,L2,0.0...
testing Ar40>5000.0
evaluate ot="Ar40>5000.0" t="Ar40>5000.0", ctx="{'Ar40': 1.3668607451440113}"
testing age>25.0
evaluate ot="age>25.0" t="age>25.0", ctx="{'age': -11.428776274144429}"
testing Ar39<0.5
evaluate ot="Ar39.bs_corrected<0.5" t="Ar39<0.5", ctx="{'Ar39': 0.10112674708317262}"
condition Ar39<0.5 is true trips=1/1
17:26:57 -- Conditional tripped: Ar39.bs_corrected<0.5 condition Ar39<0.5 is True
17:26:57 -- truncation conditional condition Ar39<0.5 is True. measurement iteration executed 50/120 counts
measurement finished
estimated time: 125.829 actual time: :52.627
flush and close file /Users/jan/PychronDev/data/isotopes/e0/6a24f8-7921-4e1d-9683-d90f083c101a.h5
activate_detectors ('H1', 'AX', 'L2', 'CDD') {'peak_center': True}
peak_center () {'detector': 'H1', 'integration_time': 0.262144, 'isotope': 'Ar40'}
peak center: mean=2.09776783169 threshold=3
Skipping peak center. intensities to small. 2.09776783169<3
finished measure script
executed 568.532928
jan_unknown400_120.py completed successfully
Measurement Finished
17:26:57 -- ******* Measurement Finished *******
Post Measurement Started jan_pump_ms.py
17:26:57 -- ******* Post Measurement Started jan_pump_ms.py *******
testing...
no interpolation path defined
executed 0
Pumping spectrometer
open () {'name': 'O'}
opening name=O desc=---
checking ownership. requestor=129.138.12.150
check software interlocks O
interlocks []
actuate state mode=None-script, software_lock=False
doing actuation None-script open_channel True
Open O ===>> OK
loading system conditionals pre_run_terminations
loading conditionals from /Users/jan/PychronDev/setupfiles/spectrometer/default_conditionals.yaml
loading queue conditionals pre_run_terminations
loading system conditionals None
loading conditionals from /Users/jan/PychronDev/setupfiles/spectrometer/default_conditionals.yaml
GetValveState O ===>> OK
loading queue conditionals None
change switch state (True, True)
loading system conditionals post_run_terminations
update switch state O True args=() kw={} ncanvase=3
loading conditionals from /Users/jan/PychronDev/setupfiles/spectrometer/default_conditionals.yaml
17:26:57 -- OPEN   VALVE-O (Jan Ion Pump)
loading queue conditionals post_run_terminations
---------------------------------------- open O () result=[(True, True)], time=0.13 sec
Show conditionals active run: <pychron.experiment.automated_run.automated_run.AutomatedRun object at 0x15382ee30>
Show conditionals measuring run: <pychron.experiment.automated_run.automated_run.AutomatedRun object at 0x15382ee30>
active_run same as measuring_run: True
action=open, ok=True, locked=[False]
executed 0
jan_pump_ms.py completed successfully
setting _ms_pumptime
Post Measurement Finished
17:26:57 -- ******* Post Measurement Finished *******
$$$$$$$$$$$$$$$$$$$$ state at run end truncated
post measurement save measured=True aborted=False
Set filtering
setting fod for Ar40= {'filter_outliers': True, 'std_devs': 2, 'iterations': 1}
setting fod for H1= {'filter_outliers': True, 'std_devs': 2, 'iterations': 1}
setting fod for PM41= {'filter_outliers': False, 'std_devs': 2, 'iterations': 1}
setting fod for H2= {'filter_outliers': True, 'std_devs': 2, 'iterations': 1}
setting fod for Ar36= {'filter_outliers': True, 'std_devs': 2, 'iterations': 1}
setting fod for CDD= {'filter_outliers': True, 'std_devs': 10, 'iterations': 1}
setting fod for Ar37= {'filter_outliers': True, 'std_devs': 2, 'iterations': 1}
setting fod for L2= {'filter_outliers': True, 'std_devs': 2, 'iterations': 1}
setting fod for Ar38= {'filter_outliers': True, 'std_devs': 2, 'iterations': 1}
setting fod for L1= {'filter_outliers': True, 'std_devs': 2, 'iterations': 1}
setting fod for Ar39= {'filter_outliers': True, 'std_devs': 2, 'iterations': 1}
setting fod for AX= {'filter_outliers': True, 'std_devs': 2, 'iterations': 1}
persistence save...
persistence save - db
post measurement save
5410723216 connecting to database sqlite:////Users/jan/PychronDev/.appdata/local_lab.db
connected to db sqlite:////Users/jan/PychronDev/.appdata/local_lab.db
create new session 5410723216
close session 5410723216
No database instance. Not saving post measurement to isotopedb database
$$$$$$$$$$$$$$$ auto_save_detector_ic=False
massspec enabled True
create new session 5061591216
MassSpec Database Version: 16.0
close session 5061591216
saving post measurement to secondary database
saving to massspec database 129.138.12.160/massspecdata
setting labnumber to 65519
setting aliquot to 23
setting step to 
setting uuid to e06a24f8-7921-4e1d-9683-d90f083c101a
setting irradpos to 65519
setting extract_device to Fusions CO2
setting tray to 
setting position to 23
setting power_requested to 5.0
setting extract_value to 5.0
setting duration to 30.0
setting duration_at_request to 30.0
setting first_stage_delay to 30.0
setting cleanup to 30.0
setting comment to F:23 SCLF
setting irradiation to NM-289
setting level to F
setting irradiation_level to F
setting sample to 9-29-5-B
setting material to Sanidine
setting project to Bidouoche
setting mass_spectrometer to Jan
no attribute chron_dosages
no attribute production_ratios
no attribute interference_corrections
no attribute production_name
no attribute j
Reference Isotope=Ar40
Reference Detector=H1
%%%%%%%%%%%%%%%%%%%% Comment: F:23 SCLF %%%%%%%%%%%%%%%%%%%
adding isotope PM41 H2
add baseline dbdet= PM41. original det= H2
get baseline data PM41 H2
Get data baseline <pychron.processing.isotope.Baseline object at 0x1544acf90> len t=50
baseline PM41. v=-0.208898803258, e=0.00786035698483
get signal data PM41 H2
Get data signal PM41 0.15+/-0.07 len t=50
adding isotope Ar40 H1
add baseline dbdet= Ar40. original det= H1
get baseline data Ar40 H1
Get data baseline <pychron.processing.isotope.Baseline object at 0x1544ba1d0> len t=50
baseline Ar40. v=-0.0351169948848, e=0.00520936627738
get signal data Ar40 H1
Get data signal Ar40 1.56+/-0.04 len t=50
adding isotope Ar39 AX
add baseline dbdet= Ar39. original det= AX
get baseline data Ar39 AX
Get data baseline <pychron.processing.isotope.Baseline object at 0x1544ba390> len t=50
baseline Ar39. v=-0.0589842663226, e=0.00875808341895
get signal data Ar39 AX
Get data signal Ar39 0.12+/-0.04 len t=50
adding isotope Ar38 L1
add baseline dbdet= Ar38. original det= L1
get baseline data Ar38 L1
Get data baseline <pychron.processing.isotope.Baseline object at 0x1544ba550> len t=50
baseline Ar38. v=-0.0258692773288, e=0.00332374257095
get signal data Ar38 L1
Get data signal Ar38 -0.002+/-0.006 len t=50
adding isotope Ar37 L2
add baseline dbdet= Ar37. original det= L2
get baseline data Ar37 L2
Get data baseline <pychron.processing.isotope.Baseline object at 0x1544ba710> len t=50
baseline Ar37. v=-0.0254405346166, e=0.00757284959786
get signal data Ar37 L2
Get data signal Ar37 0.056+/-0.019 len t=50
adding isotope Ar36 CDD
add baseline dbdet= Ar36. original det= CDD
get baseline data Ar36 CDD
Get data baseline <pychron.processing.isotope.Baseline object at 0x1544ba8d0> len t=50
baseline Ar36. v=5.95461644807e-06, e=4.16736340336e-06
get signal data Ar36 CDD
Get data signal Ar36 0.0069+/-0.0013 len t=50
65519-23 added analysis time 0.496435880661s
analysis added to mass spec database
mass spec save time= 0.503
persistence save - dvc
================= post measurement started
create new session 4983039568
close session 4983039568
Get Checksum: 2035439760
---------------- Experiment Queue saving disabled
DVC saving peakcenter
Smart pull ahead: 0 behind: 0
Up-to-date with origin
add to repo msg=modified - ad8224ebc6dbfeb9f5997218dfa5fe690569839d.json
add to repo msg=modified - 19-23.json
add to repo msg=modified - 19-23.dat.json
add to repo msg=modified - 19-23.blan.json
add to repo msg=modified - 19-23.inte.json
add to repo msg=modified - 19-23.icfa.json
add to repo msg=modified - 19-23.base.json
not at valid file /Users/jan/PychronDev/data/.dvc/repositories/Bidouoche/655/tags/19-23.tags.json
add to repo msg=modified - 19-23.peak.json
add to repo msg=modified - 19-23.extr.json
not at valid file /Users/jan/PychronDev/data/.dvc/repositories/Bidouoche/655/monitor/19-23.moni.json
commit message=<COLLECTION>
add to repo msg=modified - 19-23.inte.json
add to repo msg=modified - 19-23.base.json
Get Checksum: 2035439760
commit message=<ISOEVO> default collection fits
add to repo msg=modified - 19-23.blan.json
commit message=<BLANKS> preceding bc-02-J-226
add to repo msg=modified - 19-23.icfa.json
commit message=<ICFactor> default
push repository <pychron.git_archive.repo_manager.GitRepoManager object at 0x13e4676b0>
pushing to remote=origin, url=https://github.com
Get Checksum: 2035439760
no changes to meta repo
Get Checksum: 2035439760
create new session 4983039568
add association Bidouoche
get identifier "65519"
setting analysis irradiation position=<pychron.dvc.dvc_orm.IrradiationPositionTbl object at 0x14ae8b390>
close session 4983039568
================= post measurement finished
17:27:08 -- ******* Post Run Check *******
loading queue conditionals post_run_actions
loading system conditionals post_run_actions
loading conditionals from /Users/jan/PychronDev/setupfiles/spectrometer/default_conditionals.yaml
loading queue conditionals post_run_terminations
loading system conditionals post_run_terminations
loading conditionals from /Users/jan/PychronDev/setupfiles/spectrometer/default_conditionals.yaml
Checking default post run terminations n=1
GetDeflection CDD ===>> 50
testing CDD==2000
evaluate ot="CDD.deflection==2000" t="CDD==2000", ctx="{'CDD': 50.0}"
17:27:08 -- ******* Post Run Check Passed *******
17:27:08 -- Automated run 65519-23 truncated duration: 235.044 s
----------------- finish -----------------
----------------- stop -----------------
retroactive repository identifiers disabled
finish run. runs completed=30
write rem/ex queues
/Users/jan/PychronDev/experiments/rem/CurrentExperiment.rem.txt
/Users/jan/PychronDev/experiments/rem/CurrentExperiment.ex.txt
doing event level: 3
