do run
loading script "jan_unknown400_120.py"
loading script "jan_pump_ms.py"
loading script "jan_sniffair_x2.py"
loading script "jan_pump_extraction_line.py"
testing...
no interpolation path defined
executed 556.052928
script duration name:unknown400_120 seconds:556.0
loading script "jan_unknown400_120.py"
loading script "jan_pump_ms.py"
loading script "jan_sniffair_x2.py"
loading script "jan_pump_extraction_line.py"
testing...
no interpolation path defined
executed 0
loading script "jan_unknown400_120.py"
loading script "jan_pump_ms.py"
loading script "jan_sniffair_x2.py"
loading script "jan_pump_extraction_line.py"
testing...
no interpolation path defined
calculate duration
testing...
no interpolation path defined
executed 0
calculate duration
testing...
no interpolation path defined
executed 0
calculate duration
testing...
no interpolation path defined
executed 32.0
calculate duration
testing...
no interpolation path defined
executed 34.0
calculate duration
testing...
no interpolation path defined
executed 4.0
calculate duration
testing...
no interpolation path defined
executed 36.0
calculate duration
testing...
no interpolation path defined
executed 34.0
calculate duration
testing...
no interpolation path defined
executed 4.0
calculate duration
testing...
no interpolation path defined
executed 36.0
calculate duration
testing...
no interpolation path defined
executed 70.0
executed 250.0
script duration name:sniffair_x2 seconds:250.0
loading script "jan_unknown400_120.py"
loading script "jan_pump_ms.py"
loading script "jan_sniffair_x2.py"
loading script "jan_pump_extraction_line.py"
testing...
no interpolation path defined
calculate duration
testing...
no interpolation path defined
executed 4.0
executed 4.0
Script duration 806.0
Run total estimated duration= 807.000
run duration: 0:13:27
doing event level: 2
13:28:14 -- Setting default integration. t=1.048576
setting integration time = 1.048576
SetIntegrationTime 1.048576 ===>> OK
----------------- start -----------------
**************** Experiment Type: Ar/Ar, Ar/Ar
create new session 4993359504
close session 4993359504
$$$$$ Clearing conditionals
adding conditionals detrital
extract conditionals from file. /Users/jan/PychronDev/scripts/conditionals/detrital.yaml
no attr for this modification cd={'extraction_str': '', 'attr': '', 'mapper': '', 'use_termination': False, 'start_count': 0, 'nskip': 0, 'window': 0, 'frequency': 1, 'teststr': '', 'action': 'Skip Next Run', 'ntrips': 1, 'use_truncation': False}
no attr for this cancelation cd={'mapper': '', 'window': 0, 'frequency': 1, 'attr': '', 'teststr': '', 'start_count': 0, 'ntrips': 1}
not adding because analysis_type not unknown or cocktail
adding truncation attr="age" test="age>100.0" start="50"
adding truncation attr="Ar39" test="Ar39<0.5" start="60"
no attr for this termination cd={'mapper': '', 'window': 0, 'frequency': 1, 'attr': '', 'teststr': '', 'start_count': 0, 'ntrips': 1}
Invalid conditional kind="pre_run_terminations"
no attr for this action cd={'mapper': '', 'attr': '', 'start_count': 0, 'window': 0, 'frequency': 1, 'teststr': '', 'action': None, 'ntrips': 1}
Invalid conditional kind="post_run_terminations"
Add queue conditionals
add default conditionals
adding default conditionals from /Users/jan/PychronDev/setupfiles/spectrometer/default_conditionals.yaml
Start automated run a-01-J-5112
loading script "jan_unknown400_120.py"
loading script "jan_pump_ms.py"
loading script "jan_sniffair_x2.py"
loading script "jan_pump_extraction_line.py"
%%%%%%%%%%%%%%%%%% setting automated run a-01-J-5112
No value "sensitivity_multiplier" in metadata
$$$$$$$$$$$$$$$ auto_save_detector_ic=False
============================= Pre Extraction Check =============================
loading queue conditionals pre_run_terminations
loading system conditionals pre_run_terminations
loading conditionals from /Users/jan/PychronDev/setupfiles/spectrometer/default_conditionals.yaml
13:28:14 -- ******* Pre Extraction Check *******
Get a measurement from the spectrometer
GetData ===>> H2,-0.191028592284501,H1,0.00684465492117887,AX,-0.0506122392442298,L1,-0.0207622472067203,L2,-0....
Pre Extraction Termination data. keys=H2,H1,AX,L1,L2,CDD, signals=-0.19103,0.00684,-0.05061,-0.02076,-0.04780,0.00402
13:28:14 -- testing system defined conditionals
Checking default pre extraction terminations n=2
testing CDD
evaluate ot="CDD.inactive" t="CDD", ctx="{'CDD': False}"
GetDeflection CDD ===>> 50
testing CDD==2000
evaluate ot="CDD.deflection==2000" t="CDD==2000", ctx="{'CDD': 50.0}"
13:28:14 -- ******* Pre Extraction Check Passed *******
=================================================================================
13:28:14 -- stopping status monitor
stop 5052903792
Alive clients [4983293136]
13:28:14 -- starting status monitor
start 5052903792
Monitor already running
start extraction
do extraction
Analysis started at 13:28:14.786309
Extraction Started jan_sniffair_x2.py
13:28:14 -- ******* Extraction Started jan_sniffair_x2.py *******
state changed from not run to extraction
DO EXTRACTION <pychron.extraction_line.pyscript_runner.RemotePyScriptRunner object at 0x12b93d0b0>
testing...
no interpolation path defined
calculate duration
testing...
no interpolation path defined
executed 0
calculate duration
testing...
no interpolation path defined
executed 0
calculate duration
testing...
no interpolation path defined
executed 32.0
calculate duration
testing...
no interpolation path defined
executed 34.0
calculate duration
testing...
no interpolation path defined
executed 4.0
calculate duration
testing...
no interpolation path defined
executed 36.0
calculate duration
testing...
no interpolation path defined
executed 34.0
calculate duration
testing...
no interpolation path defined
executed 4.0
calculate duration
testing...
no interpolation path defined
executed 36.0
calculate duration
testing...
no interpolation path defined
executed 70.0
executed 250.0
Jan Air Sniff Pipette x1
doing GOSUB
testing...
no interpolation path defined
executed 0
Waiting for minibone access
wait ('FelixMiniboneFlag', 0) {}
waiting for FelixMiniboneFlag = 0
Read FelixMiniboneFlag ===>> 0
finished waiting
Minibone free
acquire ('JanMiniboneFlag',) {'clear': True}
acquire JanMiniboneFlag
Set JanMiniboneFlag 1 ===>> OK
JanMiniboneFlag acquired
set extraction state False (0.75, 'red', 1.5)
Minibone acquired
wait ('MinibonePumpTimeFlag', 0) {}
waiting for MinibonePumpTimeFlag = 0
Read MinibonePumpTimeFlag ===>> 0
finished waiting
executed 0
WaitForMiniboneAccess.py completed successfully
gosub finished
doing GOSUB
testing...
no interpolation path defined
executed 0
Prepare for Air Shot
close () {'description': 'Jan Inlet'}
closing name=--- desc=Jan Inlet
checking ownership. requestor=129.138.12.150
check software interlocks R
interlocks []
actuate state mode=None-script, software_lock=False
doing actuation None-script close_channel False
Close R ===>> OK
GetValveState R ===>> False
change switch state (True, True)
update switch state R False args=() kw={} ncanvase=3
13:28:15 -- CLOSE  VALVE-R (Jan Inlet)
---------------------------------------- close None (Jan Inlet) result=[(True, True)]
action=close, ok=True, locked=[False]
open () {'description': 'Jan Ion Pump'}
opening name=--- desc=Jan Ion Pump
checking ownership. requestor=129.138.12.150
check software interlocks O
interlocks []
actuate state mode=None-script, software_lock=False
doing actuation None-script open_channel False
Open O ===>> OK
GetValveState O ===>> OK
change switch state (True, True)
update switch state O True args=() kw={} ncanvase=3
13:28:15 -- OPEN   VALVE-O (Jan Ion Pump)
---------------------------------------- open None (Jan Ion Pump) result=[(True, True)], time=0.09 sec
action=open, ok=True, locked=[False]
close () {'description': 'Minibone to Bone'}
closing name=--- desc=Minibone to Bone
checking ownership. requestor=129.138.12.150
check software interlocks I
interlocks []
actuate state mode=None-script, software_lock=False
doing actuation None-script close_channel True
Close I ===>> OK
set states for children of I. state=False
handle state [('I', False)]
update switch state I False args=() kw={'refresh': False} ncanvase=3
refresh_canvas_needed fired
GetValveState I ===>> False
change switch state (True, True)
update switch state I False args=() kw={} ncanvase=3
13:28:16 -- CLOSE  VALVE-I (Minibone to Bone)
---------------------------------------- close None (Minibone to Bone) result=[(True, True)]
action=close, ok=True, locked=[False]
close () {'description': 'Bone to Minibone'}
closing name=--- desc=Bone to Minibone
checking ownership. requestor=129.138.12.150
check software interlocks E
interlocks []
actuate state mode=None-script, software_lock=False
doing actuation None-script close_channel False
Close E ===>> OK
GetValveState E ===>> False
change switch state (True, True)
update switch state E False args=() kw={} ncanvase=3
13:28:16 -- CLOSE  VALVE-E (Bone to Minibone)
---------------------------------------- close None (Bone to Minibone) result=[(True, True)]
action=close, ok=True, locked=[False]
close () {'description': 'Minibone to Turbo'}
closing name=--- desc=Minibone to Turbo
checking ownership. requestor=129.138.12.150
check software interlocks P
interlocks []
actuate state mode=None-script, software_lock=False
doing actuation None-script close_channel True
Close P ===>> OK
GetValveState P ===>> False
change switch state (True, True)
update switch state P False args=() kw={} ncanvase=3
13:28:17 -- CLOSE  VALVE-P (Minibone to Turbo)
---------------------------------------- close None (Minibone to Turbo) result=[(True, True)]
Get Checksum: 1991651933
action=close, ok=True, locked=[False]
close () {'description': 'Quad Inlet'}
closing name=--- desc=Quad Inlet
checking ownership. requestor=129.138.12.150
check software interlocks Q
interlocks []
actuate state mode=None-script, software_lock=False
doing actuation None-script close_channel True
Close Q ===>> OK
GetValveState Q ===>> False
change switch state (True, True)
update switch state Q False args=() kw={} ncanvase=3
13:28:17 -- CLOSE  VALVE-Q (Quad Inlet)
---------------------------------------- close None (Quad Inlet) result=[(True, True)]
action=close, ok=True, locked=[False]
open () {'description': 'Microbone to Turbo'}
opening name=--- desc=Microbone to Turbo
checking ownership. requestor=129.138.12.150
check software interlocks U
interlocks []
actuate state mode=None-script, software_lock=False
doing actuation None-script open_channel False
Open U ===>> OK
GetValveState U ===>> OK
change switch state (True, True)
update switch state U True args=() kw={} ncanvase=3
13:28:18 -- OPEN   VALVE-U (Microbone to Turbo)
---------------------------------------- open None (Microbone to Turbo) result=[(True, True)], time=0.15 sec
action=open, ok=True, locked=[False]
open () {'description': 'Microbone to Inlet Pipette'}
opening name=--- desc=Microbone to Inlet Pipette
checking ownership. requestor=129.138.12.150
check software interlocks S
interlocks []
actuate state mode=None-script, software_lock=False
doing actuation None-script open_channel False
Open S ===>> OK
GetValveState S ===>> OK
change switch state (True, True)
update switch state S True args=() kw={} ncanvase=3
13:28:18 -- OPEN   VALVE-S (Microbone to Inlet Pipette)
---------------------------------------- open None (Microbone to Inlet Pipette) result=[(True, True)], time=0.43 sec
action=open, ok=True, locked=[False]
open () {'description': 'Microbone to Getter D-50'}
opening name=--- desc=Microbone to Getter D-50
checking ownership. requestor=129.138.12.150
check software interlocks K
interlocks []
actuate state mode=None-script, software_lock=False
doing actuation None-script open_channel False
Open K ===>> OK
GetValveState K ===>> OK
change switch state (True, True)
update switch state K True args=() kw={} ncanvase=3
13:28:19 -- OPEN   VALVE-K (Microbone to Getter D-50)
---------------------------------------- open None (Microbone to Getter D-50) result=[(True, True)], time=0.42 sec
action=open, ok=True, locked=[False]
open () {'description': 'Microbone to Getter NP-10'}
opening name=--- desc=Microbone to Getter NP-10
checking ownership. requestor=129.138.12.150
check software interlocks M
interlocks []
actuate state mode=None-script, software_lock=False
doing actuation None-script open_channel False
Open M ===>> OK
GetValveState M ===>> OK
change switch state (True, True)
update switch state M True args=() kw={} ncanvase=3
13:28:19 -- OPEN   VALVE-M (Microbone to Getter NP-10)
---------------------------------------- open None (Microbone to Getter NP-10) result=[(True, True)], time=0.14 sec
action=open, ok=True, locked=[False]
close () {'description': 'Microbone to CO2 Laser'}
closing name=--- desc=Microbone to CO2 Laser
checking ownership. requestor=129.138.12.150
check software interlocks T
interlocks []
actuate state mode=None-script, software_lock=True
VALVE-T(Microbone to CO2 Laser) software locked
change switch state (True, False)
---------------------------------------- close None (Microbone to CO2 Laser) result=[(True, False)]
action=close, ok=True, locked=[True]
executed 0
PrepareForAirShot.py completed successfully
gosub finished
doing GOSUB
testing...
no interpolation path defined
executed 32.0
Evacuate Pipette 2
close () {'description': 'Minibone to Turbo'}
closing name=--- desc=Minibone to Turbo
checking ownership. requestor=129.138.12.150
check software interlocks P
interlocks []
actuate state mode=None-script, software_lock=False
doing actuation None-script close_channel False
Close P ===>> OK
GetValveState P ===>> False
change switch state (True, True)
update switch state P False args=() kw={} ncanvase=3
13:28:20 -- CLOSE  VALVE-P (Minibone to Turbo)
---------------------------------------- close None (Minibone to Turbo) result=[(True, True)]
action=close, ok=True, locked=[False]
open () {'description': 'Microbone to Minibone'}
opening name=--- desc=Microbone to Minibone
checking ownership. requestor=129.138.12.150
check software interlocks L
interlocks []
actuate state mode=None-script, software_lock=False
doing actuation None-script open_channel True
Open L ===>> OK
set states for children of L. state=True
handle state [('L', True)]
update switch state L True args=() kw={'refresh': False} ncanvase=3
refresh_canvas_needed fired
Get Checksum: 1616283055
GetValveState L ===>> OK
change switch state (True, True)
update switch state L True args=() kw={} ncanvase=3
13:28:20 -- OPEN   VALVE-L (Microbone to Minibone)
---------------------------------------- open None (Microbone to Minibone) result=[(True, True)], time=0.51 sec
action=open, ok=True, locked=[False]
close () {'description': 'Inner Pipette 2'}
closing name=--- desc=Inner Pipette 2
checking ownership. requestor=129.138.12.150
check software interlocks Z
interlocks ['Y']
actuate state mode=None-script, software_lock=False
doing actuation None-script close_channel False
Close Z ===>> OK
GetValveState Z ===>> False
change switch state (True, True)
update switch state Z False args=() kw={} ncanvase=3
13:28:21 -- CLOSE  VALVE-Z (Inner Pipette 2)
---------------------------------------- close None (Inner Pipette 2) result=[(True, True)]
action=close, ok=True, locked=[False]
sleep (1,) {}
SLEEP 1.0
open () {'description': 'Outer Pipette 2'}
opening name=--- desc=Outer Pipette 2
checking ownership. requestor=129.138.12.150
check software interlocks Y
interlocks ['Z']
actuate state mode=None-script, software_lock=False
doing actuation None-script open_channel True
Open Y ===>> OK
GetValveState Y ===>> OK
change switch state (True, True)
update switch state Y True args=() kw={} ncanvase=3
13:28:22 -- OPEN   VALVE-Y (Outer Pipette 2)
---------------------------------------- open None (Outer Pipette 2) result=[(True, True)], time=0.17 sec
action=open, ok=True, locked=[False]
sleep (15,) {}
SLEEP 15.0
block started
WaitControl setup for 15.0  
Get Checksum: 899205025
Get Checksum: 899205025
Get Checksum: 899205025
Get Checksum: 899205025
Get Checksum: 899205025
Join finished
block finished. duration 15.0503621101
executed 48.0
EvacPipette2.py completed successfully
gosub finished
doing GOSUB
testing...
no interpolation path defined
executed 34.0
Fill Pipette 2
close () {'description': 'Outer Pipette 2'}
closing name=--- desc=Outer Pipette 2
checking ownership. requestor=129.138.12.150
check software interlocks Y
interlocks ['Z']
actuate state mode=None-script, software_lock=False
doing actuation None-script close_channel True
Close Y ===>> OK
GetValveState Y ===>> False
change switch state (True, True)
update switch state Y False args=() kw={} ncanvase=3
13:28:38 -- CLOSE  VALVE-Y (Outer Pipette 2)
---------------------------------------- close None (Outer Pipette 2) result=[(True, True)]
action=close, ok=True, locked=[False]
sleep (1,) {}
SLEEP 1.0
Get Checksum: 1616283055
filling air pipette
open () {'description': 'Inner Pipette 2'}
opening name=--- desc=Inner Pipette 2
checking ownership. requestor=129.138.12.150
check software interlocks Z
interlocks ['Y']
actuate state mode=None-script, software_lock=False
doing actuation None-script open_channel True
Open Z ===>> OK
GetValveState Z ===>> OK
change switch state (True, True)
update switch state Z True args=() kw={} ncanvase=3
13:28:39 -- OPEN   VALVE-Z (Inner Pipette 2)
---------------------------------------- open None (Inner Pipette 2) result=[(True, True)], time=0.11 sec
action=open, ok=True, locked=[False]
sleep (15,) {}
SLEEP 15.0
block started
WaitControl setup for 15.0  
Get Checksum: 880313527
Get Checksum: 880313527
Get Checksum: 880313527
Get Checksum: 880313527
Get Checksum: 880313527
Join finished
block finished. duration 15.042525053
close () {'description': 'Inner Pipette 2'}
closing name=--- desc=Inner Pipette 2
checking ownership. requestor=129.138.12.150
check software interlocks Z
interlocks ['Y']
actuate state mode=None-script, software_lock=False
doing actuation None-script close_channel True
Close Z ===>> OK
GetValveState Z ===>> False
change switch state (True, True)
update switch state Z False args=() kw={} ncanvase=3
13:28:55 -- CLOSE  VALVE-Z (Inner Pipette 2)
---------------------------------------- close None (Inner Pipette 2) result=[(True, True)]
action=close, ok=True, locked=[False]
sleep (1,) {}
SLEEP 1.0
executed 51.0
FillPipette2.py completed successfully
gosub finished
doing GOSUB
testing...
no interpolation path defined
executed 4.0
Prepare for air expansion
close () {'description': 'Microbone to Turbo'}
closing name=--- desc=Microbone to Turbo
checking ownership. requestor=129.138.12.150
check software interlocks U
interlocks []
actuate state mode=None-script, software_lock=False
doing actuation None-script close_channel True
Close U ===>> OK
GetValveState U ===>> False
change switch state (True, True)
update switch state U False args=() kw={} ncanvase=3
13:28:56 -- CLOSE  VALVE-U (Microbone to Turbo)
---------------------------------------- close None (Microbone to Turbo) result=[(True, True)]
action=close, ok=True, locked=[False]
open () {'description': 'Microbone to Getter NP-10'}
opening name=--- desc=Microbone to Getter NP-10
checking ownership. requestor=129.138.12.150
check software interlocks M
interlocks []
actuate state mode=None-script, software_lock=False
doing actuation None-script open_channel False
Open M ===>> OK
GetValveState M ===>> OK
change switch state (True, True)
update switch state M True args=() kw={} ncanvase=3
13:28:56 -- OPEN   VALVE-M (Microbone to Getter NP-10)
---------------------------------------- open None (Microbone to Getter NP-10) result=[(True, True)], time=0.14 sec
action=open, ok=True, locked=[False]
sleep (2,) {}
SLEEP 2.0
block started
WaitControl setup for 2.0  
Get Checksum: 675542373
Join finished
block finished. duration 2.01317882538
open () {'description': 'Microbone to Minibone'}
opening name=--- desc=Microbone to Minibone
checking ownership. requestor=129.138.12.150
check software interlocks L
interlocks []
actuate state mode=None-script, software_lock=False
doing actuation None-script open_channel False
Open L ===>> OK
GetValveState L ===>> OK
change switch state (True, True)
update switch state L True args=() kw={} ncanvase=3
13:28:59 -- OPEN   VALVE-L (Microbone to Minibone)
---------------------------------------- open None (Microbone to Minibone) result=[(True, True)], time=0.41 sec
action=open, ok=True, locked=[False]
executed 6.0
PrepareForAirShotExpansion.py completed successfully
gosub finished
doing GOSUB
testing...
no interpolation path defined
executed 36.0
Expand Pipette 2
close () {'description': 'Minibone to Turbo'}
closing name=--- desc=Minibone to Turbo
checking ownership. requestor=129.138.12.150
check software interlocks P
interlocks []
actuate state mode=None-script, software_lock=False
doing actuation None-script close_channel False
Close P ===>> OK
GetValveState P ===>> False
change switch state (True, True)
update switch state P False args=() kw={} ncanvase=3
13:29:00 -- CLOSE  VALVE-P (Minibone to Turbo)
---------------------------------------- close None (Minibone to Turbo) result=[(True, True)]
action=close, ok=True, locked=[False]
sleep (2,) {}
SLEEP 2.0
block started
WaitControl setup for 2.0  
Get Checksum: 675542373
Join finished
block finished. duration 2.00435304642
open () {'description': 'Outer Pipette 2'}
opening name=--- desc=Outer Pipette 2
checking ownership. requestor=129.138.12.150
check software interlocks Y
interlocks ['Z']
actuate state mode=None-script, software_lock=False
doing actuation None-script open_channel True
Open Y ===>> OK
GetValveState Y ===>> OK
increment shot count 1694
saved current shot count 1694
change switch state (True, True)
update switch state Y True args=() kw={} ncanvase=3
13:29:02 -- OPEN   VALVE-Y (Outer Pipette 2)
---------------------------------------- open None (Outer Pipette 2) result=[(True, True)], time=0.54 sec
action=open, ok=True, locked=[False]
sleep (15,) {}
SLEEP 15.0
block started
WaitControl setup for 15.0  
Get Checksum: -1830926842
Get Checksum: -1830926842
Get Checksum: -1830926842
Get Checksum: -1830926842
Get Checksum: -1830926842
Join finished
block finished. duration 15.0347700119
sleep (1,) {}
SLEEP 1.0
executed 54.0
ExpandPipette2.py completed successfully
gosub finished
doing GOSUB
testing...
no interpolation path defined
executed 34.0
Fill Pipette 2
close () {'description': 'Outer Pipette 2'}
closing name=--- desc=Outer Pipette 2
checking ownership. requestor=129.138.12.150
check software interlocks Y
interlocks ['Z']
actuate state mode=None-script, software_lock=False
doing actuation None-script close_channel True
Close Y ===>> OK
GetValveState Y ===>> False
change switch state (True, True)
update switch state Y False args=() kw={} ncanvase=3
13:29:19 -- CLOSE  VALVE-Y (Outer Pipette 2)
---------------------------------------- close None (Outer Pipette 2) result=[(True, True)]
action=close, ok=True, locked=[False]
sleep (1,) {}
SLEEP 1.0
Get Checksum: 675542373
filling air pipette
open () {'description': 'Inner Pipette 2'}
opening name=--- desc=Inner Pipette 2
checking ownership. requestor=129.138.12.150
check software interlocks Z
interlocks ['Y']
actuate state mode=None-script, software_lock=False
doing actuation None-script open_channel True
Open Z ===>> OK
GetValveState Z ===>> OK
change switch state (True, True)
update switch state Z True args=() kw={} ncanvase=3
13:29:20 -- OPEN   VALVE-Z (Inner Pipette 2)
---------------------------------------- open None (Inner Pipette 2) result=[(True, True)], time=0.12 sec
action=open, ok=True, locked=[False]
sleep (15,) {}
SLEEP 15.0
block started
WaitControl setup for 15.0  
Get Checksum: -1824652016
Get Checksum: -1824652016
Get Checksum: -1824652016
Get Checksum: -1824652016
Get Checksum: -1824652016
Join finished
block finished. duration 15.0444409847
close () {'description': 'Inner Pipette 2'}
closing name=--- desc=Inner Pipette 2
checking ownership. requestor=129.138.12.150
check software interlocks Z
interlocks ['Y']
actuate state mode=None-script, software_lock=False
doing actuation None-script close_channel True
Close Z ===>> OK
GetValveState Z ===>> False
change switch state (True, True)
update switch state Z False args=() kw={} ncanvase=3
13:29:36 -- CLOSE  VALVE-Z (Inner Pipette 2)
---------------------------------------- close None (Inner Pipette 2) result=[(True, True)]
action=close, ok=True, locked=[False]
sleep (1,) {}
SLEEP 1.0
executed 51.0
FillPipette2.py completed successfully
gosub finished
doing GOSUB
testing...
no interpolation path defined
executed 4.0
Prepare for air expansion
close () {'description': 'Microbone to Turbo'}
closing name=--- desc=Microbone to Turbo
checking ownership. requestor=129.138.12.150
check software interlocks U
interlocks []
actuate state mode=None-script, software_lock=False
doing actuation None-script close_channel False
Close U ===>> OK
GetValveState U ===>> False
change switch state (True, True)
update switch state U False args=() kw={} ncanvase=3
13:29:37 -- CLOSE  VALVE-U (Microbone to Turbo)
---------------------------------------- close None (Microbone to Turbo) result=[(True, True)]
action=close, ok=True, locked=[False]
open () {'description': 'Microbone to Getter NP-10'}
opening name=--- desc=Microbone to Getter NP-10
checking ownership. requestor=129.138.12.150
check software interlocks M
interlocks []
actuate state mode=None-script, software_lock=False
doing actuation None-script open_channel False
Open M ===>> OK
GetValveState M ===>> OK
change switch state (True, True)
update switch state M True args=() kw={} ncanvase=3
13:29:37 -- OPEN   VALVE-M (Microbone to Getter NP-10)
---------------------------------------- open None (Microbone to Getter NP-10) result=[(True, True)], time=0.13 sec
action=open, ok=True, locked=[False]
sleep (2,) {}
SLEEP 2.0
block started
WaitControl setup for 2.0  
Get Checksum: 675542373
Join finished
block finished. duration 2.00924396515
open () {'description': 'Microbone to Minibone'}
opening name=--- desc=Microbone to Minibone
checking ownership. requestor=129.138.12.150
check software interlocks L
interlocks []
actuate state mode=None-script, software_lock=False
doing actuation None-script open_channel False
Open L ===>> OK
GetValveState L ===>> OK
change switch state (True, True)
update switch state L True args=() kw={} ncanvase=3
13:29:40 -- OPEN   VALVE-L (Microbone to Minibone)
---------------------------------------- open None (Microbone to Minibone) result=[(True, True)], time=0.40 sec
action=open, ok=True, locked=[False]
executed 6.0
PrepareForAirShotExpansion.py completed successfully
gosub finished
doing GOSUB
testing...
no interpolation path defined
executed 36.0
Expand Pipette 2
close () {'description': 'Minibone to Turbo'}
closing name=--- desc=Minibone to Turbo
checking ownership. requestor=129.138.12.150
check software interlocks P
interlocks []
actuate state mode=None-script, software_lock=False
doing actuation None-script close_channel False
Close P ===>> OK
GetValveState P ===>> False
change switch state (True, True)
update switch state P False args=() kw={} ncanvase=3
13:29:40 -- CLOSE  VALVE-P (Minibone to Turbo)
---------------------------------------- close None (Minibone to Turbo) result=[(True, True)]
action=close, ok=True, locked=[False]
sleep (2,) {}
SLEEP 2.0
block started
WaitControl setup for 2.0  
Get Checksum: 675542373
Join finished
block finished. duration 2.01645898819
open () {'description': 'Outer Pipette 2'}
opening name=--- desc=Outer Pipette 2
checking ownership. requestor=129.138.12.150
check software interlocks Y
interlocks ['Z']
actuate state mode=None-script, software_lock=False
doing actuation None-script open_channel True
Open Y ===>> OK
GetValveState Y ===>> OK
increment shot count 1695
saved current shot count 1695
change switch state (True, True)
update switch state Y True args=() kw={} ncanvase=3
13:29:43 -- OPEN   VALVE-Y (Outer Pipette 2)
---------------------------------------- open None (Outer Pipette 2) result=[(True, True)], time=0.26 sec
action=open, ok=True, locked=[False]
sleep (15,) {}
SLEEP 15.0
block started
WaitControl setup for 15.0  
Get Checksum: -1830926842
Get Checksum: -1830926842
Get Checksum: -1830926842
Get Checksum: -1830926842
Get Checksum: -1830926842
Join finished
block finished. duration 15.0572140217
sleep (1,) {}
SLEEP 1.0
Get Checksum: -1830926842
executed 54.0
ExpandPipette2.py completed successfully
gosub finished
doing GOSUB
testing...
no interpolation path defined
executed 70.0
Expand Pipette 2
close () {'description': 'Minibone to Turbo'}
closing name=--- desc=Minibone to Turbo
checking ownership. requestor=129.138.12.150
check software interlocks P
interlocks []
actuate state mode=None-script, software_lock=False
doing actuation None-script close_channel False
Close P ===>> OK
GetValveState P ===>> False
change switch state (True, True)
update switch state P False args=() kw={} ncanvase=3
13:29:59 -- CLOSE  VALVE-P (Minibone to Turbo)
---------------------------------------- close None (Minibone to Turbo) result=[(True, True)]
action=close, ok=True, locked=[False]
sleep (2,) {}
SLEEP 2.0
block started
WaitControl setup for 2.0  
Join finished
block finished. duration 2.01308512688
open () {'description': 'Outer Pipette 2'}
opening name=--- desc=Outer Pipette 2
checking ownership. requestor=129.138.12.150
check software interlocks Y
interlocks ['Z']
actuate state mode=None-script, software_lock=False
doing actuation None-script open_channel False
Open Y ===>> OK
GetValveState Y ===>> OK
change switch state (True, True)
update switch state Y True args=() kw={} ncanvase=3
13:30:02 -- OPEN   VALVE-Y (Outer Pipette 2)
---------------------------------------- open None (Outer Pipette 2) result=[(True, True)], time=0.15 sec
action=open, ok=True, locked=[False]
sleep (30,) {}
SLEEP 30.0
block started
WaitControl setup for 30.0  
Get Checksum: -1830926842
Get Checksum: -1830926842
Get Checksum: -1830926842
Get Checksum: -1830926842
Get Checksum: -1830926842
Get Checksum: -1830926842
Get Checksum: -1830926842
Get Checksum: -1830926842
Get Checksum: -1830926842
Get Checksum: -1830926842
Join finished
block finished. duration 30.0693211555
close ('S',) {}
closing name=S desc=---
checking ownership. requestor=129.138.12.150
check software interlocks S
interlocks []
actuate state mode=None-script, software_lock=False
doing actuation None-script close_channel True
Close S ===>> OK
set states for children of S. state=False
handle state [('S', False)]
update switch state S False args=() kw={'refresh': False} ncanvase=3
refresh_canvas_needed fired
Get Checksum: 168923265
GetValveState S ===>> False
change switch state (True, True)
update switch state S False args=() kw={} ncanvase=3
13:30:33 -- CLOSE  VALVE-S (Microbone to Inlet Pipette)
---------------------------------------- close S () result=[(True, True)]
action=close, ok=True, locked=[False]
sleep (3,) {}
SLEEP 3.0
block started
WaitControl setup for 3.0  
Get Checksum: 168923265
Join finished
block finished. duration 3.01507520676
executed 105.0
SniffPipette2.py completed successfully
gosub finished
executed 250.0
jan_sniffair_x2.py completed successfully
GetAchievedOutput ===>> No Response
Requested Output= 0.000
Achieved Output=  0.000
GetResponseBlob ===>> No Response
GetOutputBlob ===>> No Response
persistence save...
persistence save - db
AutomatedRunPersister post_extraction_save deprecated
persistence save - dvc
no extraction position for 
create new session 4983039568
close session 4983039568
Extraction Finished
13:30:36 -- ******* Extraction Finished *******
no overlap. not waiting for min ms pumptime
13:30:36 -- Sending spectrometer configuration
======== Sending configuration ========
SetDeflection CDD,50.0 ===>> OK
SetDeflection H2,0.0 ===>> OK
SetDeflection H1,0.0 ===>> OK
SetDeflection L2,825.0 ===>> OK
SetDeflection L1,400.0 ===>> OK
SetDeflection AX,190.0 ===>> OK
SetZFocus 74.64 ===>> OK
SetZSymmetry -50.72 ===>> OK
SetExtractionLens 26.13 ===>> OK
SetIonRepeller -3.81 ===>> OK
SetElectronEnergy 75.08 ===>> OK
SetYSymmetry -2.81 ===>> OK
SetIonCounterVoltage 1590.0 ===>> OK
send trap current 200.0
GetParameter Trap Current Readback ===>> 198.147042666178
SetParameter Trap Current Set,200.0 ===>> OK
updating mftable name mftable
Using mftable located at /Users/jan/PychronDev/setupfiles/spectrometer/mftables/mftable.csv
============ MFtable ===========
Isotope  H2     H1     AX     L1     L2     CDD    
Ar40     5.7736 5.8788 5.9920 6.1135 6.2302 6.3417
Ar39     5.6728 5.7711 5.8845 5.9996 6.1153 6.2282
Ar36     5.3503 5.4401 5.5478 5.6584 5.7703 5.8793
================================
get initial guess parabolic
get initial guess parabolic
get initial guess parabolic
get initial guess parabolic
get initial guess parabolic
get initial guess parabolic
======== Configuration Finished ========
GetYSymmetry ===>> -2.81
GetZSymmetry ===>> -50.72
GetParameter Trap Current Readback ===>> 198.147042666178
GetHighVoltage ===>> 4499.94659342336
start measurement
do measurement
L#=a-01-J analysis type=air
Measurement Started jan_unknown400_120.py
13:30:36 -- ******* Measurement Started jan_unknown400_120.py *******
state changed from extraction to measurement
setting spec, defl, and gains
GetExtractionLens ===>> 26.13
GetYSymmetry ===>> -2.81
GetZSymmetry ===>> -50.72
GetZFocus ===>> 74.64
GetDeflection H2 ===>> 0
GetDeflection H1 ===>> 0
GetDeflection AX ===>> 190
GetDeflection L1 ===>> 400
GetDeflection L2 ===>> 825
GetDeflection CDD ===>> 50
GetGain H2 ===>> 0.0113
GetGain H1 ===>> 0.1
GetGain AX ===>> 0.097049
GetGain L1 ===>> 0.010355
GetGain L2 ===>> 0.095649
GetGain CDD ===>> 0
pre measurement save
New frame /Users/jan/PychronDev/data/isotopes/20/091b97-ca12-4b05-9c97-b474fe6b2215.h5
flush and close file /Users/jan/PychronDev/data/isotopes/20/091b97-ca12-4b05-9c97-b474fe6b2215.h5
testing...
no interpolation path defined
executed 564.372928
unknown measurement script
activate_detectors ('H2', 'H1', 'AX', 'L1', 'L2', 'CDD') {}
activate detectors
*************** Set Analysis View Ar/Ar
create graphs
clearing graphs
clear isotope group
setting isotope det=H2, iso=PM41
setting isotope det=H1, iso=Ar40
setting isotope det=AX, iso=Ar39
setting isotope det=L1, iso=Ar38
setting isotope det=L2, iso=Ar37
setting isotope det=CDD, iso=Ar36
setting previous blanks
 - setting Ar40 blank 0.076+/-0.007
 - setting Ar36 blank 0.00368+/-0.00018
 - setting Ar37 blank 0.036+/-0.005
 - setting Ar38 blank 0.0017+/-0.0022
 - setting PM41 blank 0.04+/-0.07
 - setting Ar39 blank 0.015+/-0.009
load analysis view
position_magnet ('Ar40',) {'detector': 'H1'}
detector Detector(H1)
POSITION Ar40 H1
setting detector H2 to PM41 (40.9624)
setting detector H1 to Ar40 (39.9624)
setting detector AX to Ar39 (38.9624)
setting detector L1 to Ar38 (37.9624)
setting detector L2 to Ar37 (36.9624)
setting detector CDD to Ar36 (35.9624)
Mapping mass to dac mass func: "parabolic"
H1 map mass coeffs = [-0.00063987  0.15840543  0.57040999]
H1 map mass to dac 39.9624 >> 5.8788
GetDeflection H1 ===>> 0
GetHighVoltage ===>> 4499.94659342336
positioning Ar40 (5.8787653803) on H1
setting magnet DAC
current  : 5.878765
requested: 5.878765
Delta Dac: 0.000000
Checking detector protection. dv=0.00000
Checking detector "CDD". Protection Threshold: 0.1 (V)
SetMagnetDAC 5.8787653803 ===>> OK
equilibrate () {'delay': 3, 'inlet': 'R', 'outlet': 'O', 'eqtime': 8.0}
Equilibration Started
13:30:38 -- ******* Equilibration Started *******
checking ownership. requestor=129.138.12.150
check software interlocks O
interlocks []
actuate state mode=None-script, software_lock=False
doing actuation None-script close_channel True
Close O ===>> OK
GetValveState O ===>> False
change switch state (True, True)
update switch state O False args=() kw={} ncanvase=3
13:30:38 -- CLOSE  VALVE-O (Jan Ion Pump)
waiting 3s before opening inlet value ('R',)
checking ownership. requestor=129.138.12.150
check software interlocks R
interlocks []
actuate state mode=None-script, software_lock=False
doing actuation None-script open_channel True
Open R ===>> OK
Get Checksum: -690571657
State checksums do not match. Local:-731428809 Remote:-690571657
State checksum failed
GetValveState R ===>> OK
change switch state (True, True)
update switch state R True args=() kw={} ncanvase=3
13:30:41 -- OPEN   VALVE-R (Jan Inlet)
set_time_zero () {}
equilibrating for 8.0sec
sniff (8.0,) {}
py_sniff
build tables- sniff [Detector(H2), Detector(H1), Detector(AX), Detector(L1), Detector(L2), Detector(CDD)]
add group /sniff/PM41 (Group) '' table H2
add group /sniff/Ar40 (Group) '' table H1
add group /sniff/Ar39 (Group) '' table AX
add group /sniff/Ar38 (Group) '' table L1
add group /sniff/Ar37 (Group) '' table L2
add group /sniff/Ar36 (Group) '' table CDD
flush and close file /Users/jan/PychronDev/data/isotopes/20/091b97-ca12-4b05-9c97-b474fe6b2215.h5
measuring sniff. ncounts=8.0
starting measurement
GetData ===>> H2,0.248578750004247,H1,7.31536293761079,AX,1.18874637230403,L1,0.00304647002259589,L2,0.27212390...
GetData ===>> H2,5.31569098663035,H1,82.5409908780045,AX,5.17509088930119,L1,0.764457574176985,L2,1.09534271454...
GetData ===>> H2,2.72385580092091,H1,93.3520995408483,AX,1.80269871095759,L1,0.784937064728365,L2,0.28920370950...
Get Checksum: -690571657
GetData ===>> H2,0.814684424809194,H1,89.3397165539127,AX,0.661704800243115,L1,0.528639586315263,L2,0.080549864...
GetData ===>> H2,0.206785830290105,H1,87.2724537337105,AX,0.231783222816657,L1,0.384034743195869,L2,0.094329076...
GetData ===>> H2,-0.00138145249403909,H1,86.5866540998878,AX,0.190561871228619,L1,0.231437856816822,L2,0.088162...
Get Checksum: -690571657
GetData ===>> H2,-0.0576553400151881,H1,86.4455739166355,AX,0.175989319060446,L1,0.155427145840202,L2,0.0763946...
GetData ===>> H2,-0.0940902831406521,H1,86.2061933909197,AX,0.0310838576237374,L1,0.0901094904649803,L2,0.00565...
Equilibration Finished
13:30:49 -- ******* Equilibration Finished *******
checking ownership. requestor=129.138.12.150
check software interlocks R
interlocks []
actuate state mode=None-script, software_lock=False
doing actuation None-script close_channel True
Close R ===>> OK
GetValveState R ===>> False
change switch state (True, True)
update switch state R False args=() kw={} ncanvase=3
13:30:50 -- CLOSE  VALVE-R (Jan Inlet)
Post Equilibration Started jan_pump_extraction_line.py
13:30:50 -- ******* Post Equilibration Started jan_pump_extraction_line.py *******
testing...
no interpolation path defined
calculate duration
testing...
no interpolation path defined
executed 4.0
executed 4.0
Pump after analysis
doing GOSUB
testing...
no interpolation path defined
executed 4.0
Pump Microbone
close () {'description': 'Jan Inlet'}
closing name=--- desc=Jan Inlet
checking ownership. requestor=129.138.12.150
check software interlocks R
interlocks []
actuate state mode=None-script, software_lock=False
doing actuation None-script close_channel False
measurement finished
estimated time: 8.389 actual time: :8.466
flush and close file /Users/jan/PychronDev/data/isotopes/20/091b97-ca12-4b05-9c97-b474fe6b2215.h5
set_fits () {}
using default fits file=/Users/jan/PychronDev/scripts/measurement/fits/nominal.yaml
set "Ar40" to "('Parabolic', 'SEM')"
No fit for "PM41". defaulting to linear. check the measurement script "jan_unknown400_120.py"
set "PM41" to "linear"
set "Ar36" to "('Parabolic', 'SEM')"
set "Ar37" to "('linear', 'SEM')"
set "Ar38" to "('linear', 'SEM')"
set "Ar39" to "('Parabolic', 'SEM')"
set_baseline_fits () {}
using default fits file=/Users/jan/PychronDev/scripts/measurement/fits/nominal.yaml
set "H1" to "('average', 'SEM')"
set "H2" to "('average', 'SEM')"
set "CDD" to "('average', 'SEM')"
set "L2" to "('average', 'SEM')"
set "L1" to "('average', 'SEM')"
set "AX" to "('average', 'SEM')"
multicollect () {'integration_time': 1, 'ncounts': 400}
build tables- signal [Detector(H2), Detector(H1), Detector(AX), Detector(L1), Detector(L2), Detector(CDD)]
add group /signal/PM41 (Group) '' table H2
add group /signal/Ar40 (Group) '' table H1
add group /signal/Ar39 (Group) '' table AX
add group /signal/Ar38 (Group) '' table L1
add group /signal/Ar37 (Group) '' table L2
add group /signal/Ar36 (Group) '' table CDD
flush and close file /Users/jan/PychronDev/data/isotopes/20/091b97-ca12-4b05-9c97-b474fe6b2215.h5
measuring signal. ncounts=400
Close R ===>> OK
Get Checksum: -731428809
GetValveState R ===>> False
change switch state (True, True)
update switch state R False args=() kw={} ncanvase=3
13:30:51 -- CLOSE  VALVE-R (Jan Inlet)
---------------------------------------- close None (Jan Inlet) result=[(True, True)]
action=close, ok=True, locked=[False]
is_closed ('F',) {}
is F () closed?
is closed True
open () {'description': 'CO2 Laser to Jan'}
opening name=--- desc=CO2 Laser to Jan
checking ownership. requestor=129.138.12.150
check software interlocks A
interlocks []
actuate state mode=None-script, software_lock=False
doing actuation None-script open_channel False
Open A ===>> OK
starting measurement
GetData ===>> H2,0.0119387344599276,H1,86.1857662270124,AX,0.0424453114923373,L1,0.114357602229828,L2,0.0219201...
GetValveState A ===>> OK
change switch state (True, True)
update switch state A True args=() kw={} ncanvase=3
13:30:51 -- OPEN   VALVE-A (CO2 Laser to Jan)
---------------------------------------- open None (CO2 Laser to Jan) result=[(True, True)], time=0.10 sec
action=open, ok=True, locked=[False]
sleep (1,) {}
SLEEP 1.0
GetData ===>> H2,0.0192047486336676,H1,86.322794843519,AX,0.0545819734695146,L1,0.118019480977594,L2,0.09347422...
close () {'description': 'CO2 Laser to Roughing'}
closing name=--- desc=CO2 Laser to Roughing
checking ownership. requestor=129.138.12.150
check software interlocks G
interlocks []
actuate state mode=None-script, software_lock=True
VALVE-G(CO2 Laser to Roughing) software locked
change switch state (True, False)
---------------------------------------- close None (CO2 Laser to Roughing) result=[(True, False)]
action=close, ok=True, locked=[True]
open () {'description': 'Microbone to Turbo'}
opening name=--- desc=Microbone to Turbo
checking ownership. requestor=129.138.12.150
check software interlocks U
interlocks []
actuate state mode=None-script, software_lock=False
doing actuation None-script open_channel True
Open U ===>> OK
GetValveState U ===>> OK
change switch state (True, True)
update switch state U True args=() kw={} ncanvase=3
13:30:52 -- OPEN   VALVE-U (Microbone to Turbo)
---------------------------------------- open None (Microbone to Turbo) result=[(True, True)], time=0.19 sec
action=open, ok=True, locked=[False]
open () {'description': 'Microbone to Getter NP-10'}
opening name=--- desc=Microbone to Getter NP-10
checking ownership. requestor=129.138.12.150
check software interlocks M
interlocks []
actuate state mode=None-script, software_lock=False
doing actuation None-script open_channel False
Open M ===>> OK
GetValveState M ===>> OK
change switch state (True, True)
update switch state M True args=() kw={} ncanvase=3
13:30:53 -- OPEN   VALVE-M (Microbone to Getter NP-10)
---------------------------------------- open None (Microbone to Getter NP-10) result=[(True, True)], time=0.16 sec
GetData ===>> H2,-0.0885231263506181,H1,86.3245700359139,AX,0.042097136931654,L1,0.096615054645577,L2,0.0691973...
action=open, ok=True, locked=[False]
open () {'description': 'Microbone to Getter D-50'}
opening name=--- desc=Microbone to Getter D-50
checking ownership. requestor=129.138.12.150
check software interlocks K
interlocks []
actuate state mode=None-script, software_lock=False
doing actuation None-script open_channel False
Open K ===>> OK
GetValveState K ===>> OK
change switch state (True, True)
update switch state K True args=() kw={} ncanvase=3
13:30:53 -- OPEN   VALVE-K (Microbone to Getter D-50)
---------------------------------------- open None (Microbone to Getter D-50) result=[(True, True)], time=0.40 sec
Get Checksum: -450326770
action=open, ok=True, locked=[False]
open () {'description': 'Microbone to CO2 Laser'}
opening name=--- desc=Microbone to CO2 Laser
checking ownership. requestor=129.138.12.150
check software interlocks T
interlocks []
actuate state mode=None-script, software_lock=True
VALVE-T(Microbone to CO2 Laser) software locked
change switch state (True, False)
---------------------------------------- open None (Microbone to CO2 Laser) result=[(True, False)], time=0.00 sec
action=open, ok=True, locked=[True]
open () {'description': 'Microbone to Inlet Pipette'}
opening name=--- desc=Microbone to Inlet Pipette
checking ownership. requestor=129.138.12.150
check software interlocks S
interlocks []
actuate state mode=None-script, software_lock=False
doing actuation None-script open_channel True
GetData ===>> H2,-0.0740876248354954,H1,86.1799304296491,AX,-0.0497774137150448,L1,0.0677013654855335,L2,0.0997...
Open S ===>> OK
GetValveState S ===>> OK
change switch state (True, True)
update switch state S True args=() kw={} ncanvase=3
13:30:54 -- OPEN   VALVE-S (Microbone to Inlet Pipette)
---------------------------------------- open None (Microbone to Inlet Pipette) result=[(True, True)], time=0.44 sec
action=open, ok=True, locked=[False]
sleep (1,) {}
SLEEP 1.0
GetData ===>> H2,-0.145969700776403,H1,86.2675606659012,AX,0.0573419232167274,L1,0.0245772993037689,L2,0.151644...
set_resource () {'name': 'CO2PumpTimeFlag', 'value': 30}
Set CO2PumpTimeFlag 30 ===>> OK
release ('JanCO2Flag',) {}
release JanCO2Flag
Set JanCO2Flag 0 ===>> OK
executed 6.0
PumpMicrobone.py completed successfully
gosub finished
get_resource_value () {'name': 'JanMiniboneFlag'}
Read JanMiniboneFlag ===>> 1
Get Resource Value JanMiniboneFlag=1.0
get resource value 1.0
get_resource_value () {'name': 'JanMiniboneFlag'}
Read JanMiniboneFlag ===>> 1
Get Resource Value JanMiniboneFlag=1.0
doing GOSUB
testing...
no interpolation path defined
executed 0
Entering Pump minibone script
get_resource_value () {'name': 'JanMiniboneFlag'}
Read JanMiniboneFlag ===>> 1
Get Resource Value JanMiniboneFlag=1.0
get resource value 1.0
get_resource_value () {'name': 'JanMiniboneFlag'}
Read JanMiniboneFlag ===>> 1
Get Resource Value JanMiniboneFlag=1.0
Pump minibone
close () {'description': 'Bone to Minibone'}
closing name=--- desc=Bone to Minibone
checking ownership. requestor=129.138.12.150
check software interlocks E
interlocks []
actuate state mode=None-script, software_lock=False
doing actuation None-script close_channel False
Close E ===>> OK
GetValveState E ===>> False
change switch state (True, True)
update switch state E False args=() kw={} ncanvase=3
13:30:56 -- CLOSE  VALVE-E (Bone to Minibone)
---------------------------------------- close None (Bone to Minibone) result=[(True, True)]
action=close, ok=True, locked=[False]
open () {'description': 'Minibone to Bone'}
opening name=--- desc=Minibone to Bone
checking ownership. requestor=129.138.12.150
check software interlocks I
interlocks []
actuate state mode=None-script, software_lock=False
doing actuation None-script open_channel True
GetData ===>> H2,-0.260972290736367,H1,86.1507208902038,AX,0.0485037481712789,L1,0.00916974426572058,L2,0.01145...
Open I ===>> OK
GetValveState I ===>> OK
change switch state (True, True)
update switch state I True args=() kw={} ncanvase=3
13:30:56 -- OPEN   VALVE-I (Minibone to Bone)
---------------------------------------- open None (Minibone to Bone) result=[(True, True)], time=0.44 sec
Get Checksum: -2132934506
action=open, ok=True, locked=[False]
close () {'description': 'Microbone to Minibone'}
closing name=--- desc=Microbone to Minibone
checking ownership. requestor=129.138.12.150
check software interlocks L
interlocks []
actuate state mode=None-script, software_lock=False
doing actuation None-script close_channel True
GetData ===>> H2,-0.157778511409961,H1,86.1041208100458,AX,-0.0642003366825259,L1,0.00850252377707776,L2,0.0331...
Close L ===>> OK
GetValveState L ===>> False
change switch state (True, True)
update switch state L False args=() kw={} ncanvase=3
13:30:57 -- CLOSE  VALVE-L (Microbone to Minibone)
---------------------------------------- close None (Microbone to Minibone) result=[(True, True)]
action=close, ok=True, locked=[False]
sleep () {'duration': 1.0}
SLEEP 1.0
GetData ===>> H2,-0.157778511409961,H1,86.1041208100458,AX,-0.0642003366825259,L1,0.00850252377707776,L2,0.0331...
open () {'description': 'Minibone to Turbo'}
opening name=--- desc=Minibone to Turbo
checking ownership. requestor=129.138.12.150
check software interlocks P
interlocks []
actuate state mode=None-script, software_lock=False
doing actuation None-script open_channel True
Open P ===>> OK
GetValveState P ===>> OK
change switch state (True, True)
update switch state P True args=() kw={} ncanvase=3
13:30:59 -- OPEN   VALVE-P (Minibone to Turbo)
---------------------------------------- open None (Minibone to Turbo) result=[(True, True)], time=0.18 sec
action=open, ok=True, locked=[False]
open () {'description': 'Quad Inlet'}
opening name=--- desc=Quad Inlet
checking ownership. requestor=129.138.12.150
check software interlocks Q
interlocks []
actuate state mode=None-script, software_lock=False
doing actuation None-script open_channel True
Open Q ===>> OK
GetValveState Q ===>> OK
change switch state (True, True)
update switch state Q True args=() kw={} ncanvase=3
13:30:59 -- OPEN   VALVE-Q (Quad Inlet)
---------------------------------------- open None (Quad Inlet) result=[(True, True)], time=0.15 sec
GetData ===>> H2,-0.197288475305928,H1,86.0696022889649,AX,-0.0123188443681583,L1,0.0389019162293803,L2,0.05074...
action=open, ok=True, locked=[False]
set_resource () {'name': 'MinibonePumpTimeFlag', 'value': 30}
Set MinibonePumpTimeFlag 30 ===>> OK
sleep () {'duration': 15.0}
SLEEP 15.0
block started
WaitControl setup for 15.0  
Get Checksum: -23451433
GetData ===>> H2,-0.192484468943934,H1,86.202319343949,AX,-0.079177508414646,L1,0.0566755668711884,L2,-0.109675...
GetData ===>> H2,-0.189394552096525,H1,86.2122179981691,AX,-0.0359089864838698,L1,0.0271032326837084,L2,-0.0264...
GetData ===>> H2,-0.178042788988482,H1,86.2035993038219,AX,0.0412034945917862,L1,0.0148681188917707,L2,-0.01212...
Get Checksum: -23451433
GetData ===>> H2,-0.178042788988482,H1,86.2035993038219,AX,0.0412034945917862,L1,0.0148681188917707,L2,-0.01212...
GetData ===>> H2,-0.179455803164435,H1,85.9966995738451,AX,-0.018651862830356,L1,0.0437393016322799,L2,0.104644...
GetData ===>> H2,-0.233153145149351,H1,85.8468833225489,AX,0.00182174437516097,L1,0.0512581789702284,L2,-0.0647...
Get Checksum: -23451433
GetData ===>> H2,-0.102551635940201,H1,85.6938207943769,AX,-0.0103237422112972,L1,0.0198332647723838,L2,0.03582...
GetData ===>> H2,-0.010878883681161,H1,85.8979805714438,AX,-0.163613502223074,L1,0.022549876637131,L2,0.0617837...
Get Checksum: -23451433
GetData ===>> H2,-0.161219824771265,H1,85.7823771701222,AX,-0.0328938494681719,L1,0.0101298512823414,L2,0.03179...
GetData ===>> H2,-0.198043698750668,H1,85.733569530347,AX,0.0593945416118444,L1,0.0159776780099054,L2,-0.106040...
GetData ===>> H2,-0.117550456038212,H1,85.6751977877569,AX,0.00511648341319216,L1,0.0302948940184119,L2,0.09354...
Get Checksum: -23451433
GetData ===>> H2,-0.124582656472721,H1,85.738049257952,AX,0.0440237184505244,L1,0.0439245683583163,L2,0.0760182...
GetData ===>> H2,-0.163245227114457,H1,85.6785882551507,AX,-0.0761637117615975,L1,0.0683994326404614,L2,0.07471...
GetData ===>> H2,-0.128624977138932,H1,85.6546692883519,AX,-0.0304816725982202,L1,0.067499175730884,L2,0.035624...
Join finished
block finished. duration 15.0612139702
close () {'description': 'Outer Pipette 1'}
closing name=--- desc=Outer Pipette 1
checking ownership. requestor=129.138.12.150
check software interlocks W
interlocks ['X']
actuate state mode=None-script, software_lock=False
doing actuation None-script close_channel False
Close W ===>> OK
GetValveState W ===>> False
change switch state (True, True)
update switch state W False args=() kw={} ncanvase=3
13:31:15 -- CLOSE  VALVE-W (Outer Pipette 1)
---------------------------------------- close None (Outer Pipette 1) result=[(True, True)]
Get Checksum: -23451433
action=close, ok=True, locked=[False]
close () {'description': 'Outer Pipette 2'}
closing name=--- desc=Outer Pipette 2
checking ownership. requestor=129.138.12.150
check software interlocks Y
interlocks ['Z']
actuate state mode=None-script, software_lock=False
doing actuation None-script close_channel True
Close Y ===>> OK
GetData ===>> H2,-0.121618274456648,H1,85.7056126440279,AX,0.00187974937976983,L1,0.0475219596031399,L2,-0.0956...
GetValveState Y ===>> False
change switch state (True, True)
update switch state Y False args=() kw={} ncanvase=3
13:31:15 -- CLOSE  VALVE-Y (Outer Pipette 2)
---------------------------------------- close None (Outer Pipette 2) result=[(True, True)]
action=close, ok=True, locked=[False]
release ('JanMiniboneFlag',) {}
release JanMiniboneFlag
Set JanMiniboneFlag 0 ===>> OK
executed 16.0
PumpMinibone.py completed successfully
gosub finished
executed 4.0
jan_pump_extraction_line.py completed successfully
Post Equilibration Finished
13:31:15 -- ******* Post Equilibration Finished *******
13:31:16 -- collecting point 25
GetData ===>> H2,-0.21067138411017,H1,85.5056179573038,AX,0.00512808480405114,L1,0.00331058857811585,L2,0.05320...
GetData ===>> H2,-0.297033014453469,H1,85.6379590521393,AX,-0.074784289076138,L1,0.0156078113970791,L2,0.044324...
Get Checksum: -637840567
GetData ===>> H2,-0.25816401147744,H1,85.7036188670164,AX,-0.0454988204715115,L1,0.0292136761808005,L2,-0.06246...
GetData ===>> H2,-0.169732178961327,H1,85.5780669503993,AX,0.074981937190683,L1,0.00307048051416748,L2,0.061327...
GetData ===>> H2,-0.115689893753979,H1,85.554743580571,AX,-0.0398981011385012,L1,0.0260079460829754,L2,-0.06598...
Get Checksum: -637840567
GetData ===>> H2,-0.161470994323963,H1,85.5856946886746,AX,-0.0885660457615763,L1,0.0266540547090026,L2,-0.0616...
GetData ===>> H2,-0.245947418826629,H1,85.7266032366296,AX,-0.0438638611838054,L1,0.00529904088778298,L2,0.0799...
GetData ===>> H2,-0.211660085529232,H1,85.4295209454995,AX,-0.0323371985737932,L1,0.0049843007866192,L2,-0.0429...
Get Checksum: -637840567
GetData ===>> H2,-0.149472102135757,H1,85.4532990345973,AX,-0.0820868927815314,L1,0.0385063202115835,L2,0.05000...
GetData ===>> H2,-0.0939047100178282,H1,85.5576034678373,AX,-0.0350740348162731,L1,0.00675547947361261,L2,-0.01...
GetData ===>> H2,-0.126559382441687,H1,85.3696251999944,AX,-0.0453248899379887,L1,0.00909293965681427,L2,-0.033...
Get Checksum: -637840567
GetData ===>> H2,-0.125911778951359,H1,85.371785774455,AX,0.00578936636641006,L1,0.0398651191096241,L2,-0.03842...
GetData ===>> H2,-0.180030675374877,H1,85.3608131167823,AX,0.0681505467170241,L1,0.015356838211705,L2,0.0854732...
GetData ===>> H2,-0.22769918110304,H1,85.4846233898803,AX,0.0490260448459503,L1,0.0202897870173481,L2,-0.012559...
Get Checksum: -637840567
GetData ===>> H2,-0.279641813031267,H1,85.3280310576106,AX,-0.0357350388104528,L1,0.0174224494181047,L2,0.16301...
GetData ===>> H2,-0.342797169874527,H1,85.231975948495,AX,0.0349946476668382,L1,0.0509057825217575,L2,-0.011841...
Get Checksum: -637840567
GetData ===>> H2,-0.233085861536276,H1,85.3168842612394,AX,0.00852735186869047,L1,0.0936480370796484,L2,-0.0132...
GetData ===>> H2,-0.13213186833097,H1,85.2534576908684,AX,-0.114281362186341,L1,0.111506502167359,L2,-0.0464910...
GetData ===>> H2,-0.0958957379326586,H1,85.1873729670529,AX,-0.028382566191971,L1,0.0624980167541376,L2,0.03459...
Get Checksum: -637840567
GetData ===>> H2,-0.120720151937901,H1,85.168893086923,AX,-0.0343086561615783,L1,0.0174368621462761,L2,-0.02449...
GetData ===>> H2,-0.102247087813296,H1,85.2295099221075,AX,0.0560083242851681,L1,0.0471240080731032,L2,0.071512...
GetData ===>> H2,-0.205112033629623,H1,85.1045452592286,AX,0.0500358263616715,L1,0.0342928024570171,L2,0.068239...
Get Checksum: -637840567
GetData ===>> H2,-0.222072863946095,H1,85.1440246802567,AX,0.0136786858761268,L1,0.0162178584042314,L2,0.075025...
GetData ===>> H2,-0.206691458107185,H1,85.0609551987397,AX,0.0132261929142616,L1,0.0446103254424816,L2,0.000877...
GetData ===>> H2,-0.146962585420558,H1,85.0651538174594,AX,-0.0230708129495406,L1,0.0479656159065115,L2,-0.0851...
Get Checksum: -637840567
13:31:42 -- collecting point 50
GetData ===>> H2,-0.108605711707732,H1,85.0262830729057,AX,0.0751791151692839,L1,0.0149113461808425,L2,-0.06137...
GetData ===>> H2,-0.108887092278267,H1,84.8844064967543,AX,-0.0240798364150203,L1,0.0251769527340602,L2,0.04447...
GetData ===>> H2,-0.21036829074953,H1,85.0554988789278,AX,0.101244918984214,L1,0.0598421684527751,L2,0.05011715...
Get Checksum: -637840567
GetData ===>> H2,-0.253459129810955,H1,84.8101689769529,AX,-0.0596441297864997,L1,0.0365538181543137,L2,0.09188...
GetData ===>> H2,-0.171360757206485,H1,84.9623826784821,AX,-0.0178747563708192,L1,0.0264522914360194,L2,0.07301...
testing age>100.0
evaluate ot="age>100.0" t="age>100.0", ctx="{'age': None}"
GetData ===>> H2,-0.162887432361243,H1,84.9760744231397,AX,-0.00527780716127438,L1,0.0368615766430961,L2,0.0356...
Get Checksum: -637840567
GetData ===>> H2,-0.151536836873655,H1,85.0631989796025,AX,-0.00825900040789588,L1,0.0275644415836895,L2,-0.025...
GetData ===>> H2,-0.192542430526765,H1,84.8741627823524,AX,0.00743678909298162,L1,-0.00681819749113144,L2,0.052...
GetData ===>> H2,-0.282779658642995,H1,84.9545521351477,AX,0.0737176878738114,L1,0.0318472449569185,L2,0.089576...
Get Checksum: -637840567
GetData ===>> H2,-0.247314290082436,H1,84.9430969532425,AX,0.0142240007018855,L1,0.0310842562402168,L2,-0.01218...
testing age>100.0
evaluate ot="age>100.0" t="age>100.0", ctx="{'age': None}"
GetData ===>> H2,-0.134802882811236,H1,84.8961630430631,AX,-0.0708777506560383,L1,0.0293806567003394,L2,0.00593...
GetData ===>> H2,-0.143158082331553,H1,84.7880631463016,AX,-0.00608981436977898,L1,0.0351618091399235,L2,0.0791...
Get Checksum: -637840567
GetData ===>> H2,-0.1996564714632,H1,84.7778093784386,AX,-0.069776472614406,L1,0.0408416433537103,L2,-0.0251626...
GetData ===>> H2,-0.114818369195067,H1,84.7739559180316,AX,0.120285368788285,L1,0.0247732129581352,L2,0.0102698...
Get Checksum: -637840567
GetData ===>> H2,-0.0638858867772209,H1,84.6636342267041,AX,-0.0546471283451159,L1,0.0638840063460106,L2,0.0799...
testing age>100.0
evaluate ot="age>100.0" t="age>100.0", ctx="{'age': None}"
testing Ar39<0.5
evaluate ot="Ar39<0.5" t="Ar39<0.5", ctx="{'Ar39': 0.0738825383817252}"
condition Ar39<0.5 is true trips=1/1
13:31:58 -- Conditional tripped: Ar39<0.5 condition Ar39<0.5 is True
13:31:58 -- truncation conditional condition Ar39<0.5 is True. measurement iteration executed 64/400 counts
state changed from measurement to truncated
measurement finished
estimated time: 419.430 actual time: :67.344
flush and close file /Users/jan/PychronDev/data/isotopes/20/091b97-ca12-4b05-9c97-b474fe6b2215.h5
baselines () {'settling_time': 15.0, 'detector': 'H1', 'mass': 34.2, 'ncounts': 120}
%%%%%%%%%%%%%%%%%%%%%%%%%%%%%%%% Baseline
build tables- baseline [Detector(H2), Detector(H1), Detector(AX), Detector(L1), Detector(L2), Detector(CDD)]
add group baseline table H2
add group baseline table H1
add group baseline table AX
add group baseline table L1
add group baseline table L2
add group baseline table CDD
flush and close file /Users/jan/PychronDev/data/isotopes/20/091b97-ca12-4b05-9c97-b474fe6b2215.h5
detector Detector(H1)
POSITION 34.2 H1
Mapping mass to dac mass func: "parabolic"
H1 map mass coeffs = [-0.00063987  0.15840543  0.57040999]
H1 map mass to dac 34.2 >> 5.23945599104
GetDeflection H1 ===>> 0
GetHighVoltage ===>> 4499.94659342336
positioning 34.2 (5.23942513638) on H1
setting magnet DAC
current  : 5.878765
requested: 5.239425
Delta Dac: 0.639340
Checking detector protection. dv=0.63934
Checking detector "CDD". Protection Threshold: 0.1 (V)
ProtectDetector CDD,On ===>> OK
GetDeflection CDD ===>> 2000
SetMagnetDAC 5.23942513638 ===>> OK
Magnet settling time: 0.500
loading system conditionals pre_run_terminations
loading conditionals from /Users/jan/PychronDev/setupfiles/spectrometer/default_conditionals.yaml
loading queue conditionals pre_run_terminations
loading system conditionals None
loading conditionals from /Users/jan/PychronDev/setupfiles/spectrometer/default_conditionals.yaml
loading queue conditionals None
loading system conditionals post_run_terminations
loading conditionals from /Users/jan/PychronDev/setupfiles/spectrometer/default_conditionals.yaml
loading queue conditionals post_run_terminations
Show conditionals active run: <pychron.experiment.automated_run.automated_run.AutomatedRun object at 0x14b957ad0>
Show conditionals measuring run: <pychron.experiment.automated_run.automated_run.AutomatedRun object at 0x14b957ad0>
active_run same as measuring_run: True
GetMagnetMoving ===>> True
GetMagnetMoving ===>> True
GetMagnetMoving ===>> True
GetMagnetMoving ===>> True
GetMagnetMoving ===>> True
Get Checksum: -637840567
GetMagnetMoving ===>> True
GetMagnetMoving ===>> True
GetMagnetMoving ===>> True
GetMagnetMoving ===>> False
ProtectDetector CDD,Off ===>> OK
GetDeflection CDD ===>> 50
Delaying 15.0s for detectors to settle
Get Checksum: -637840567
Get Checksum: -637840567
Get Checksum: -637840567
Get Checksum: -637840567
Get Checksum: -637840567
Join finished
measuring baseline. ncounts=120.0
starting measurement
GetData ===>> H2,-0.269634287683462,H1,-0.109077732107532,AX,-0.127698373455746,L1,-0.0419379457657706,L2,-0.05...
GetData ===>> H2,-0.292501824920143,H1,-0.0716319467773062,AX,-0.0407446073457057,L1,0.016539709106683,L2,-0.08...
Get Checksum: -637840567
GetData ===>> H2,-0.334107582520032,H1,0.0121295181799709,AX,0.0386966975191781,L1,0.0101130486229728,L2,-0.079...
GetData ===>> H2,-0.198811008084536,H1,0.0425199138504474,AX,-0.138849178314711,L1,-0.0138283412481283,L2,-0.02...
GetData ===>> H2,-0.20598936916694,H1,0.0806740225985038,AX,-0.0995645501206899,L1,-0.0223050646117798,L2,-0.00...
GetData ===>> H2,-0.252461442860156,H1,-0.0400626786546397,AX,-0.0394458550786992,L1,-0.0148777095445838,L2,0.0...
GetData ===>> H2,-0.231551686418326,H1,-0.0361038955468683,AX,-0.0797454827145117,L1,-0.0324096405384447,L2,-0....
Get Checksum: -637840567
GetData ===>> H2,-0.0441380809996213,H1,0.0113182795079105,AX,0.09632587098927,L1,-0.0768612930465361,L2,-0.007...
GetData ===>> H2,-0.0784451636509114,H1,-0.0537264317338469,AX,0.0556140463603164,L1,-0.0477083118541557,L2,-0....
GetData ===>> H2,-0.154738806084454,H1,-0.0693075102794481,AX,-0.1217547962515,L1,-0.0306192566107813,L2,-0.073...
Get Checksum: -637840567
GetData ===>> H2,-0.125715733030509,H1,0.0188702113948171,AX,-0.0740771824709778,L1,0.0482265285835096,L2,-0.00...
GetData ===>> H2,-0.220040075508466,H1,-0.0139103474938505,AX,-0.145272740597257,L1,0.0146772005829865,L2,-0.11...
GetData ===>> H2,-0.194634240581054,H1,0.0219722758117104,AX,-0.132888568798976,L1,-0.0127280465659967,L2,-0.01...
Get Checksum: -637840567
GetData ===>> H2,-0.328530225188403,H1,-0.0354719066403718,AX,0.00102127884138782,L1,-0.0150300529728445,L2,0.0...
GetData ===>> H2,-0.297092058211148,H1,-0.0345775758966436,AX,-0.0475627724044232,L1,0.00424346272573496,L2,-0....
GetData ===>> H2,-0.262517498661428,H1,-0.0333851224733504,AX,-0.088044484119361,L1,-0.0139469932924884,L2,-0.0...
Get Checksum: -637840567
GetData ===>> H2,-0.205632243866243,H1,-0.0751721386214708,AX,0.0109289533989593,L1,-0.00993961528345531,L2,-0....
GetData ===>> H2,-0.0858173256016392,H1,-0.0122524910862285,AX,-0.0544268369934907,L1,-0.0167152732373686,L2,-0...
Get Checksum: -637840567
GetData ===>> H2,-0.0582127704719884,H1,-0.0131470213357908,AX,-0.228902648245685,L1,-0.00894921259374795,L2,0....
GetData ===>> H2,-0.0388541029368412,H1,-0.0469067113834097,AX,-0.177071241548531,L1,-0.0139829481812525,L2,-0....
GetData ===>> H2,-0.237072396770244,H1,0.00474510271486497,AX,-0.0855757210756543,L1,-0.0378140549550648,L2,-0....
Get Checksum: -637840567
GetData ===>> H2,-0.209907573281603,H1,-0.029926927199919,AX,-0.0370106478619727,L1,-0.0227797300581484,L2,-0.0...
GetData ===>> H2,-0.19596806178199,H1,-0.0890932945038834,AX,-0.1187423182573,L1,-0.0207406676630111,L2,-0.0364...
GetData ===>> H2,-0.308733447137677,H1,-0.0766978392460647,AX,-0.0757232259705175,L1,-0.0204529359901764,L2,-0....
Get Checksum: -637840567
13:32:42 -- collecting point 25
GetData ===>> H2,-0.224832506421775,H1,0.0193235840427298,AX,-0.0444204461526954,L1,-0.0153443289790129,L2,-0.1...
GetData ===>> H2,-0.286244284933459,H1,-0.0289371458692454,AX,-0.0175847896844949,L1,-0.0327916276797347,L2,0.0...
GetData ===>> H2,-0.335112579905984,H1,-0.103358086161331,AX,-0.0475859626268755,L1,-0.00766250279218983,L2,-0....
Get Checksum: -637840567
GetData ===>> H2,-0.239439057640856,H1,0.00667764347446216,AX,-0.113736763927954,L1,-0.0145330419610821,L2,-0.0...
GetData ===>> H2,-0.137412431384958,H1,0.0559342359512051,AX,-0.139544891464507,L1,-0.00680260596028964,L2,0.07...
GetData ===>> H2,-0.251222951336278,H1,-0.00475004937847672,AX,-0.12520744475835,L1,-0.0633187602528897,L2,0.00...
Get Checksum: -637840567
GetData ===>> H2,-0.326596739255787,H1,-0.00777971992034203,AX,-0.0048021997934883,L1,-0.0564912432087769,L2,-0...
GetData ===>> H2,-0.19252895111538,H1,-0.0221753657832611,AX,-0.0487686566455149,L1,-0.0599749817662956,L2,0.01...
GetData ===>> H2,-0.196022014281419,H1,-0.0994852235596032,AX,-0.157167964979003,L1,-0.0571950294878633,L2,0.01...
Get Checksum: -637840567
GetData ===>> H2,-0.13722856575415,H1,-0.00811369373872033,AX,-0.129679485160008,L1,-0.0406673018139205,L2,0.04...
GetData ===>> H2,-0.150050103712756,H1,0.0359566210254016,AX,0.0152682291063595,L1,-0.0278857614221169,L2,0.102...
GetData ===>> H2,-0.175420080485388,H1,0.00963617320970407,AX,0.036735405925661,L1,-0.016999513890739,L2,-0.157...
Get Checksum: -637840567
GetData ===>> H2,-0.119525701221604,H1,0.00275295468876737,AX,-0.0193361753214044,L1,-0.00607457451660133,L2,0....
GetData ===>> H2,-0.0312427140964771,H1,0.00153621312122283,AX,-0.123550652210842,L1,0.0176242294880576,L2,0.06...
GetData ===>> H2,-0.229446566777227,H1,0.00497175679867747,AX,-0.0620787706988619,L1,-0.0123360824727519,L2,-0....
Get Checksum: -637840567
GetData ===>> H2,-0.390997482491876,H1,0.0553732807838216,AX,-0.0550297384549284,L1,0.00219293423277315,L2,0.00...
GetData ===>> H2,-0.316509154875464,H1,-0.0201956400123436,AX,-0.114628976501823,L1,-0.0141938809411556,L2,0.01...
Get Checksum: -637840567
GetData ===>> H2,-0.184623207051371,H1,0.0146467859084122,AX,-0.0808698302241248,L1,-0.0198258922115561,L2,0.01...
GetData ===>> H2,-0.101091084180832,H1,0.0275562339985715,AX,-0.0108109220931001,L1,-0.0124163944020334,L2,0.05...
GetData ===>> H2,-0.223718764036358,H1,-0.0531541653715493,AX,-0.0752711463745459,L1,-0.00437602958938885,L2,-0...
Get Checksum: -637840567
GetData ===>> H2,-0.163054854708745,H1,-0.0542033178692723,AX,-0.0396545842905268,L1,-0.0755184249735082,L2,-0....
GetData ===>> H2,-0.154909051130443,H1,-0.0594608368745362,AX,-0.0122956457408688,L1,-0.0288249601258359,L2,-0....
GetData ===>> H2,-0.16749469468427,H1,-0.0121451469191179,AX,-0.0344710097125115,L1,-0.00779441909893855,L2,-0....
Get Checksum: -637840567
GetData ===>> H2,-0.121142170163593,H1,0.00777515236800599,AX,0.0277766355303823,L1,-0.0197575504703054,L2,-0.0...
GetData ===>> H2,-0.199513542698253,H1,-0.00836417337122237,AX,-0.0706806807642508,L1,0.00628637288686618,L2,-0...
13:33:08 -- collecting point 50
GetData ===>> H2,-0.189285338029818,H1,-0.064074350496379,AX,0.0697626652711505,L1,-0.0442656456998103,L2,-0.03...
Get Checksum: -637840567
GetData ===>> H2,-0.227961710068424,H1,-0.055240537367207,AX,-0.0223865267158127,L1,-0.0550607772576264,L2,-0.1...
GetData ===>> H2,-0.211770534542891,H1,-0.0392757041219436,AX,-0.105636953382778,L1,-0.0339446857838041,L2,-0.0...
GetData ===>> H2,-0.229182726169882,H1,-0.0246559307546022,AX,-0.147000304997883,L1,-0.0274940033855187,L2,-0.0...
Get Checksum: -637840567
GetData ===>> H2,-0.165088028681656,H1,-0.0891290484037242,AX,-0.0920778213617432,L1,-0.0148441217067923,L2,-0....
testing age>100.0
evaluate ot="age>100.0" t="age>100.0", ctx="{'age': None}"
GetData ===>> H2,-0.135850830656601,H1,0.0305750419500984,AX,-0.0392371254192082,L1,-0.0159500622916747,L2,-0.1...
GetData ===>> H2,-0.19272844476419,H1,0.0380926272810946,AX,-0.0361061268044991,L1,-0.0264264751387418,L2,-0.06...
Get Checksum: -637840567
GetData ===>> H2,-0.211750330535661,H1,-0.0556816504472256,AX,-0.0776358471737425,L1,-0.0519154768498083,L2,-0....
GetData ===>> H2,-0.124371713264524,H1,-0.0882351970746818,AX,-0.0658001755208078,L1,-0.0489613122871362,L2,-0....
GetData ===>> H2,-0.260207004973474,H1,0.0128691826988937,AX,-0.0580210020035908,L1,-0.0430922841153764,L2,0.03...
Get Checksum: -637840567
testing age>100.0
evaluate ot="age>100.0" t="age>100.0", ctx="{'age': None}"
GetData ===>> H2,-0.220972320762234,H1,0.0622123741425231,AX,-0.0742626535531134,L1,-0.020906109648472,L2,-0.00...
GetData ===>> H2,-0.258150571752265,H1,0.0550868368039971,AX,-0.0540094414858909,L1,-0.00557319770315214,L2,-0....
GetData ===>> H2,-0.27454109986992,H1,-0.109220719066694,AX,-0.122646935291415,L1,-0.0115425182123112,L2,-0.024...
Get Checksum: -637840567
GetData ===>> H2,-0.210031510820315,H1,-0.061833186982274,AX,-0.0528268111586907,L1,-0.00591144987274458,L2,-0....
GetData ===>> H2,-0.227839197310322,H1,0.0148257410004461,AX,-0.0432261036601627,L1,0.00567212823882635,L2,0.01...
Get Checksum: -637840567
testing age>100.0
evaluate ot="age>100.0" t="age>100.0", ctx="{'age': None}"
testing Ar39<0.5
evaluate ot="Ar39<0.5" t="Ar39<0.5", ctx="{'Ar39': 0.07323944887299004}"
condition Ar39<0.5 is true trips=1/1
13:33:24 -- Conditional tripped: Ar39<0.5 condition Ar39<0.5 is True
13:33:24 -- truncation conditional condition Ar39<0.5 is True. measurement iteration executed 64/120 counts
measurement finished
estimated time: 125.829 actual time: :67.385
flush and close file /Users/jan/PychronDev/data/isotopes/20/091b97-ca12-4b05-9c97-b474fe6b2215.h5
activate_detectors ('H1', 'AX', 'L2', 'CDD') {'peak_center': True}
peak_center () {'detector': 'H1', 'integration_time': 0.262144, 'isotope': 'Ar40'}
peak center: mean=84.8710710986 threshold=3
peak center started
setup peak center. detector=['H1', 'AX', 'L2', 'CDD'], isotope=Ar40
VersionedUnpickler [<apptools.sweet_pickle.versioned_unpickler.VersionedUnpickler object at 0x168940ef0>] using Updater [<apptools.sweet_pickle.updater.Updater object at 0x137c6f7d0>]
VersionedUnpickler [<apptools.sweet_pickle.versioned_unpickler.VersionedUnpickler object at 0x168940ef0>] using Updater [<apptools.sweet_pickle.updater.Updater object at 0x137c6f7d0>]
VersionedUnpickler [<apptools.sweet_pickle.versioned_unpickler.VersionedUnpickler object at 0x1645b83b0>] using Updater [<apptools.sweet_pickle.updater.Updater object at 0x137c6f7d0>]
setting integration time = 0.524288
SetIntegrationTime 0.524288 ===>> OK
Mapping mass to dac mass func: "parabolic"
H1 map mass coeffs = [-0.00063987  0.15840543  0.57040999]
H1 map mass to dac 39.9624 >> 5.8788
GetDeflection H1 ===>> 0
GetHighVoltage ===>> 4499.94659342336
do peak center. <pychron.spectrometer.jobs.peak_center.PeakCenter object at 0x13a1fcef0>
doing pc
starting peak center. center dac= 5.8787653803 step_width=0.001
width = 0.001
get scan parameters. half-width=0.015,window=0.015, i=0, scalar=1
Scan parameters center=5.87877 width=0.03000 (5.86377 - 5.89377)
GetData ===>> H2,-0.167840197584161,H1,0.0538933290421763,AX,-0.120155877240595,L1,-0.00693093553400159,L2,-0.0...
Moving to starting dac 5.8637653803
setting magnet DAC
current  : 5.239425
requested: 5.863765
Delta Dac: 0.624340
Checking detector protection. dv=0.62434
Checking detector "CDD". Protection Threshold: 0.1 (V)
ProtectDetector CDD,On ===>> OK
GetDeflection CDD ===>> 2000
SetMagnetDAC 5.8637653803 ===>> OK
Magnet settling time: 0.500
loading system conditionals pre_run_terminations
loading conditionals from /Users/jan/PychronDev/setupfiles/spectrometer/default_conditionals.yaml
loading queue conditionals pre_run_terminations
loading system conditionals None
loading conditionals from /Users/jan/PychronDev/setupfiles/spectrometer/default_conditionals.yaml
loading queue conditionals None
loading system conditionals post_run_terminations
loading conditionals from /Users/jan/PychronDev/setupfiles/spectrometer/default_conditionals.yaml
loading queue conditionals post_run_terminations
Show conditionals active run: <pychron.experiment.automated_run.automated_run.AutomatedRun object at 0x14b957ad0>
Show conditionals measuring run: <pychron.experiment.automated_run.automated_run.AutomatedRun object at 0x14b957ad0>
active_run same as measuring_run: True
GetMagnetMoving ===>> True
GetMagnetMoving ===>> True
GetMagnetMoving ===>> True
GetMagnetMoving ===>> True
GetMagnetMoving ===>> True
GetMagnetMoving ===>> True
GetMagnetMoving ===>> True
GetMagnetMoving ===>> True
GetMagnetMoving ===>> False
ProtectDetector CDD,Off ===>> OK
GetDeflection CDD ===>> 50
Wait until signal near baseline. tol= 0.0404199967816. timeout= 10
GetData ===>> H2,0.0406211421353845,H1,-0.0471690169135951,AX,-0.0483976169320786,L1,0.0164856498417577,L2,0.00...
Peak center baseline intensity achieved
_do_sweep sm= 5.8637653803, em= 5.8937653803, stm= 0.001
calculated step values: start=5.8637653803, end=5.8937653803, width=0.001, nsteps=31.0
setting magnet DAC
current  : 5.863765
requested: 5.863765
Delta Dac: 0.000000
Checking detector protection. dv=0.00000
Checking detector "CDD". Protection Threshold: 0.1 (V)
SetMagnetDAC 5.8637653803 ===>> OK
GetData ===>> H2,5.10069690193212,H1,1.01800248497563,AX,-0.150496096645348,L1,0.0554773652787305,L2,-0.1643011...
setting magnet DAC
current  : 5.863765
requested: 5.864800
Delta Dac: 0.001034
Checking detector protection. dv=0.00103
Checking detector "CDD". Protection Threshold: 0.1 (V)
SetMagnetDAC 5.86479986306 ===>> OK
Magnet settling time: 1.049
Get Checksum: -637840567
GetData ===>> H2,2.64818882443536,H1,1.10519540400793,AX,-0.0654639796869911,L1,-0.0380356837456078,L2,-0.03629...
setting magnet DAC
current  : 5.864800
requested: 5.865834
Delta Dac: 0.001034
Checking detector protection. dv=0.00103
Checking detector "CDD". Protection Threshold: 0.1 (V)
SetMagnetDAC 5.86583434582 ===>> OK
Magnet settling time: 1.049
GetData ===>> H2,0.232420800446256,H1,0.778674618100061,AX,-0.0627279979879636,L1,-0.0427737766136688,L2,0.0512...
setting magnet DAC
current  : 5.865834
requested: 5.866869
Delta Dac: 0.001034
Checking detector protection. dv=0.00103
Checking detector "CDD". Protection Threshold: 0.1 (V)
SetMagnetDAC 5.86686882857 ===>> OK
Magnet settling time: 1.049
Get Checksum: -637840567
GetData ===>> H2,-0.127328617069503,H1,2.26036044902542,AX,-0.195218784951032,L1,-0.038917358541906,L2,-0.03793...
setting magnet DAC
current  : 5.866869
requested: 5.867903
Delta Dac: 0.001034
Checking detector protection. dv=0.00103
Checking detector "CDD". Protection Threshold: 0.1 (V)
SetMagnetDAC 5.86790331133 ===>> OK
Magnet settling time: 1.049
GetData ===>> H2,-0.265394949658518,H1,7.82100021525986,AX,-0.0798845779559893,L1,-0.0368424245855583,L2,0.0433...
setting magnet DAC
current  : 5.867903
requested: 5.868938
Delta Dac: 0.001034
Checking detector protection. dv=0.00103
Checking detector "CDD". Protection Threshold: 0.1 (V)
SetMagnetDAC 5.86893779409 ===>> OK
Magnet settling time: 1.049
GetData ===>> H2,-0.1876282827297,H1,19.9525522924801,AX,-0.0147430704421748,L1,-0.00824771832172252,L2,0.00239...
setting magnet DAC
current  : 5.868938
requested: 5.869972
Delta Dac: 0.001034
Checking detector protection. dv=0.00103
Checking detector "CDD". Protection Threshold: 0.1 (V)
SetMagnetDAC 5.86997227685 ===>> OK
Magnet settling time: 1.049
Get Checksum: -637840567
GetData ===>> H2,-0.162436459862,H1,39.2977792587487,AX,-0.0916605873316165,L1,-0.0779170461723657,L2,0.0345309...
setting magnet DAC
current  : 5.869972
requested: 5.871007
Delta Dac: 0.001034
Checking detector protection. dv=0.00103
Checking detector "CDD". Protection Threshold: 0.1 (V)
SetMagnetDAC 5.87100675961 ===>> OK
Magnet settling time: 1.049
GetData ===>> H2,-0.12090546315482,H1,59.4832155531561,AX,-0.167451913187185,L1,-0.00743224473283607,L2,0.00102...
setting magnet DAC
current  : 5.871007
requested: 5.872041
Delta Dac: 0.001034
Checking detector protection. dv=0.00103
Checking detector "CDD". Protection Threshold: 0.1 (V)
SetMagnetDAC 5.87204124237 ===>> OK
Magnet settling time: 1.049
GetData ===>> H2,-0.216808286940465,H1,73.0349438245199,AX,-0.0418810013618107,L1,0.00934952720640385,L2,-0.066...
setting magnet DAC
current  : 5.872041
requested: 5.873076
Delta Dac: 0.001034
Checking detector protection. dv=0.00103
Checking detector "CDD". Protection Threshold: 0.1 (V)
SetMagnetDAC 5.87307572513 ===>> OK
Magnet settling time: 1.049
Get Checksum: -637840567
GetData ===>> H2,-0.234170711592641,H1,79.1757210397218,AX,0.00792406031260624,L1,0.0242727848842189,L2,0.05799...
setting magnet DAC
current  : 5.873076
requested: 5.874110
Delta Dac: 0.001034
Checking detector protection. dv=0.00103
Checking detector "CDD". Protection Threshold: 0.1 (V)
SetMagnetDAC 5.87411020788 ===>> OK
Magnet settling time: 1.049
GetData ===>> H2,-0.222434556641371,H1,81.1657054807814,AX,0.00112568701596211,L1,0.0120498652996961,L2,-0.0344...
setting magnet DAC
current  : 5.874110
requested: 5.875145
Delta Dac: 0.001034
Checking detector protection. dv=0.00103
Checking detector "CDD". Protection Threshold: 0.1 (V)
SetMagnetDAC 5.87514469064 ===>> OK
Magnet settling time: 1.049
GetData ===>> H2,-0.0355038717407881,H1,82.0330594313934,AX,-0.0796295698613585,L1,0.0685884004922655,L2,-0.049...
setting magnet DAC
current  : 5.875145
requested: 5.876179
Delta Dac: 0.001034
Checking detector protection. dv=0.00103
Checking detector "CDD". Protection Threshold: 0.1 (V)
SetMagnetDAC 5.8761791734 ===>> OK
Magnet settling time: 1.049
Get Checksum: -637840567
GetData ===>> H2,-0.0842571343694443,H1,82.0205129024116,AX,0.0435014486096581,L1,0.0234947611237405,L2,-0.0581...
setting magnet DAC
current  : 5.876179
requested: 5.877214
Delta Dac: 0.001034
Checking detector protection. dv=0.00103
Checking detector "CDD". Protection Threshold: 0.1 (V)
SetMagnetDAC 5.87721365616 ===>> OK
Magnet settling time: 1.049
GetData ===>> H2,-0.113257848344695,H1,81.961058199293,AX,0.151722683346786,L1,-0.0188404708247888,L2,0.0229357...
setting magnet DAC
current  : 5.877214
requested: 5.878248
Delta Dac: 0.001034
Checking detector protection. dv=0.00103
Checking detector "CDD". Protection Threshold: 0.1 (V)
SetMagnetDAC 5.87824813892 ===>> OK
Magnet settling time: 1.049
Get Checksum: -637840567
GetData ===>> H2,-0.121243614513642,H1,82.1037279521646,AX,0.0115670700486249,L1,0.0199439891486756,L2,-0.03114...
setting magnet DAC
current  : 5.878248
requested: 5.879283
Delta Dac: 0.001034
Checking detector protection. dv=0.00103
Checking detector "CDD". Protection Threshold: 0.1 (V)
SetMagnetDAC 5.87928262168 ===>> OK
Magnet settling time: 1.049
GetData ===>> H2,-0.153937539112553,H1,82.0068239945875,AX,0.132798507852265,L1,0.0419914654518271,L2,0.0644937...
setting magnet DAC
current  : 5.879283
requested: 5.880317
Delta Dac: 0.001034
Checking detector protection. dv=0.00103
Checking detector "CDD". Protection Threshold: 0.1 (V)
SetMagnetDAC 5.88031710444 ===>> OK
Magnet settling time: 1.049
GetData ===>> H2,-0.171193457556544,H1,81.950098132948,AX,0.019201589988102,L1,0.0752635190143006,L2,-0.0138453...
setting magnet DAC
current  : 5.880317
requested: 5.881352
Delta Dac: 0.001034
Checking detector protection. dv=0.00103
Checking detector "CDD". Protection Threshold: 0.1 (V)
SetMagnetDAC 5.88135158719 ===>> OK
Magnet settling time: 1.049
Get Checksum: -637840567
GetData ===>> H2,-0.235732640187517,H1,81.8376217701601,AX,0.0228450217910237,L1,0.0443155644947873,L2,0.070646...
setting magnet DAC
current  : 5.881352
requested: 5.882386
Delta Dac: 0.001034
Checking detector protection. dv=0.00103
Checking detector "CDD". Protection Threshold: 0.1 (V)
SetMagnetDAC 5.88238606995 ===>> OK
Magnet settling time: 1.049
GetData ===>> H2,-0.2039542778236,H1,81.8324151479038,AX,0.1436284377549,L1,0.0121386098281698,L2,-0.0429413143...
setting magnet DAC
current  : 5.882386
requested: 5.883421
Delta Dac: 0.001034
Checking detector protection. dv=0.00103
Checking detector "CDD". Protection Threshold: 0.1 (V)
SetMagnetDAC 5.88342055271 ===>> OK
Magnet settling time: 1.049
GetData ===>> H2,-0.308379830767314,H1,81.6220712158463,AX,0.117842661487596,L1,0.083153161351483,L2,0.02318630...
setting magnet DAC
current  : 5.883421
requested: 5.884455
Delta Dac: 0.001034
Checking detector protection. dv=0.00103
Checking detector "CDD". Protection Threshold: 0.1 (V)
SetMagnetDAC 5.88445503547 ===>> OK
Magnet settling time: 1.049
Get Checksum: -637840567
GetData ===>> H2,-0.159911222372361,H1,78.9228079582889,AX,-0.0239754551623441,L1,0.0635440507334816,L2,-0.0157...
setting magnet DAC
current  : 5.884455
requested: 5.885490
Delta Dac: 0.001034
Checking detector protection. dv=0.00103
Checking detector "CDD". Protection Threshold: 0.1 (V)
SetMagnetDAC 5.88548951823 ===>> OK
Magnet settling time: 1.049
GetData ===>> H2,-0.0867165052415004,H1,71.7490772492236,AX,-0.0425535548349393,L1,0.0717640704884682,L2,-0.022...
setting magnet DAC
current  : 5.885490
requested: 5.886524
Delta Dac: 0.001034
Checking detector protection. dv=0.00103
Checking detector "CDD". Protection Threshold: 0.1 (V)
SetMagnetDAC 5.88652400099 ===>> OK
Magnet settling time: 1.049
GetData ===>> H2,-0.12785583037472,H1,56.3019663443598,AX,0.110817684519761,L1,0.0282719097708498,L2,-0.0596709...
setting magnet DAC
current  : 5.886524
requested: 5.887558
Delta Dac: 0.001034
Checking detector protection. dv=0.00103
Checking detector "CDD". Protection Threshold: 0.1 (V)
Get Checksum: -637840567
SetMagnetDAC 5.88755848375 ===>> OK
Magnet settling time: 1.049
GetData ===>> H2,-0.238734971587464,H1,35.2860131953616,AX,0.0318497566564373,L1,0.0111001079402288,L2,0.055059...
setting magnet DAC
current  : 5.887558
requested: 5.888593
Delta Dac: 0.001034
Checking detector protection. dv=0.00103
Checking detector "CDD". Protection Threshold: 0.1 (V)
SetMagnetDAC 5.8885929665 ===>> OK
Magnet settling time: 1.049
GetData ===>> H2,-0.275249075551842,H1,16.9391864566099,AX,-0.0453364853165328,L1,-0.0294244755577214,L2,0.0618...
setting magnet DAC
current  : 5.888593
requested: 5.889627
Delta Dac: 0.001034
Checking detector protection. dv=0.00103
Checking detector "CDD". Protection Threshold: 0.1 (V)
SetMagnetDAC 5.88962744926 ===>> OK
Magnet settling time: 1.049
Get Checksum: -637840567
GetData ===>> H2,-0.126544510959782,H1,6.32575665778836,AX,0.00732077249543869,L1,0.0316862315093962,L2,0.09825...
setting magnet DAC
current  : 5.889627
requested: 5.890662
Delta Dac: 0.001034
Checking detector protection. dv=0.00103
Checking detector "CDD". Protection Threshold: 0.1 (V)
SetMagnetDAC 5.89066193202 ===>> OK
Magnet settling time: 1.049
GetData ===>> H2,-0.163106161061995,H1,1.84205429117788,AX,0.0581812604271986,L1,-0.0117127442163947,L2,-0.0084...
setting magnet DAC
current  : 5.890662
requested: 5.891696
Delta Dac: 0.001034
Checking detector protection. dv=0.00103
Checking detector "CDD". Protection Threshold: 0.1 (V)
SetMagnetDAC 5.89169641478 ===>> OK
Magnet settling time: 1.049
GetData ===>> H2,-0.107096877050416,H1,0.437912221390247,AX,0.0571153828479272,L1,-0.00583708334911653,L2,-0.09...
setting magnet DAC
current  : 5.891696
requested: 5.892731
Delta Dac: 0.001034
Checking detector protection. dv=0.00103
Checking detector "CDD". Protection Threshold: 0.1 (V)
SetMagnetDAC 5.89273089754 ===>> OK
Magnet settling time: 1.049
Get Checksum: -637840567
GetData ===>> H2,-0.11462213161342,H1,0.104049933210182,AX,-0.221311028164292,L1,-0.015329965448339,L2,-0.06722...
setting magnet DAC
current  : 5.892731
requested: 5.893765
Delta Dac: 0.001034
Checking detector protection. dv=0.00103
Checking detector "CDD". Protection Threshold: 0.1 (V)
SetMagnetDAC 5.8937653803 ===>> OK
Magnet settling time: 1.049
GetData ===>> H2,-0.257064589055617,H1,0.076522479944985,AX,0.0222648483632705,L1,-0.0676491940152221,L2,-0.150...
result of _do_sweep=True
result of _calculate_peak_center=([5.871130109756983, 5.8786751999373434, 5.8862202901177039], [61.099102992328667, 82.103145363241239, 60.837039986777825], 5.8782543582539768, 82.103145363241239)
Failed to find a valid peak. No peak greater than 1.0. max = 0.149194826594
Failed to find a valid peak. No peak greater than 1.0. max = 0.0978851188659
Failed to find a valid peak. No peak greater than 1.0. max = 0.282720521691
new center pos Detector(H1) (Ar40) @ 5.87867519994
GetHighVoltage ===>> 4499.94659342336
GetDeflection H1 ===>> 0
dac uncorrected for HV and deflection 5.87870981911
update mftable H1 Ar40 5.87870981911 message=automated run peakcenter
get initial guess parabolic
get initial guess parabolic
get initial guess parabolic
get initial guess parabolic
get initial guess parabolic
get initial guess parabolic
dump mftable to /Users/jan/PychronDev/setupfiles/spectrometer/mftables/mftable.csv
add to repo msg=modified - automated run peakcenter
locally archiving mftable
setting magnet DAC
current  : 5.893765
requested: 5.878675
Delta Dac: 0.015090
Checking detector protection. dv=0.01509
Checking detector "CDD". Protection Threshold: 0.1 (V)
sweep finished
SetMagnetDAC 5.87867519994 ===>> OK
Magnet settling time: 0.500
setting integration time = 1.048576
SetIntegrationTime 1.048576 ===>> OK
Failed to find a valid peak. No peak greater than 1.0. max = 0.149194826594
Failed to find a valid peak. No peak greater than 1.0. max = 0.0978851188659
Failed to find a valid peak. No peak greater than 1.0. max = 0.282720521691
flush and close file /Users/jan/PychronDev/data/isotopes/20/091b97-ca12-4b05-9c97-b474fe6b2215.h5
finished measure script
executed 564.372928
jan_unknown400_120.py completed successfully
Measurement Finished
13:34:00 -- ******* Measurement Finished *******
Post Measurement Started jan_pump_ms.py
13:34:00 -- ******* Post Measurement Started jan_pump_ms.py *******
testing...
no interpolation path defined
executed 0
Pumping spectrometer
open () {'name': 'O'}
opening name=O desc=---
checking ownership. requestor=129.138.12.150
check software interlocks O
interlocks []
actuate state mode=None-script, software_lock=False
doing actuation None-script open_channel True
Open O ===>> OK
GetValveState O ===>> OK
change switch state (True, True)
update switch state O True args=() kw={} ncanvase=3
13:34:00 -- OPEN   VALVE-O (Jan Ion Pump)
---------------------------------------- open O () result=[(True, True)], time=0.09 sec
Get Checksum: -555830446
action=open, ok=True, locked=[False]
executed 0
jan_pump_ms.py completed successfully
setting _ms_pumptime
Post Measurement Finished
13:34:00 -- ******* Post Measurement Finished *******
$$$$$$$$$$$$$$$$$$$$ state at run end truncated
post measurement save measured=True aborted=False
Set filtering
setting fod for Ar40= {'filter_outliers': True, 'std_devs': 2, 'iterations': 1}
setting fod for H1= {'filter_outliers': True, 'std_devs': 2, 'iterations': 1}
setting fod for PM41= {'filter_outliers': False, 'std_devs': 2, 'iterations': 1}
setting fod for H2= {'filter_outliers': True, 'std_devs': 2, 'iterations': 1}
setting fod for Ar36= {'filter_outliers': True, 'std_devs': 2, 'iterations': 1}
setting fod for CDD= {'filter_outliers': True, 'std_devs': 10, 'iterations': 1}
setting fod for Ar37= {'filter_outliers': True, 'std_devs': 2, 'iterations': 1}
setting fod for L2= {'filter_outliers': True, 'std_devs': 2, 'iterations': 1}
setting fod for Ar38= {'filter_outliers': True, 'std_devs': 2, 'iterations': 1}
setting fod for L1= {'filter_outliers': True, 'std_devs': 2, 'iterations': 1}
setting fod for Ar39= {'filter_outliers': True, 'std_devs': 2, 'iterations': 1}
setting fod for AX= {'filter_outliers': True, 'std_devs': 2, 'iterations': 1}
persistence save...
persistence save - db
post measurement save
5387250096 connecting to database sqlite:////Users/jan/PychronDev/.appdata/local_lab.db
connected to db sqlite:////Users/jan/PychronDev/.appdata/local_lab.db
create new session 5387250096
close session 5387250096
No database instance. Not saving post measurement to isotopedb database
$$$$$$$$$$$$$$$ auto_save_detector_ic=False
massspec enabled True
create new session 5054761584
MassSpec Database Version: 16.0
close session 5054761584
saving post measurement to secondary database
saving to massspec database 129.138.12.160/massspecdata
setting labnumber to a-01-J
setting aliquot to 5112
setting step to 
setting uuid to 20091b97-ca12-4b05-9c97-b474fe6b2215
setting irradpos to a-01-J
setting extract_device to Fusions CO2
setting tray to 
setting position to 
setting power_requested to 0.0
setting extract_value to 0.0
setting duration to 0.0
setting duration_at_request to 0.0
setting first_stage_delay to 0.0
setting cleanup to 0.0
setting comment to 
setting irradiation to NoIrradiation
setting level to A
setting irradiation_level to A
setting sample to air
setting material to Gas
setting project to REFERENCES
setting mass_spectrometer to Jan
no attribute chron_dosages
no attribute production_ratios
no attribute interference_corrections
no attribute production_name
no attribute j
Reference Isotope=Ar40
Reference Detector=H1
%%%%%%%%%%%%%%%%%%%% Comment:  %%%%%%%%%%%%%%%%%%%
adding isotope PM41 H2
add baseline dbdet= PM41. original det= H2
get baseline data PM41 H2
Get data baseline <pychron.processing.isotope.Baseline object at 0x166227b10> len t=64
baseline PM41. v=-0.208683087357, e=0.00851206362825
get signal data PM41 H2
Get data signal PM41 0.08+/-0.07 len t=64
adding isotope Ar40 H1
add baseline dbdet= Ar40. original det= H1
get baseline data Ar40 H1
Get data baseline <pychron.processing.isotope.Baseline object at 0x166227d10> len t=64
baseline Ar40. v=-0.0213105193622, e=0.00561682953302
get signal data Ar40 H1
Get data signal Ar40 86.61+/-0.05 len t=64
adding isotope Ar39 AX
add baseline dbdet= Ar39. original det= AX
get baseline data Ar39 AX
Get data baseline <pychron.processing.isotope.Baseline object at 0x166227ed0> len t=64
baseline Ar39. v=-0.0658394738165, e=0.0067859145811
get signal data Ar39 AX
Get data signal Ar39 0.094+/-0.032 len t=64
adding isotope Ar38 L1
add baseline dbdet= Ar38. original det= L1
get baseline data Ar38 L1
Get data baseline <pychron.processing.isotope.Baseline object at 0x16620c0d0> len t=64
baseline Ar38. v=-0.0205011691488, e=0.00248700443722
get signal data Ar38 L1
Get data signal Ar38 0.046+/-0.006 len t=64
adding isotope Ar37 L2
add baseline dbdet= Ar37. original det= L2
get baseline data Ar37 L2
Get data baseline <pychron.processing.isotope.Baseline object at 0x16620c290> len t=64
baseline Ar37. v=-0.0329828433908, e=0.00618319104697
get signal data Ar37 L2
Get data signal Ar37 0.063+/-0.017 len t=64
adding isotope Ar36 CDD
add baseline dbdet= Ar36. original det= CDD
get baseline data Ar36 CDD
Get data baseline <pychron.processing.isotope.Baseline object at 0x16620c450> len t=64
baseline Ar36. v=3.25643087447e-05, e=8.43254606287e-06
get signal data Ar36 CDD
Get data signal Ar36 0.292+/-0.004 len t=64
a-01-J-5112 added analysis time 0.50252699852s
analysis added to mass spec database
mass spec save time= 0.523
persistence save - dvc
================= post measurement started
create new session 4983039568
close session 4983039568
---------------- Experiment Queue saving disabled
DVC saving peakcenter
Failed to find a valid peak. No peak greater than 1.0. max = 0.149194826594
Failed to find a valid peak. No peak greater than 1.0. max = 0.0978851188659
Failed to find a valid peak. No peak greater than 1.0. max = 0.282720521691
Smart pull ahead: 0 behind: 0
Up-to-date with origin
add to repo msg=modified - ad8224ebc6dbfeb9f5997218dfa5fe690569839d.json
add to repo msg=modified - -J-5112.json
add to repo msg=modified - -J-5112.dat.json
add to repo msg=modified - -J-5112.blan.json
add to repo msg=modified - -J-5112.inte.json
add to repo msg=modified - -J-5112.icfa.json
add to repo msg=modified - -J-5112.base.json
not at valid file /Users/jan/PychronDev/data/.dvc/repositories/Bidouoche/a-01/tags/-J-5112.tags.json
add to repo msg=modified - -J-5112.peak.json
add to repo msg=modified - -J-5112.extr.json
not at valid file /Users/jan/PychronDev/data/.dvc/repositories/Bidouoche/a-01/monitor/-J-5112.moni.json
commit message=<COLLECTION>
add to repo msg=modified - -J-5112.inte.json
add to repo msg=modified - -J-5112.base.json
commit message=<ISOEVO> default collection fits
Get Checksum: -555830446
add to repo msg=modified - -J-5112.blan.json
commit message=<BLANKS> preceding ba-01-J-2227
add to repo msg=modified - -J-5112.icfa.json
commit message=<ICFactor> default
push repository <pychron.git_archive.repo_manager.GitRepoManager object at 0x146cdfa70>
pushing to remote=origin, url=https://github.com
Get Checksum: -555830446
no changes to meta repo
Get Checksum: -555830446
create new session 4983039568
add association Bidouoche
get identifier "a-01-J"
setting analysis irradiation position=<pychron.dvc.dvc_orm.IrradiationPositionTbl object at 0x1695e8590>
close session 4983039568
================= post measurement finished
13:34:13 -- ******* Post Run Check *******
loading queue conditionals post_run_actions
loading system conditionals post_run_actions
loading conditionals from /Users/jan/PychronDev/setupfiles/spectrometer/default_conditionals.yaml
loading queue conditionals post_run_terminations
loading system conditionals post_run_terminations
loading conditionals from /Users/jan/PychronDev/setupfiles/spectrometer/default_conditionals.yaml
Checking default post run terminations n=1
GetDeflection CDD ===>> 50
testing CDD==2000
evaluate ot="CDD.deflection==2000" t="CDD==2000", ctx="{'CDD': 50.0}"
13:34:13 -- ******* Post Run Check Passed *******
13:34:13 -- Automated run a-01-J-5112 truncated duration: 358.443 s
----------------- finish -----------------
----------------- stop -----------------
retroactive repository identifiers disabled
finish run. runs completed=3
write rem/ex queues
/Users/jan/PychronDev/experiments/rem/CurrentExperiment.rem.txt
/Users/jan/PychronDev/experiments/rem/CurrentExperiment.ex.txt
doing event level: 3
